Log file open, 11/18/16 17:12:20
LogInit:Display: Running engine for game: TPSBuild_LJS
LogPlatformFile: Not using cached read wrapper
LogInit:Display: RandInit(-501244544) SRandInit(-501244544).
LogTaskGraph: Started task graph with 5 named threads and 8 total threads with 1 sets of task threads.
LogStats: Stats thread started at 0.088718
LogPluginManager: Loaded Plugin Paper2D, From C:/Program Files/Epic Games/4.13/Engine/Plugins/2D/Paper2D/Paper2D.uplugin
LogPluginManager: Loaded Plugin LightPropagationVolume, From C:/Program Files/Epic Games/4.13/Engine/Plugins/Blendables/LightPropagationVolume/LightPropagationVolume.uplugin
LogPluginManager: Loaded Plugin BlankPlugin, From C:/Program Files/Epic Games/4.13/Engine/Plugins/Developer/BlankPlugin/BlankPlugin.uplugin
LogPluginManager: Loaded Plugin CodeLiteSourceCodeAccess, From C:/Program Files/Epic Games/4.13/Engine/Plugins/Developer/CodeLiteSourceCodeAccess/CodeLiteSourceCodeAccess.uplugin
LogPluginManager: Loaded Plugin GitSourceControl, From C:/Program Files/Epic Games/4.13/Engine/Plugins/Developer/GitSourceControl/GitSourceControl.uplugin
LogPluginManager: Loaded Plugin KDevelopSourceCodeAccess, From C:/Program Files/Epic Games/4.13/Engine/Plugins/Developer/KDevelopSourceCodeAccess/KDevelopSourceCodeAccess.uplugin
LogPluginManager: Loaded Plugin NullSourceCodeAccess, From C:/Program Files/Epic Games/4.13/Engine/Plugins/Developer/NullSourceCodeAccess/NullSourceCodeAccess.uplugin
LogPluginManager: Loaded Plugin OneSkyLocalizationService, From C:/Program Files/Epic Games/4.13/Engine/Plugins/Developer/OneSkyLocalizationService/OneSkyLocalizationService.uplugin
LogPluginManager: Loaded Plugin PerforceSourceControl, From C:/Program Files/Epic Games/4.13/Engine/Plugins/Developer/PerforceSourceControl/PerforceSourceControl.uplugin
LogPluginManager: Loaded Plugin SubversionSourceControl, From C:/Program Files/Epic Games/4.13/Engine/Plugins/Developer/SubversionSourceControl/SubversionSourceControl.uplugin
LogPluginManager: Loaded Plugin UObjectPlugin, From C:/Program Files/Epic Games/4.13/Engine/Plugins/Developer/UObjectPlugin/UObjectPlugin.uplugin
LogPluginManager: Loaded Plugin VisualStudioSourceCodeAccess, From C:/Program Files/Epic Games/4.13/Engine/Plugins/Developer/VisualStudioSourceCodeAccess/VisualStudioSourceCodeAccess.uplugin
LogPluginManager: Loaded Plugin XCodeSourceCodeAccess, From C:/Program Files/Epic Games/4.13/Engine/Plugins/Developer/XCodeSourceCodeAccess/XCodeSourceCodeAccess.uplugin
LogPluginManager: Loaded Plugin EpicSurvey, From C:/Program Files/Epic Games/4.13/Engine/Plugins/Editor/EpicSurvey/EpicSurvey.uplugin
LogPluginManager: Loaded Plugin MacGraphicsSwitching, From C:/Program Files/Epic Games/4.13/Engine/Plugins/Editor/MacGraphicsSwitching/MacGraphicsSwitching.uplugin
LogPluginManager: Loaded Plugin MobileLauncherProfileWizard, From C:/Program Files/Epic Games/4.13/Engine/Plugins/Editor/MobileLauncherProfileWizard/MobileLauncherProfileWizard.uplugin
LogPluginManager: Loaded Plugin PluginBrowser, From C:/Program Files/Epic Games/4.13/Engine/Plugins/Editor/PluginBrowser/PluginBrowser.uplugin
LogPluginManager: Loaded Plugin SpeedTreeImporter, From C:/Program Files/Epic Games/4.13/Engine/Plugins/Editor/SpeedTreeImporter/SpeedTreeImporter.uplugin
LogPluginManager: Loaded Plugin SuperSearchEditor, From C:/Program Files/Epic Games/4.13/Engine/Plugins/Editor/SuperSearchEditor/SuperSearchEditor.uplugin
LogPluginManager: Loaded Plugin AlembicImporter, From C:/Program Files/Epic Games/4.13/Engine/Plugins/Experimental/AlembicImporter/AlembicImporter.uplugin
LogPluginManager: Loaded Plugin BlueprintStats, From C:/Program Files/Epic Games/4.13/Engine/Plugins/Experimental/BlueprintStats/BlueprintStats.uplugin
LogPluginManager: Loaded Plugin CharacterAI, From C:/Program Files/Epic Games/4.13/Engine/Plugins/Experimental/CharacterAI/CharacterAI.uplugin
LogPluginManager: Loaded Plugin CodeEditor, From C:/Program Files/Epic Games/4.13/Engine/Plugins/Experimental/CodeEditor/CodeEditor.uplugin
LogPluginManager: Loaded Plugin CodeView, From C:/Program Files/Epic Games/4.13/Engine/Plugins/Experimental/CodeView/CodeView.uplugin
LogPluginManager: Loaded Plugin HTML5Networking, From C:/Program Files/Epic Games/4.13/Engine/Plugins/Experimental/HTML5Networking/HTML5Networking.uplugin
LogPluginManager: Loaded Plugin LiveEditor, From C:/Program Files/Epic Games/4.13/Engine/Plugins/Experimental/LiveEditor/LiveEditor.uplugin
LogPluginManager: Loaded Plugin OSVR, From C:/Program Files/Epic Games/4.13/Engine/Plugins/Experimental/OSVR/OSVR.uplugin
LogPluginManager: Loaded Plugin Phya, From C:/Program Files/Epic Games/4.13/Engine/Plugins/Experimental/Phya/Phya.uplugin
LogPluginManager: Loaded Plugin SignificanceManager, From C:/Program Files/Epic Games/4.13/Engine/Plugins/Experimental/SignificanceManager/SignificanceManager.uplugin
LogPluginManager: Loaded Plugin SimpleHMD, From C:/Program Files/Epic Games/4.13/Engine/Plugins/Experimental/SimpleHMD/SimpleHMD.uplugin
LogPluginManager: Loaded Plugin StereoPanorama, From C:/Program Files/Epic Games/4.13/Engine/Plugins/Experimental/StereoPanorama/StereoPanorama.uplugin
LogPluginManager: Loaded Plugin StructBox, From C:/Program Files/Epic Games/4.13/Engine/Plugins/Experimental/StructBox/StructBox.uplugin
LogPluginManager: Loaded Plugin AndroidMedia, From C:/Program Files/Epic Games/4.13/Engine/Plugins/Media/AndroidMedia/AndroidMedia.uplugin
LogPluginManager: Loaded Plugin AvfMedia, From C:/Program Files/Epic Games/4.13/Engine/Plugins/Media/AvfMedia/AvfMedia.uplugin
LogPluginManager: Loaded Plugin MediaPlayerEditor, From C:/Program Files/Epic Games/4.13/Engine/Plugins/Media/MediaPlayerEditor/MediaPlayerEditor.uplugin
LogPluginManager: Loaded Plugin WmfMedia, From C:/Program Files/Epic Games/4.13/Engine/Plugins/Media/WmfMedia/WmfMedia.uplugin
LogPluginManager: Loaded Plugin MessagingDebugger, From C:/Program Files/Epic Games/4.13/Engine/Plugins/Messaging/MessagingDebugger/MessagingDebugger.uplugin
LogPluginManager: Loaded Plugin TcpMessaging, From C:/Program Files/Epic Games/4.13/Engine/Plugins/Messaging/TcpMessaging/TcpMessaging.uplugin
LogPluginManager: Loaded Plugin UdpMessaging, From C:/Program Files/Epic Games/4.13/Engine/Plugins/Messaging/UdpMessaging/UdpMessaging.uplugin
LogPluginManager: Loaded Plugin LevelSequenceEditor, From C:/Program Files/Epic Games/4.13/Engine/Plugins/MovieScene/LevelSequenceEditor/LevelSequenceEditor.uplugin
LogPluginManager: Loaded Plugin MatineeToLevelSequence, From C:/Program Files/Epic Games/4.13/Engine/Plugins/MovieScene/MatineeToLevelSequence/MatineeToLevelSequence.uplugin
LogPluginManager: Loaded Plugin NetcodeUnitTest, From C:/Program Files/Epic Games/4.13/Engine/Plugins/NetcodeUnitTest/NetcodeUnitTest/NetcodeUnitTest.uplugin
LogPluginManager: Loaded Plugin NUTUnrealEngine4, From C:/Program Files/Epic Games/4.13/Engine/Plugins/NetcodeUnitTest/NUTUnrealEngine4/NUTUnrealEngine4.uplugin
LogPluginManager: Loaded Plugin OnlineSubsystemGooglePlay, From C:/Program Files/Epic Games/4.13/Engine/Plugins/Online/Android/OnlineSubsystemGooglePlay/OnlineSubsystemGooglePlay.uplugin
LogPluginManager: Loaded Plugin OnlineSubsystemIOS, From C:/Program Files/Epic Games/4.13/Engine/Plugins/Online/IOS/OnlineSubsystemIOS/OnlineSubsystemIOS.uplugin
LogPluginManager: Loaded Plugin OnlineFramework, From C:/Program Files/Epic Games/4.13/Engine/Plugins/Online/OnlineFramework/OnlineFramework.uplugin
LogPluginManager: Loaded Plugin OnlineSubsystem, From C:/Program Files/Epic Games/4.13/Engine/Plugins/Online/OnlineSubsystem/OnlineSubsystem.uplugin
LogPluginManager: Loaded Plugin OnlineSubsystemAmazon, From C:/Program Files/Epic Games/4.13/Engine/Plugins/Online/OnlineSubsystemAmazon/OnlineSubsystemAmazon.uplugin
LogPluginManager: Loaded Plugin OnlineSubsystemFacebook, From C:/Program Files/Epic Games/4.13/Engine/Plugins/Online/OnlineSubsystemFacebook/OnlineSubsystemFacebook.uplugin
LogPluginManager: Loaded Plugin OnlineSubsystemNull, From C:/Program Files/Epic Games/4.13/Engine/Plugins/Online/OnlineSubsystemNull/OnlineSubsystemNull.uplugin
LogPluginManager: Loaded Plugin OnlineSubsystemOculus, From C:/Program Files/Epic Games/4.13/Engine/Plugins/Online/OnlineSubsystemOculus/OnlineSubsystemOculus.uplugin
LogPluginManager: Loaded Plugin OnlineSubsystemSteam, From C:/Program Files/Epic Games/4.13/Engine/Plugins/Online/OnlineSubsystemSteam/OnlineSubsystemSteam.uplugin
LogPluginManager: Loaded Plugin OnlineSubsystemUtils, From C:/Program Files/Epic Games/4.13/Engine/Plugins/Online/OnlineSubsystemUtils/OnlineSubsystemUtils.uplugin
LogPluginManager: Loaded Plugin IOSTapJoy, From C:/Program Files/Epic Games/4.13/Engine/Plugins/Runtime/Advertising/IOSTapJoy/IOSTapJoy.uplugin
LogPluginManager: Loaded Plugin AnalyticsBlueprintLibrary, From C:/Program Files/Epic Games/4.13/Engine/Plugins/Runtime/Analytics/AnalyticsBlueprintLibrary/AnalyticsBlueprintLibrary.uplugin
LogPluginManager: Loaded Plugin AnalyticsMulticast, From C:/Program Files/Epic Games/4.13/Engine/Plugins/Runtime/Analytics/AnalyticsMulticast/AnalyticsMulticast.uplugin
LogPluginManager: Loaded Plugin Apsalar, From C:/Program Files/Epic Games/4.13/Engine/Plugins/Runtime/Analytics/Apsalar/Apsalar.uplugin
LogPluginManager: Loaded Plugin FileLogging, From C:/Program Files/Epic Games/4.13/Engine/Plugins/Runtime/Analytics/FileLogging/FileLogging.uplugin
LogPluginManager: Loaded Plugin Flurry, From C:/Program Files/Epic Games/4.13/Engine/Plugins/Runtime/Analytics/Flurry/Flurry.uplugin
LogPluginManager: Loaded Plugin AndroidDeviceProfileSelector, From C:/Program Files/Epic Games/4.13/Engine/Plugins/Runtime/AndroidDeviceProfileSelector/AndroidDeviceProfileSelector.uplugin
LogPluginManager: Loaded Plugin AndroidMoviePlayer, From C:/Program Files/Epic Games/4.13/Engine/Plugins/Runtime/AndroidMoviePlayer/AndroidMoviePlayer.uplugin
LogPluginManager: Loaded Plugin AppleMoviePlayer, From C:/Program Files/Epic Games/4.13/Engine/Plugins/Runtime/AppleMoviePlayer/AppleMoviePlayer.uplugin
LogPluginManager: Loaded Plugin ArchVisCharacter, From C:/Program Files/Epic Games/4.13/Engine/Plugins/Runtime/ArchVisCharacter/ArchVisCharacter.uplugin
LogPluginManager: Loaded Plugin CableComponent, From C:/Program Files/Epic Games/4.13/Engine/Plugins/Runtime/CableComponent/CableComponent.uplugin
LogPluginManager: Loaded Plugin CustomMeshComponent, From C:/Program Files/Epic Games/4.13/Engine/Plugins/Runtime/CustomMeshComponent/CustomMeshComponent.uplugin
LogPluginManager: Loaded Plugin ExampleDeviceProfileSelector, From C:/Program Files/Epic Games/4.13/Engine/Plugins/Runtime/ExampleDeviceProfileSelector/ExampleDeviceProfileSelector.uplugin
LogPluginManager: Loaded Plugin GearVR, From C:/Program Files/Epic Games/4.13/Engine/Plugins/Runtime/GearVR/GearVR.uplugin
LogPluginManager: Loaded Plugin GoogleVRController, From C:/Program Files/Epic Games/4.13/Engine/Plugins/Runtime/GoogleVR/GoogleVRController/GoogleVRController.uplugin
LogPluginManager: Loaded Plugin GoogleVRHMD, From C:/Program Files/Epic Games/4.13/Engine/Plugins/Runtime/GoogleVR/GoogleVRHMD/GoogleVRHMD.uplugin
LogPluginManager: Loaded Plugin IOSDeviceProfileSelector, From C:/Program Files/Epic Games/4.13/Engine/Plugins/Runtime/IOSDeviceProfileSelector/IOSDeviceProfileSelector.uplugin
LogPluginManager: Loaded Plugin LeapMotion, From C:/Program Files/Epic Games/4.13/Engine/Plugins/Runtime/LeapMotion/LeapMotion.uplugin
LogPluginManager: Loaded Plugin LinuxDeviceProfileSelector, From C:/Program Files/Epic Games/4.13/Engine/Plugins/Runtime/LinuxDeviceProfileSelector/LinuxDeviceProfileSelector.uplugin
LogPluginManager: Loaded Plugin LiveEditorListenServer, From C:/Program Files/Epic Games/4.13/Engine/Plugins/Runtime/LiveEditorListenServer/LiveEditorListenServer.uplugin
LogPluginManager: Loaded Plugin OculusAudio, From C:/Program Files/Epic Games/4.13/Engine/Plugins/Runtime/OculusAudio/OculusAudio.uplugin
LogPluginManager: Loaded Plugin OculusInput, From C:/Program Files/Epic Games/4.13/Engine/Plugins/Runtime/OculusInput/OculusInput.uplugin
LogPluginManager: Loaded Plugin OculusLibrary, From C:/Program Files/Epic Games/4.13/Engine/Plugins/Runtime/OculusLibrary/OculusLibrary.uplugin
LogPluginManager: Loaded Plugin OculusRift, From C:/Program Files/Epic Games/4.13/Engine/Plugins/Runtime/OculusRift/OculusRift.uplugin
LogPluginManager: Loaded Plugin Oodle, From C:/Program Files/Epic Games/4.13/Engine/Plugins/Runtime/PacketHandlers/CompressionComponents/Oodle/Oodle.uplugin
LogPluginManager: Loaded Plugin ProceduralMeshComponent, From C:/Program Files/Epic Games/4.13/Engine/Plugins/Runtime/ProceduralMeshComponent/ProceduralMeshComponent.uplugin
LogPluginManager: Loaded Plugin SoundMod, From C:/Program Files/Epic Games/4.13/Engine/Plugins/Runtime/SoundMod/SoundMod.uplugin
LogPluginManager: Loaded Plugin SoundVisualizations, From C:/Program Files/Epic Games/4.13/Engine/Plugins/Runtime/SoundVisualizations/SoundVisualizations.uplugin
LogPluginManager: Loaded Plugin SteamController, From C:/Program Files/Epic Games/4.13/Engine/Plugins/Runtime/Steam/SteamController/SteamController.uplugin
LogPluginManager: Loaded Plugin SteamVR, From C:/Program Files/Epic Games/4.13/Engine/Plugins/Runtime/Steam/SteamVR/SteamVR.uplugin
LogPluginManager: Loaded Plugin WebBrowserWidget, From C:/Program Files/Epic Games/4.13/Engine/Plugins/Runtime/WebBrowserWidget/WebBrowserWidget.uplugin
LogPluginManager: Loaded Plugin WindowsDeviceProfileSelector, From C:/Program Files/Epic Games/4.13/Engine/Plugins/Runtime/WindowsDeviceProfileSelector/WindowsDeviceProfileSelector.uplugin
LogPluginManager: Loaded Plugin WindowsMoviePlayer, From C:/Program Files/Epic Games/4.13/Engine/Plugins/Runtime/WindowsMoviePlayer/WindowsMoviePlayer.uplugin
LogPluginManager: Loaded Plugin ScriptPlugin, From C:/Program Files/Epic Games/4.13/Engine/Plugins/ScriptPlugin/ScriptPlugin.uplugin
LogPluginManager: Loaded Plugin SlateRemote, From C:/Program Files/Epic Games/4.13/Engine/Plugins/Slate/SlateRemote/SlateRemote.uplugin
LogInit: Using libcurl 7.47.1
LogInit:  - built for x86_64-pc-win32
LogInit:  - supports SSL with WinSSL
LogInit:  - other features:
LogInit:      CURL_VERSION_SSL
LogInit:      CURL_VERSION_IPV6
LogInit:      CURL_VERSION_ASYNCHDNS
LogInit:      CURL_VERSION_LARGEFILE
LogInit:      CURL_VERSION_IDN
LogInit:  CurlRequestOptions (configurable via config and command line):
LogInit:  - bVerifyPeer = false  - Libcurl will NOT verify peer certificate
LogInit:  - bUseHttpProxy = false  - Libcurl will NOT use HTTP proxy
LogInit:  - bDontReuseConnections = false  - Libcurl will reuse connections
LogInit:  - CertBundlePath = nullptr  - Libcurl will use whatever was configured at build time.
LogInit: Build: ++UE4+Release-4.13-CL-3172292
LogInit: Engine Version: 4.13.2-3172292+++UE4+Release-4.13
LogInit: Compatible Engine Version: 4.13.0-3106830+++UE4+Release-4.13
LogInit: Net CL: 3172292
LogDevObjectVersion: Number of dev versions registered: 13
LogDevObjectVersion:   Dev-Blueprints (B0D832E4-1F89-4F0D-ACCF-7EB736FD4AA2): 5
LogDevObjectVersion:   Dev-Build (E1C64328-A22C-4D53-A36C-8E866417BD8C): 0
LogDevObjectVersion:   Dev-Core (375EC13C-06E4-48FB-B500-84F0262A717E): 1
LogDevObjectVersion:   Dev-Editor (E4B068ED-F494-42E9-A231-DA0B2E46BB41): 6
LogDevObjectVersion:   Dev-Framework (CFFC743F-43B0-4480-9391-14DF171D2073): 12
LogDevObjectVersion:   Dev-Mobile (B02B49B5-BB20-44E9-A304-32B752E40360): 0
LogDevObjectVersion:   Dev-Networking (A4E4105C-59A1-49B5-A7C5-40C4547EDFEE): 0
LogDevObjectVersion:   Dev-Online (39C831C9-5AE6-47DC-9A44-9C173E1C8E7C): 0
LogDevObjectVersion:   Dev-Physics (78F01B33-EBEA-4F98-B9B4-84EACCB95AA2): 0
LogDevObjectVersion:   Dev-Platform (6631380F-2D4D-43E0-8009-CF276956A95A): 0
LogDevObjectVersion:   Dev-Rendering (12F88B9F-8875-4AFC-A67C-D90C383ABD29): 4
LogDevObjectVersion:   Dev-Sequencer (7B5AE74C-D270-4C10-A958-57980B212A5A): 0
LogDevObjectVersion:   Dev-VR (D7296918-1DD6-4BDD-9DE2-64A83CC13884): 0
LogInit: Compiled (64-bit): Oct 24 2016 14:29:06
LogInit: Compiled with Visual C++: 19.00.23026.00
LogInit: Build Configuration: Development
LogInit: Branch Name: ++UE4+Release-4.13
LogInit: Command line:  
LogInit: Base directory: C:/Program Files/Epic Games/4.13/Engine/Binaries/Win64/
LogInit: Installed Engine Build: 1
LogInit: Presizing for max 8388607 objects, including 0 objects not considered by GC, pre-allocating 0 bytes for permanent pool.
LogInit: Object subsystem initialized
[2016.11.18-08.12.20:396][  0]LogInit: Selected Device Profile: [Windows]
[2016.11.18-08.12.20:396][  0]LogInit: Applying CVar settings loaded from the selected device profile: [Windows]
[2016.11.18-08.12.20:404][  0]LogInit: Computer: EMPRISE-PC1
[2016.11.18-08.12.20:404][  0]LogInit: User: emprise
[2016.11.18-08.12.20:404][  0]LogInit: CPU Page size=65536, Cores=4
[2016.11.18-08.12.20:404][  0]LogInit: High frequency timer resolution =3.515634 MHz
[2016.11.18-08.12.20:404][  0]LogMemory: Memory total: Physical=16.0GB (16GB approx)
[2016.11.18-08.12.20:404][  0]LogMemory: Platform Memory Stats for Windows
[2016.11.18-08.12.20:404][  0]LogMemory: Process Physical Memory: 258.30 MB used, 258.30 MB peak
[2016.11.18-08.12.20:404][  0]LogMemory: Process Virtual Memory: 262.58 MB used, 262.58 MB peak
[2016.11.18-08.12.20:404][  0]LogMemory: Physical Memory: 5833.54 MB used, 16334.92 MB total
[2016.11.18-08.12.20:404][  0]LogMemory: Virtual Memory: 594.27 MB used, 8388608.00 MB total
[2016.11.18-08.12.20:626][  0]LogInit: Overriding culture en w/ editor configuration.
[2016.11.18-08.12.21:632][  0]LogD3D11RHI: D3D11 adapters:
[2016.11.18-08.12.21:774][  0]LogD3D11RHI:    0. 'NVIDIA GeForce GTX 750' (Feature Level 11_0)
[2016.11.18-08.12.21:774][  0]LogD3D11RHI:       972/0/3072 MB DedicatedVideo/DedicatedSystem/SharedSystem, Outputs:2, VendorId:0x10de
[2016.11.18-08.12.21:774][  0]LogD3D11RHI: Chosen D3D11 Adapter: 0
[2016.11.18-08.12.21:784][  0]LogD3D11RHI: Creating new Direct3DDevice
[2016.11.18-08.12.21:784][  0]LogD3D11RHI:     GPU DeviceId: 0x1381 (for the marketing name, search the web for "GPU Device Id")
[2016.11.18-08.12.21:784][  0]LogWindows: EnumDisplayDevices:
[2016.11.18-08.12.21:785][  0]LogWindows:    0. 'NVIDIA GeForce GTX 750' (P:1 D:1)
[2016.11.18-08.12.21:785][  0]LogWindows:    1. 'NVIDIA GeForce GTX 750' (P:0 D:1)
[2016.11.18-08.12.21:785][  0]LogWindows:    2. 'NVIDIA GeForce GTX 750' (P:0 D:0)
[2016.11.18-08.12.21:786][  0]LogWindows:    3. 'NVIDIA GeForce GTX 750' (P:0 D:0)
[2016.11.18-08.12.21:786][  0]LogWindows:    4. 'RDPDD Chained DD' (P:0 D:0)
[2016.11.18-08.12.21:786][  0]LogWindows:    5. 'RDP Encoder Mirror Driver' (P:0 D:0)
[2016.11.18-08.12.21:787][  0]LogWindows:    6. 'RDP Reflector Display Driver' (P:0 D:0)
[2016.11.18-08.12.21:787][  0]LogWindows: DebugString: GetVideoDriverDetailsInvalid PrimaryIsNotTheChoosenAdapter GetVideoDriverDetailsInvalid PrimaryIsNotTheChoosenAdapter GetVideoDriverDetailsInvalid PrimaryIsNotTheChoosenAdapter FoundDriverCount:4 
[2016.11.18-08.12.21:787][  0]LogD3D11RHI:     Adapter Name: NVIDIA GeForce GTX 750
[2016.11.18-08.12.21:787][  0]LogD3D11RHI:   Driver Version: 368.81 (internal:10.18.13.6881, unified:368.81)
[2016.11.18-08.12.21:787][  0]LogD3D11RHI:      Driver Date: 7-10-2016
[2016.11.18-08.12.21:787][  0]LogRHI: Texture pool is 680 MB (70% of 972 MB)
[2016.11.18-08.12.21:925][  0]LogD3D11RHI: Async texture creation enabled
[2016.11.18-08.12.21:939][  0]LogD3D11RHI: GPU Timing Frequency: 1000.000000 (Debug: 2 2)
[2016.11.18-08.12.21:939][  0]LogShaderCompilers: Guid format shader working directory is -2 characters bigger than the processId version (D:/Wifun_작업문서 이정상/MyOwnUnrealProjects/TPSBuild_LJS/Intermediate/Shaders/WorkingDirectory/9288/).
[2016.11.18-08.12.21:939][  0]LogShaderCompilers: Cleaned the shader compiler working directory 'C:/Users/EMPRISE/AppData/Local/Temp/UnrealShaderWorkingDir/8D7A0447405A67DBD9A802B70F7BC625/'.
[2016.11.18-08.12.21:939][  0]LogShaderCompilers:Display: Using Local Shader Compiler.
[2016.11.18-08.12.24:171][  0]LogTemp:Display: Loaded TP AllDesktopTargetPlatform
[2016.11.18-08.12.24:183][  0]LogTemp:Display: Loaded TP WindowsClientTargetPlatform
[2016.11.18-08.12.24:195][  0]LogTemp:Display: Loaded TP WindowsNoEditorTargetPlatform
[2016.11.18-08.12.24:206][  0]LogTemp:Display: Loaded TP WindowsServerTargetPlatform
[2016.11.18-08.12.24:223][  0]LogTemp:Display: Loaded TP WindowsTargetPlatform
[2016.11.18-08.12.24:235][  0]LogTemp:Display: Loaded TP AndroidTargetPlatform
[2016.11.18-08.12.24:247][  0]LogTemp:Display: Loaded TP Android_ASTCTargetPlatform
[2016.11.18-08.12.24:259][  0]LogTemp:Display: Loaded TP Android_ATCTargetPlatform
[2016.11.18-08.12.24:273][  0]LogTemp:Display: Loaded TP Android_DXTTargetPlatform
[2016.11.18-08.12.24:285][  0]LogTemp:Display: Loaded TP Android_ETC1TargetPlatform
[2016.11.18-08.12.24:300][  0]LogTemp:Display: Loaded TP Android_ETC2TargetPlatform
[2016.11.18-08.12.24:327][  0]LogTemp:Display: Loaded TP Android_MultiTargetPlatform
[2016.11.18-08.12.24:327][  0]LogTemp:Display: Loaded TP Android_PVRTCTargetPlatform
[2016.11.18-08.12.24:333][  0]LogTemp:Display: Loaded TP HTML5TargetPlatform
[2016.11.18-08.12.24:374][  0]LogTemp:Display: Loaded TP IOSTargetPlatform
[2016.11.18-08.12.24:389][  0]LogTemp:Display: Loaded TP TVOSTargetPlatform
[2016.11.18-08.12.24:405][  0]LogTemp:Display: Loaded TP LinuxClientTargetPlatform
[2016.11.18-08.12.24:417][  0]LogTemp:Display: Loaded TP LinuxNoEditorTargetPlatform
[2016.11.18-08.12.24:432][  0]LogTemp:Display: Loaded TP LinuxServerTargetPlatform
[2016.11.18-08.12.24:446][  0]LogTemp:Display: Loaded TP LinuxTargetPlatform
[2016.11.18-08.12.24:446][  0]LogTargetPlatformManager:Display: Building Assets For Windows
[2016.11.18-08.12.24:778][  0]LogDerivedDataCache:Display: Max Cache Size: 512 MB
[2016.11.18-08.12.24:840][  0]LogDerivedDataCache: Loaded boot cache 0.06s 62MB C:/Users/EMPRISE/AppData/Local/UnrealEngine/4.13/DerivedDataCache/Boot.ddc.
[2016.11.18-08.12.24:840][  0]LogDerivedDataCache:Display: Loaded Boot cache: C:/Users/EMPRISE/AppData/Local/UnrealEngine/4.13/DerivedDataCache/Boot.ddc
[2016.11.18-08.12.24:840][  0]LogDerivedDataCache: FDerivedDataBackendGraph:  Pak pak cache file D:/Wifun_작업문서 이정상/MyOwnUnrealProjects/TPSBuild_LJS/DerivedDataCache/DDC.ddp not found, will not use a pak cache.
[2016.11.18-08.12.24:840][  0]LogDerivedDataCache: Unable to find inner node Pak for hierarchical cache Hierarchy.
[2016.11.18-08.12.24:841][  0]LogDerivedDataCache: FDerivedDataBackendGraph:  CompressedPak pak cache file D:/Wifun_작업문서 이정상/MyOwnUnrealProjects/TPSBuild_LJS/DerivedDataCache/Compressed.ddp not found, will not use a pak cache.
[2016.11.18-08.12.24:841][  0]LogDerivedDataCache: Unable to find inner node CompressedPak for hierarchical cache Hierarchy.
[2016.11.18-08.12.24:860][  0]LogDerivedDataCache:Display: Pak cache opened for reading ../../../Engine/DerivedDataCache/Compressed.ddp.
[2016.11.18-08.12.24:873][  0]LogDerivedDataCache: Using Local data cache path C:/Users/EMPRISE/AppData/Local/UnrealEngine/Common/DerivedDataCache: Writable
[2016.11.18-08.12.25:204][  0]LogInit: Selected Device Profile: [Windows]
[2016.11.18-08.12.25:204][  0]LogMaterial: Uniform references updated for custom material expression Custom.
[2016.11.18-08.12.25:207][  0]LogContentStreaming: Texture pool size is 0.00 MB
[2016.11.18-08.12.25:361][  0]LogMeshUtilities: No automatic mesh reduction module available
[2016.11.18-08.12.25:361][  0]LogMeshUtilities: No automatic mesh merging module available
[2016.11.18-08.12.25:361][  0]LogMeshUtilities: No distributed automatic mesh merging module available
[2016.11.18-08.12.25:675][  0]LogNetVersion: GetLocalNetworkVersion: CL: 3106830, ProjectName: tpsbuild_ljs, ProjectVersion: , EngineNetworkVersion: 1, GameNetworkVersion: 0, NetworkChecksum: 624537039
[2016.11.18-08.12.25:723][  0]LogAssetRegistry: FAssetRegistry took 0.0196 seconds to start up
[2016.11.18-08.12.25:745][  0]LogPackageLocalizationCache: Processed 3 localized package path(s) for 1 prioritized culture(s) in 0.015058 seconds
[2016.11.18-08.12.25:751][  0]LogUObjectArray: 29778 objects as part of root set at end of initial load.
[2016.11.18-08.12.25:751][  0]LogUObjectAllocator: 6125456 out of 0 bytes used by permanent object pool.
[2016.11.18-08.12.25:751][  0]LogUObjectArray: CloseDisregardForGC: 0/0 objects in disregard for GC pool
[2016.11.18-08.12.25:825][  0]LogInit: WinSock: version 1.1 (2.2), MaxSocks=32767, MaxUdp=65467
[2016.11.18-08.12.26:855][  0]LogSlate: SlateFontCache - WITH_FREETYPE: 1, WITH_HARFBUZZ: 1
[2016.11.18-08.12.26:855][  0]LogSlate: SlateFontCache - WITH_FREETYPE: 1, WITH_HARFBUZZ: 1
[2016.11.18-08.12.27:837][  0]LogTcpMessaging: Initializing TcpMessaging bridge
[2016.11.18-08.12.27:869][  0]LogUdpMessaging: Initializing bridge on interface 0.0.0.0:0 to multicast group 230.0.0.1:6666.
[2016.11.18-08.12.28:352][  0]SourceControl: Info Source control is disabled
[2016.11.18-08.12.28:877][  0]SourceControl: Info Source control is disabled
[2016.11.18-08.12.28:932][  0]SourceControl: Info Source control is disabled
[2016.11.18-08.12.28:960][  0]SourceControl: Info Source control is disabled
[2016.11.18-08.12.29:725][  0]LogEngine: Initializing Engine...
[2016.11.18-08.12.29:727][  0]LogHMD: Failed to initialize OpenVR with code 110
[2016.11.18-08.12.29:920][  0]LogAIModule: Creating AISystem for world Untitled
[2016.11.18-08.12.29:960][  0]LogInit: XAudio2 using '스피커(2- Realtek High Definition Audio)' : 2 channels at 48 kHz using 32 bits per sample (channel mask 0x3)
[2016.11.18-08.12.29:977][  0]LogInit: FAudioDevice initialized.
[2016.11.18-08.12.30:011][  0]LogDerivedDataCache: Saved boot cache 0.03s 62MB C:/Users/EMPRISE/AppData/Local/UnrealEngine/4.13/DerivedDataCache/Boot.ddc.
[2016.11.18-08.12.30:017][  0]LogInit: Texture streaming: Enabled
[2016.11.18-08.12.30:078][  0]LogInit: Transaction tracking system initialized
[2016.11.18-08.12.30:291][  0]BlueprintLog: New page: Editor Load
[2016.11.18-08.12.30:759][  0]LocalizationService: Info Localization service is disabled
[2016.11.18-08.12.31:008][  0]LogConsoleResponse:Display: 
[2016.11.18-08.12.31:117][  0]LogCook:Display: Max memory allowance for cook 16384mb min free memory 0mb
[2016.11.18-08.12.31:117][  0]LogCook:Display: Mobile HDR setting 1
[2016.11.18-08.12.31:172][  0]LogFileCache: Scanning file cache for directory 'D:/Wifun_작업문서 이정상/MyOwnUnrealProjects/TPSBuild_LJS/Content/' took 0.02s
[2016.11.18-08.12.31:536][  0]SourceControl: Info Source control is disabled
[2016.11.18-08.12.31:536][  0]Cmd: MAP LOAD FILE="D:/Wifun_작업문서 이정상/MyOwnUnrealProjects/TPSBuild_LJS/Content/ThirdPersonBP/Maps/ThirdPersonExampleMap.umap" TEMPLATE=0 SHOWPROGRESS=1 FEATURELEVEL=3
[2016.11.18-08.12.31:539][  0]LightingResults: New page: Lighting Build
[2016.11.18-08.12.31:549][  0]MapCheck: New page: Map Check
[2016.11.18-08.12.31:549][  0]LightingResults: New page: Lighting Build
[2016.11.18-08.12.31:939][  0]LogAIModule: Creating AISystem for world ThirdPersonExampleMap
[2016.11.18-08.12.31:948][  0]LogEditorServer: Finished looking for orphan Actors (0.000 secs)
[2016.11.18-08.12.31:948][  0]Cmd: MAP CHECKDEP NOCLEARLOG
[2016.11.18-08.12.32:040][  0]MapCheck: Info Map check complete: 0 Error(s), 0 Warning(s), took 91.757ms to complete.
[2016.11.18-08.12.32:040][  0]LogFileHelpers: Loading map 'ThirdPersonExampleMap' took 0.504
[2016.11.18-08.12.32:177][  0]LogCollectionManager: Loaded 0 collections in 0.001565 seconds
[2016.11.18-08.12.32:228][  0]LogFileCache: Scanning file cache for directory 'D:/Wifun_작업문서 이정상/MyOwnUnrealProjects/TPSBuild_LJS/Saved/Collections/' took 0.01s
[2016.11.18-08.12.32:228][  0]LogFileCache: Scanning file cache for directory 'D:/Wifun_작업문서 이정상/MyOwnUnrealProjects/TPSBuild_LJS/Content/Developers/emprise/Collections/' took 0.01s
[2016.11.18-08.12.32:228][  0]LogFileCache: Scanning file cache for directory 'D:/Wifun_작업문서 이정상/MyOwnUnrealProjects/TPSBuild_LJS/Content/Collections/' took 0.01s
[2016.11.18-08.12.32:228][  0]LogCollectionManager: Rebuilt the GUID cache for 0 collections in 0.000002 seconds
[2016.11.18-08.12.32:235][  0]LogContentBrowser: Native class hierarchy populated in 0.0073 seconds. Added 2141 classes and 415 folders.
[2016.11.18-08.12.32:245][  0]LogStats: UGameplayTagsManager::ConstructGameplayTagTree: Construct from data asset -  0.000 s
[2016.11.18-08.12.32:245][  0]LogStats: UGameplayTagsManager::ConstructGameplayTagTree: GameplayTagTreeChangedEvent.Broadcast -  0.000 s
[2016.11.18-08.12.32:246][  0]LogContentBrowser: Native class hierarchy updated for 'GameplayTags' in 0.0007 seconds. Added 12 classes and 0 folders.
[2016.11.18-08.12.32:262][  0]LogContentBrowser: Native class hierarchy updated for 'WidgetCarousel' in 0.0007 seconds. Added 0 classes and 0 folders.
[2016.11.18-08.12.32:351][  0]LogContentBrowser: Native class hierarchy updated for 'AddContentDialog' in 0.0007 seconds. Added 0 classes and 0 folders.
[2016.11.18-08.12.32:373][  0]LogContentBrowser: Native class hierarchy updated for 'SceneOutliner' in 0.0008 seconds. Added 1 classes and 2 folders.
[2016.11.18-08.12.32:444][  0]LogCrashTracker: Crashtracker disabled due to settings.
[2016.11.18-08.12.32:448][  0]LogUObjectGlobals:Warning: Failed to find object 'Class None.'
[2016.11.18-08.12.32:485][  0]LogContentBrowser: Native class hierarchy updated for 'HierarchicalLODOutliner' in 0.0007 seconds. Added 1 classes and 2 folders.
[2016.11.18-08.12.32:486][  0]LogLoad: (Engine Initialization) Total time: 13.99 seconds
[2016.11.18-08.12.32:486][  0]LogLoad: (Engine Initialization) Total Blueprint compile time: 0.12 seconds
[2016.11.18-08.12.32:486][  0]LogExternalProfiler: Found external profiler: VSPerf
[2016.11.18-08.12.32:486][  0]LogExternalProfiler: Using external profiler: VSPerf
[2016.11.18-08.12.32:499][  0]LogOcInput: OculusInput pre-init called
[2016.11.18-08.12.32:520][  0]LogContentStreaming: Texture pool size now 1000 MB
[2016.11.18-08.12.32:671][  0]LogRenderer: Reallocating scene render targets to support 1196x652 (Frame:2).
[2016.11.18-08.12.32:722][  1]LogAssetRegistry: Asset discovery search completed in 7.0191 seconds
[2016.11.18-08.12.32:722][  1]LogCollectionManager: Rebuilt the object cache for 0 collections in 0.000001 seconds (found 0 objects)
[2016.11.18-08.12.32:722][  1]LogCollectionManager: Fixed up redirectors for 0 collections in 0.000018 seconds (updated 0 objects)
[2016.11.18-08.12.39:038][265]LogContentBrowser: Native class hierarchy updated for 'BlueprintGraph' in 0.0014 seconds. Added 112 classes and 0 folders.
[2016.11.18-08.12.39:870][265]LogSkeletalMesh: InitArticulated: Bodies already created (/Engine/Transient.DebugSkelMeshComponent_0) - call TermArticulated first.
[2016.11.18-08.12.40:167][265]LogActorComponent: RegisterComponentWithWorld: (/Engine/Transient.DebugSkelMeshComponent_0) Already registered. Aborting.
[2016.11.18-08.12.40:431][265]LogRenderer: Reallocating scene render targets to support 1196x1040 (Frame:277).
[2016.11.18-08.20.11:512][  4]BlueprintLog: New page: Compile ThirdPerson_AnimBP
[2016.11.18-08.20.12:196][ 42]Cmd: OBJ SAVEPACKAGE PACKAGE="/Game/Mannequin/Animations/ThirdPerson_AnimBP" FILE="D:/Wifun_작업문서 이정상/MyOwnUnrealProjects/TPSBuild_LJS/Content/Mannequin/Animations/ThirdPerson_AnimBP.uasset" SILENT=true
[2016.11.18-08.20.12:233][ 42]LogSavePackage: Save=32.59ms
[2016.11.18-08.20.12:233][ 42]LogSavePackage: Moving 'D:/Wifun_작업문서 이정상/MyOwnUnrealProjects/TPSBuild_LJS/Saved/ThirdPerson_AnimBP13D4B2A347EE5E6E4DC37D91FAF699E7.tmp' to 'D:/Wifun_작업문서 이정상/MyOwnUnrealProjects/TPSBuild_LJS/Content/Mannequin/Animations/ThirdPerson_AnimBP.uasset'
[2016.11.18-08.20.12:237][ 42]LogSavePackage:Display: Finished SavePackage D:/Wifun_작업문서 이정상/MyOwnUnrealProjects/TPSBuild_LJS/Content/Mannequin/Animations/ThirdPerson_AnimBP.uasset
[2016.11.18-08.20.32:825][ 63]BlueprintLog: New page: Compile ThirdPerson_AnimBP
[2016.11.18-08.20.33:330][ 97]Cmd: OBJ SAVEPACKAGE PACKAGE="/Game/Mannequin/Animations/ThirdPerson_AnimBP" FILE="D:/Wifun_작업문서 이정상/MyOwnUnrealProjects/TPSBuild_LJS/Content/Mannequin/Animations/ThirdPerson_AnimBP.uasset" SILENT=true
[2016.11.18-08.20.33:365][ 97]LogSavePackage: Save=32.17ms
[2016.11.18-08.20.33:365][ 97]LogSavePackage: Moving 'D:/Wifun_작업문서 이정상/MyOwnUnrealProjects/TPSBuild_LJS/Saved/ThirdPerson_AnimBPC9952D1D452B2D5F62DE0BADA7C59958.tmp' to 'D:/Wifun_작업문서 이정상/MyOwnUnrealProjects/TPSBuild_LJS/Content/Mannequin/Animations/ThirdPerson_AnimBP.uasset'
[2016.11.18-08.20.33:369][ 97]LogSavePackage:Display: Finished SavePackage D:/Wifun_작업문서 이정상/MyOwnUnrealProjects/TPSBuild_LJS/Content/Mannequin/Animations/ThirdPerson_AnimBP.uasset
[2016.11.18-08.20.44:420][191]LogContentBrowser:Verbose: The majority of assets in the view are of type: AnimSequence
[2016.11.18-08.25.32:269][799]LogFileHelpers: Editor autosave (incl. sublevels) for '/Game/ThirdPersonBP/Maps/ThirdPersonExampleMap' took 0.021
[2016.11.18-08.25.32:272][799]OBJ SavePackage: Generating thumbnails for [1] asset(s) in package [/Game/Mannequin/Animations/ThirdPerson_AnimBP] ([1] browsable assets)...
[2016.11.18-08.25.32:331][799]OBJ SavePackage:     Rendered thumbnail for [AnimBlueprint /Game/Mannequin/Animations/ThirdPerson_AnimBP.ThirdPerson_AnimBP]
[2016.11.18-08.25.32:331][799]OBJ SavePackage: Finished generating thumbnails for package [/Game/Mannequin/Animations/ThirdPerson_AnimBP]
[2016.11.18-08.25.32:372][799]LogSavePackage: Save=36.41ms
[2016.11.18-08.25.32:372][799]LogSavePackage: Moving 'D:/Wifun_작업문서 이정상/MyOwnUnrealProjects/TPSBuild_LJS/Saved/ThirdPerson_AnimBP_Auto1FF4FE6754BF450DFD559CBA564853C21.tmp' to 'D:/Wifun_작업문서 이정상/MyOwnUnrealProjects/TPSBuild_LJS/Saved/Autosaves/Game/Mannequin/Animations/ThirdPerson_AnimBP_Auto1.uasset'
[2016.11.18-08.25.32:374][799]LogSavePackage:Display: Finished SavePackage D:/Wifun_작업문서 이정상/MyOwnUnrealProjects/TPSBuild_LJS/Saved/Autosaves/Game/Mannequin/Animations/ThirdPerson_AnimBP_Auto1.uasset
[2016.11.18-08.25.32:374][799]LogFileHelpers: Auto-saving content packages took 0.105
[2016.11.18-08.54.05:886][451]LogAnimationCompression: Building Anim DDC data for AnimSequence /Game/AnimStarterPack/Idle_Rifle_Ironsights.Idle_Rifle_Ironsights
[2016.11.18-08.54.06:332][451]LogTexture:Display: Building textures: T_ML_Rubber_Blue_01_D (DXT1)
[2016.11.18-08.54.06:454][451]LogTexture:Display: Building textures: T_ML_Rubber_Blue_01_N (BC5)
[2016.11.18-08.54.06:489][451]LogTexture:Display: Building textures: T_ML_Aluminum01 (DXT1)
[2016.11.18-08.54.06:582][451]LogTexture:Display: Building textures: T_ML_Aluminum01_N (BC5)
[2016.11.18-08.54.06:621][451]LogTexture:Display: Building textures: UE4_Mannequin_MAT_MASKA (AutoDXT)
[2016.11.18-08.54.06:941][451]LogTexture:Display: Building textures: UE4_Mannequin__normals (BC5)
[2016.11.18-08.54.07:300][451]LogTexture:Display: Building textures: UE4_Mannequin_occlusion_Mobile (DXT1)
[2016.11.18-08.54.07:380][451]LogMaterial: Missing cached shader map for material M_UE4Man_Body, compiling. 
[2016.11.18-08.54.07:481][451]LogTexture:Display: Building textures: UE4Man_Logo_N (BC5)
[2016.11.18-08.54.07:510][451]LogMaterial: Missing cached shader map for material M_UE4Man_Body, compiling. 
[2016.11.18-08.54.07:618][451]LogSkeletalMesh: InitArticulated: Bodies already created (/Engine/Transient.DebugSkelMeshComponent_3) - call TermArticulated first.
[2016.11.18-08.54.08:196][451]LogContentBrowser:Verbose: The majority of assets in the view are of type: AnimSequence
[2016.11.18-08.55.03:326][249]LogMaterial: Missing cached shader map for material Material_0, compiling. 
[2016.11.18-08.55.03:446][250]LogMaterial: Missing cached shader map for material Material_1, compiling. 
[2016.11.18-08.55.03:498][251]LogMaterial: Missing cached shader map for material Material_2, compiling. 
[2016.11.18-08.55.03:550][252]LogMaterial: Missing cached shader map for material Material_3, compiling. 
[2016.11.18-08.55.52:405][769]LogActorComponent: RegisterComponentWithWorld: (/Engine/Transient.DebugSkelMeshComponent_0) Already registered. Aborting.
[2016.11.18-08.57.51:055][930]LogAnimationCompression: Building Anim DDC data for AnimSequence /Game/AnimStarterPack/Aim_Space_Hip.Aim_Space_Hip
[2016.11.18-08.57.51:171][930]LogSkeletalMesh: InitArticulated: Bodies already created (/Engine/Transient.DebugSkelMeshComponent_8) - call TermArticulated first.
[2016.11.18-08.57.51:653][930]LogContentBrowser:Verbose: The majority of assets in the view are of type: AnimSequence
[2016.11.18-08.58.50:061][585]LogAnimationCompression: Building Anim DDC data for AnimSequence /Game/Idle_Rifle_Ironsights.Idle_Rifle_Ironsights
[2016.11.18-08.58.50:070][585]LogAnimationCompression: Building Anim DDC data for AnimSequence /Game/Idle_Rifle_Ironsights.Idle_Rifle_Ironsights
[2016.11.18-08.59.30:457][298]Cmd: OBJ SAVEPACKAGE PACKAGE="/Game/Mannequin/Idle_Rifle_Ironsights" FILE="D:/Wifun_작업문서 이정상/MyOwnUnrealProjects/TPSBuild_LJS/Content/Mannequin/Idle_Rifle_Ironsights.uasset" SILENT=true
[2016.11.18-08.59.30:469][298]LogSavePackage: Save=10.44ms
[2016.11.18-08.59.30:469][298]LogSavePackage: Moving 'D:/Wifun_작업문서 이정상/MyOwnUnrealProjects/TPSBuild_LJS/Saved/Idle_Rifle_IronsightsE41323FA4F588472411F58825DEF7768.tmp' to 'D:/Wifun_작업문서 이정상/MyOwnUnrealProjects/TPSBuild_LJS/Content/Mannequin/Idle_Rifle_Ironsights.uasset'
[2016.11.18-08.59.30:472][298]LogSavePackage:Display: Finished SavePackage D:/Wifun_작업문서 이정상/MyOwnUnrealProjects/TPSBuild_LJS/Content/Mannequin/Idle_Rifle_Ironsights.uasset
[2016.11.18-08.59.33:558][575]LogSavePackage: Save=10.43ms
[2016.11.18-08.59.33:558][575]LogSavePackage: Moving 'D:/Wifun_작업문서 이정상/MyOwnUnrealProjects/TPSBuild_LJS/Saved/Idle_Rifle_Ironsights8FC1C04D4AC872E3E03F66AE8B88819E.tmp' to 'D:/Wifun_작업문서 이정상/MyOwnUnrealProjects/TPSBuild_LJS/Content/Mannequin/Character/Idle_Rifle_Ironsights.uasset'
[2016.11.18-08.59.33:561][575]LogSavePackage:Display: Finished SavePackage D:/Wifun_작업문서 이정상/MyOwnUnrealProjects/TPSBuild_LJS/Content/Mannequin/Character/Idle_Rifle_Ironsights.uasset
[2016.11.18-08.59.45:656][118]LogContentBrowser:Verbose: The majority of assets in the view are of type: AnimSequence
[2016.11.18-09.06.22:393][632]BlueprintLog: New page: Compile ThirdPerson_AnimBP
[2016.11.18-09.06.23:946][737]Cmd: OBJ SAVEPACKAGE PACKAGE="/Game/Mannequin/Animations/ThirdPerson_AnimBP" FILE="D:/Wifun_작업문서 이정상/MyOwnUnrealProjects/TPSBuild_LJS/Content/Mannequin/Animations/ThirdPerson_AnimBP.uasset" SILENT=true
[2016.11.18-09.06.23:995][737]LogSavePackage: Save=44.24ms
[2016.11.18-09.06.23:995][737]LogSavePackage: Moving 'D:/Wifun_작업문서 이정상/MyOwnUnrealProjects/TPSBuild_LJS/Saved/ThirdPerson_AnimBPCACAAA7D45C567EB3280A7AAB2118CB0.tmp' to 'D:/Wifun_작업문서 이정상/MyOwnUnrealProjects/TPSBuild_LJS/Content/Mannequin/Animations/ThirdPerson_AnimBP.uasset'
[2016.11.18-09.06.23:998][737]LogSavePackage:Display: Finished SavePackage D:/Wifun_작업문서 이정상/MyOwnUnrealProjects/TPSBuild_LJS/Content/Mannequin/Animations/ThirdPerson_AnimBP.uasset
[2016.11.18-09.07.32:806][456]BlueprintLog: New page: Compile ThirdPerson_AnimBP
[2016.11.18-09.07.33:375][485]Cmd: OBJ SAVEPACKAGE PACKAGE="/Game/Mannequin/Animations/ThirdPerson_AnimBP" FILE="D:/Wifun_작업문서 이정상/MyOwnUnrealProjects/TPSBuild_LJS/Content/Mannequin/Animations/ThirdPerson_AnimBP.uasset" SILENT=true
[2016.11.18-09.07.33:419][485]LogSavePackage: Save=41.17ms
[2016.11.18-09.07.33:419][485]LogSavePackage: Moving 'D:/Wifun_작업문서 이정상/MyOwnUnrealProjects/TPSBuild_LJS/Saved/ThirdPerson_AnimBP5B54347C495424916C86DEAEFA736E0B.tmp' to 'D:/Wifun_작업문서 이정상/MyOwnUnrealProjects/TPSBuild_LJS/Content/Mannequin/Animations/ThirdPerson_AnimBP.uasset'
[2016.11.18-09.07.33:422][485]LogSavePackage:Display: Finished SavePackage D:/Wifun_작업문서 이정상/MyOwnUnrealProjects/TPSBuild_LJS/Content/Mannequin/Animations/ThirdPerson_AnimBP.uasset
[2016.11.18-09.07.56:325][553]LogBlueprintUserMessages: Early PlayInEditor Detection: Level '/Game/ThirdPersonBP/Maps/ThirdPersonExampleMap.ThirdPersonExampleMap:PersistentLevel' has LevelScriptBlueprint '/Game/ThirdPersonBP/Maps/ThirdPersonExampleMap.ThirdPersonExampleMap:PersistentLevel.ThirdPersonExampleMap' with GeneratedClass '/Game/ThirdPersonBP/Maps/ThirdPersonExampleMap.ThirdPersonExampleMap_C' with ClassGeneratedBy '/Game/ThirdPersonBP/Maps/ThirdPersonExampleMap.ThirdPersonExampleMap:PersistentLevel.ThirdPersonExampleMap'
[2016.11.18-09.07.56:325][553]LogPlayLevel: PlayLevel: No blueprints needed recompiling
[2016.11.18-09.07.56:327][553]PIE: New page: PIE session: ThirdPersonExampleMap (Nov 19, 2016, 3:07:56 AM)
[2016.11.18-09.07.56:327][553]LogPlayLevel: Creating play world package: /Game/ThirdPersonBP/Maps/UEDPIE_0_ThirdPersonExampleMap
[2016.11.18-09.07.56:344][553]LogPlayLevel: PIE: StaticDuplicateObject took: (0.016894s)
[2016.11.18-09.07.56:346][553]LogAIModule: Creating AISystem for world ThirdPersonExampleMap
[2016.11.18-09.07.56:346][553]LogPlayLevel: PIE: World Init took: (0.001120s)
[2016.11.18-09.07.56:347][553]LogPlayLevel: PIE: Created PIE world by copying editor world from /Game/ThirdPersonBP/Maps/ThirdPersonExampleMap.ThirdPersonExampleMap to /Game/ThirdPersonBP/Maps/UEDPIE_0_ThirdPersonExampleMap.ThirdPersonExampleMap (0.019156s)
[2016.11.18-09.07.56:369][553]LogInit: XAudio2 using '스피커(2- Realtek High Definition Audio)' : 2 channels at 48 kHz using 32 bits per sample (channel mask 0x3)
[2016.11.18-09.07.56:380][553]LogInit: FAudioDevice initialized.
[2016.11.18-09.07.56:455][553]LogWorld: Game class is 'ThirdPersonGameMode_C'
[2016.11.18-09.07.56:458][553]LogWorld: Bringing World /Game/ThirdPersonBP/Maps/UEDPIE_0_ThirdPersonExampleMap.ThirdPersonExampleMap up for play (max tick rate 0) at 2016.11.18-18.07.56
[2016.11.18-09.07.56:458][553]LogWorld: Bringing up level for play took: 0.002410
[2016.11.18-09.07.56:473][553]LogContentBrowser: Native class hierarchy updated for 'MovieSceneCapture' in 0.0008 seconds. Added 11 classes and 0 folders.
[2016.11.18-09.07.56:473][553]LogGameMode:Display: Match State Changed from EnteringMap to WaitingToStart
[2016.11.18-09.07.56:473][553]LogGameState: Match State Changed from EnteringMap to WaitingToStart
[2016.11.18-09.07.56:473][553]LogGameMode:Display: Match State Changed from WaitingToStart to InProgress
[2016.11.18-09.07.56:474][553]LogGameState: Match State Changed from WaitingToStart to InProgress
[2016.11.18-09.07.56:478][553]PIE: Info Play in editor start time for /Game/ThirdPersonBP/Maps/UEDPIE_0_ThirdPersonExampleMap 0.581
[2016.11.18-09.07.56:479][553]LogBlueprintUserMessages: Late PlayInEditor Detection: Level '/Game/ThirdPersonBP/Maps/ThirdPersonExampleMap.ThirdPersonExampleMap:PersistentLevel' has LevelScriptBlueprint '/Game/ThirdPersonBP/Maps/ThirdPersonExampleMap.ThirdPersonExampleMap:PersistentLevel.ThirdPersonExampleMap' with GeneratedClass '/Game/ThirdPersonBP/Maps/ThirdPersonExampleMap.ThirdPersonExampleMap_C' with ClassGeneratedBy '/Game/ThirdPersonBP/Maps/ThirdPersonExampleMap.ThirdPersonExampleMap:PersistentLevel.ThirdPersonExampleMap'
[2016.11.18-09.07.56:566][553]LogRenderer: Reallocating scene render targets to support 1292x1040 (Frame:178706).
[2016.11.18-09.08.11:621][612]LogBlueprintUserMessages: Early EndPlayMap Detection: Level '/Game/ThirdPersonBP/Maps/ThirdPersonExampleMap.ThirdPersonExampleMap:PersistentLevel' has LevelScriptBlueprint '/Game/ThirdPersonBP/Maps/ThirdPersonExampleMap.ThirdPersonExampleMap:PersistentLevel.ThirdPersonExampleMap' with GeneratedClass '/Game/ThirdPersonBP/Maps/ThirdPersonExampleMap.ThirdPersonExampleMap_C' with ClassGeneratedBy '/Game/ThirdPersonBP/Maps/ThirdPersonExampleMap.ThirdPersonExampleMap:PersistentLevel.ThirdPersonExampleMap'
[2016.11.18-09.08.11:681][612]LogBlueprintUserMessages: Late EndPlayMap Detection: Level '/Game/ThirdPersonBP/Maps/ThirdPersonExampleMap.ThirdPersonExampleMap:PersistentLevel' has LevelScriptBlueprint '/Game/ThirdPersonBP/Maps/ThirdPersonExampleMap.ThirdPersonExampleMap:PersistentLevel.ThirdPersonExampleMap' with GeneratedClass '/Game/ThirdPersonBP/Maps/ThirdPersonExampleMap.ThirdPersonExampleMap_C' with ClassGeneratedBy '/Game/ThirdPersonBP/Maps/ThirdPersonExampleMap.ThirdPersonExampleMap:PersistentLevel.ThirdPersonExampleMap'
[2016.11.18-09.09.08:491][454]BlueprintLog: New page: Compile ThirdPerson_AnimBP
[2016.11.18-09.09.10:036][565]LogBlueprintUserMessages: Early PlayInEditor Detection: Level '/Game/ThirdPersonBP/Maps/ThirdPersonExampleMap.ThirdPersonExampleMap:PersistentLevel' has LevelScriptBlueprint '/Game/ThirdPersonBP/Maps/ThirdPersonExampleMap.ThirdPersonExampleMap:PersistentLevel.ThirdPersonExampleMap' with GeneratedClass '/Game/ThirdPersonBP/Maps/ThirdPersonExampleMap.ThirdPersonExampleMap_C' with ClassGeneratedBy '/Game/ThirdPersonBP/Maps/ThirdPersonExampleMap.ThirdPersonExampleMap:PersistentLevel.ThirdPersonExampleMap'
[2016.11.18-09.09.10:036][565]LogPlayLevel: PlayLevel: No blueprints needed recompiling
[2016.11.18-09.09.10:036][565]PIE: New page: PIE session: ThirdPersonExampleMap (Nov 19, 2016, 3:09:10 AM)
[2016.11.18-09.09.10:037][565]LogPlayLevel: Creating play world package: /Game/ThirdPersonBP/Maps/UEDPIE_0_ThirdPersonExampleMap
[2016.11.18-09.09.10:053][565]LogPlayLevel: PIE: StaticDuplicateObject took: (0.016788s)
[2016.11.18-09.09.10:054][565]LogAIModule: Creating AISystem for world ThirdPersonExampleMap
[2016.11.18-09.09.10:054][565]LogPlayLevel: PIE: World Init took: (0.001005s)
[2016.11.18-09.09.10:055][565]LogPlayLevel: PIE: Created PIE world by copying editor world from /Game/ThirdPersonBP/Maps/ThirdPersonExampleMap.ThirdPersonExampleMap to /Game/ThirdPersonBP/Maps/UEDPIE_0_ThirdPersonExampleMap.ThirdPersonExampleMap (0.018039s)
[2016.11.18-09.09.10:078][565]LogInit: XAudio2 using '스피커(2- Realtek High Definition Audio)' : 2 channels at 48 kHz using 32 bits per sample (channel mask 0x3)
[2016.11.18-09.09.10:091][565]LogInit: FAudioDevice initialized.
[2016.11.18-09.09.10:143][565]LogWorld: Game class is 'ThirdPersonGameMode_C'
[2016.11.18-09.09.10:146][565]LogWorld: Bringing World /Game/ThirdPersonBP/Maps/UEDPIE_0_ThirdPersonExampleMap.ThirdPersonExampleMap up for play (max tick rate 0) at 2016.11.18-18.09.10
[2016.11.18-09.09.10:146][565]LogWorld: Bringing up level for play took: 0.002489
[2016.11.18-09.09.10:147][565]LogGameMode:Display: Match State Changed from EnteringMap to WaitingToStart
[2016.11.18-09.09.10:147][565]LogGameState: Match State Changed from EnteringMap to WaitingToStart
[2016.11.18-09.09.10:147][565]LogGameMode:Display: Match State Changed from WaitingToStart to InProgress
[2016.11.18-09.09.10:147][565]LogGameState: Match State Changed from WaitingToStart to InProgress
[2016.11.18-09.09.10:151][565]PIE: Info Play in editor start time for /Game/ThirdPersonBP/Maps/UEDPIE_0_ThirdPersonExampleMap 0.25
[2016.11.18-09.09.10:151][565]LogBlueprintUserMessages: Late PlayInEditor Detection: Level '/Game/ThirdPersonBP/Maps/ThirdPersonExampleMap.ThirdPersonExampleMap:PersistentLevel' has LevelScriptBlueprint '/Game/ThirdPersonBP/Maps/ThirdPersonExampleMap.ThirdPersonExampleMap:PersistentLevel.ThirdPersonExampleMap' with GeneratedClass '/Game/ThirdPersonBP/Maps/ThirdPersonExampleMap.ThirdPersonExampleMap_C' with ClassGeneratedBy '/Game/ThirdPersonBP/Maps/ThirdPersonExampleMap.ThirdPersonExampleMap:PersistentLevel.ThirdPersonExampleMap'
[2016.11.18-09.09.26:024][704]LogBlueprintUserMessages: Early EndPlayMap Detection: Level '/Game/ThirdPersonBP/Maps/ThirdPersonExampleMap.ThirdPersonExampleMap:PersistentLevel' has LevelScriptBlueprint '/Game/ThirdPersonBP/Maps/ThirdPersonExampleMap.ThirdPersonExampleMap:PersistentLevel.ThirdPersonExampleMap' with GeneratedClass '/Game/ThirdPersonBP/Maps/ThirdPersonExampleMap.ThirdPersonExampleMap_C' with ClassGeneratedBy '/Game/ThirdPersonBP/Maps/ThirdPersonExampleMap.ThirdPersonExampleMap:PersistentLevel.ThirdPersonExampleMap'
[2016.11.18-09.09.26:066][704]LogBlueprintUserMessages: Late EndPlayMap Detection: Level '/Game/ThirdPersonBP/Maps/ThirdPersonExampleMap.ThirdPersonExampleMap:PersistentLevel' has LevelScriptBlueprint '/Game/ThirdPersonBP/Maps/ThirdPersonExampleMap.ThirdPersonExampleMap:PersistentLevel.ThirdPersonExampleMap' with GeneratedClass '/Game/ThirdPersonBP/Maps/ThirdPersonExampleMap.ThirdPersonExampleMap_C' with ClassGeneratedBy '/Game/ThirdPersonBP/Maps/ThirdPersonExampleMap.ThirdPersonExampleMap:PersistentLevel.ThirdPersonExampleMap'
[2016.11.18-09.09.41:966][376]LogBlueprintUserMessages: Early PlayInEditor Detection: Level '/Game/ThirdPersonBP/Maps/ThirdPersonExampleMap.ThirdPersonExampleMap:PersistentLevel' has LevelScriptBlueprint '/Game/ThirdPersonBP/Maps/ThirdPersonExampleMap.ThirdPersonExampleMap:PersistentLevel.ThirdPersonExampleMap' with GeneratedClass '/Game/ThirdPersonBP/Maps/ThirdPersonExampleMap.ThirdPersonExampleMap_C' with ClassGeneratedBy '/Game/ThirdPersonBP/Maps/ThirdPersonExampleMap.ThirdPersonExampleMap:PersistentLevel.ThirdPersonExampleMap'
[2016.11.18-09.09.41:966][376]LogPlayLevel: PlayLevel: No blueprints needed recompiling
[2016.11.18-09.09.41:972][376]PIE: New page: PIE session: ThirdPersonExampleMap (Nov 19, 2016, 3:09:41 AM)
[2016.11.18-09.09.41:972][376]LogPlayLevel: Creating play world package: /Game/ThirdPersonBP/Maps/UEDPIE_1_ThirdPersonExampleMap
[2016.11.18-09.09.41:989][376]LogPlayLevel: PIE: StaticDuplicateObject took: (0.016157s)
[2016.11.18-09.09.41:989][376]LogAIModule: Creating AISystem for world ThirdPersonExampleMap
[2016.11.18-09.09.41:990][376]LogPlayLevel: PIE: World Init took: (0.000916s)
[2016.11.18-09.09.41:990][376]LogPlayLevel: PIE: Created PIE world by copying editor world from /Game/ThirdPersonBP/Maps/ThirdPersonExampleMap.ThirdPersonExampleMap to /Game/ThirdPersonBP/Maps/UEDPIE_1_ThirdPersonExampleMap.ThirdPersonExampleMap (0.017301s)
[2016.11.18-09.09.42:010][376]LogInit: XAudio2 using '스피커(2- Realtek High Definition Audio)' : 2 channels at 48 kHz using 32 bits per sample (channel mask 0x3)
[2016.11.18-09.09.42:019][376]LogInit: FAudioDevice initialized.
[2016.11.18-09.09.42:069][376]LogWorld: Game class is 'ThirdPersonGameMode_C'
[2016.11.18-09.09.42:073][376]LogWorld: Bringing World /Game/ThirdPersonBP/Maps/UEDPIE_1_ThirdPersonExampleMap.ThirdPersonExampleMap up for play (max tick rate 0) at 2016.11.18-18.09.42
[2016.11.18-09.09.42:074][376]LogWorld: Bringing up level for play took: 0.003393
[2016.11.18-09.09.42:075][376]LogInit: WinSock: Socket queue 131072 / 131072
[2016.11.18-09.09.42:088][376]LogInit: WinSock: I am emprise-PC1 (10.10.64.6:0)
[2016.11.18-09.09.42:088][376]PacketHandlerLog: Loaded PacketHandler component: Engine.EngineHandlerComponentFactory (StatelessConnectHandlerComponent)
[2016.11.18-09.09.42:088][376]LogNet: GameNetDriver IpNetDriver_0 IpNetDriver listening on port 7777
[2016.11.18-09.09.42:088][376]LogGameMode:Display: Match State Changed from EnteringMap to WaitingToStart
[2016.11.18-09.09.42:088][376]LogGameState: Match State Changed from EnteringMap to WaitingToStart
[2016.11.18-09.09.42:088][376]LogGameMode:Display: Match State Changed from WaitingToStart to InProgress
[2016.11.18-09.09.42:089][376]LogGameState: Match State Changed from WaitingToStart to InProgress
[2016.11.18-09.09.42:093][376]PIE: Info Play in editor start time for /Game/ThirdPersonBP/Maps/UEDPIE_1_ThirdPersonExampleMap 0.191
[2016.11.18-09.09.42:100][376]PIE: New page: PIE session: ThirdPersonExampleMap (Nov 19, 2016, 3:09:42 AM)
[2016.11.18-09.09.42:156][376]LogNet: Browse: 127.0.0.1//Game/ThirdPersonBP/Maps/ThirdPersonExampleMap
[2016.11.18-09.09.42:157][376]LogInit: WinSock: Socket queue 32768 / 32768
[2016.11.18-09.09.42:158][376]PacketHandlerLog: Loaded PacketHandler component: Engine.EngineHandlerComponentFactory (StatelessConnectHandlerComponent)
[2016.11.18-09.09.42:158][376]LogNet: Game client on port 7777, rate 10000
[2016.11.18-09.09.42:158][376]LogNetVersion: GetLocalNetworkVersion: CL: 3106830, ProjectName: tpsbuild_ljs, ProjectVersion: 1.0.0.0, EngineNetworkVersion: 1, GameNetworkVersion: 0, NetworkChecksum: 1681198476
[2016.11.18-09.09.42:158][376]LogNet: UPendingNetGame::InitNetDriver: Sending hello. [UNetConnection] RemoteAddr: 127.0.0.1:7777, Name: IpConnection_0, Driver: PendingNetDriver IpNetDriver_1, IsServer: NO, PC: NULL, Owner: NULL
[2016.11.18-09.09.42:162][376]PIE: Info Play in editor start time for /Game/ThirdPersonBP/Maps/ThirdPersonExampleMap 0.26
[2016.11.18-09.09.42:173][376]LogBlueprintUserMessages: Late PlayInEditor Detection: Level '/Game/ThirdPersonBP/Maps/ThirdPersonExampleMap.ThirdPersonExampleMap:PersistentLevel' has LevelScriptBlueprint '/Game/ThirdPersonBP/Maps/ThirdPersonExampleMap.ThirdPersonExampleMap:PersistentLevel.ThirdPersonExampleMap' with GeneratedClass '/Game/ThirdPersonBP/Maps/ThirdPersonExampleMap.ThirdPersonExampleMap_C' with ClassGeneratedBy '/Game/ThirdPersonBP/Maps/ThirdPersonExampleMap.ThirdPersonExampleMap:PersistentLevel.ThirdPersonExampleMap'
[2016.11.18-09.09.42:173][376]LogHandshake: SendConnectChallenge. Timestamp: 0.008435, Cookie: 112186051015006188206181111202235168112208159036014045029149
[2016.11.18-09.09.42:185][376]LogHandshake: SendChallengeResponse. Timestamp: 0.008435, Cookie: 112186051015006188206181111202235168112208159036014045029149
[2016.11.18-09.09.42:280][377]LogNet: Server accepting post-challenge connection from: 127.0.0.1:64868
[2016.11.18-09.09.42:280][377]PacketHandlerLog: Loaded PacketHandler component: Engine.EngineHandlerComponentFactory (StatelessConnectHandlerComponent)
[2016.11.18-09.09.42:280][377]LogNet: NotifyAcceptedConnection: Name: ThirdPersonExampleMap, TimeStamp: 11/18/16 18:09:42, [UNetConnection] RemoteAddr: 127.0.0.1:64868, Name: IpConnection_1, Driver: GameNetDriver IpNetDriver_0, IsServer: YES, PC: NULL, Owner: NULL
[2016.11.18-09.09.42:281][377]LogNet: AddClientConnection: Added client connection: [UNetConnection] RemoteAddr: 127.0.0.1:64868, Name: IpConnection_1, Driver: GameNetDriver IpNetDriver_0, IsServer: YES, PC: NULL, Owner: NULL
[2016.11.18-09.09.42:332][379]LogNet: NotifyAcceptingChannel Control 0 server World /Game/ThirdPersonBP/Maps/UEDPIE_1_ThirdPersonExampleMap.ThirdPersonExampleMap: Accepted
[2016.11.18-09.09.42:332][379]LogNet: Remote platform little endian=1
[2016.11.18-09.09.42:332][379]LogNet: This platform little endian=1
[2016.11.18-09.09.42:344][380]LogNet: Login request: /Game/ThirdPersonBP/Maps/ThirdPersonExampleMap userId: Invalid
[2016.11.18-09.09.42:345][380]LogNet: Welcomed by server (Level: /Game/ThirdPersonBP/Maps/UEDPIE_1_ThirdPersonExampleMap, Game: /Game/ThirdPersonBP/Blueprints/ThirdPersonGameMode.ThirdPersonGameMode_C)
[2016.11.18-09.09.42:346][380]LogLoad: LoadMap: 127.0.0.1//Game/ThirdPersonBP/Maps/UEDPIE_1_ThirdPersonExampleMap?game=/Game/ThirdPersonBP/Blueprints/ThirdPersonGameMode.ThirdPersonGameMode_C
[2016.11.18-09.09.42:371][380]Cmd: MEM
[2016.11.18-09.09.42:383][380]LogMemory: Platform Memory Stats for Windows
[2016.11.18-09.09.42:383][380]LogMemory: Process Physical Memory: 2226.41 MB used, 2631.93 MB peak
[2016.11.18-09.09.42:383][380]LogMemory: Process Virtual Memory: 2885.46 MB used, 3418.55 MB peak
[2016.11.18-09.09.42:383][380]LogMemory: Physical Memory: 8518.52 MB used, 16334.92 MB total
[2016.11.18-09.09.42:383][380]LogMemory: Virtual Memory: 3640.00 MB used, 8388608.00 MB total
[2016.11.18-09.09.42:383][380]LogMemory: 
[2016.11.18-09.09.42:383][380]Allocator Stats for TBB: (not implemented)
[2016.11.18-09.09.42:400][380]LogWorld: PIE: Copying PIE streaming level from /Game/ThirdPersonBP/Maps/ThirdPersonExampleMap.ThirdPersonExampleMap to /Game/ThirdPersonBP/Maps/UEDPIE_2_ThirdPersonExampleMap.ThirdPersonExampleMap. OwningWorld: <null>
[2016.11.18-09.09.42:401][380]LogAIModule: Creating AISystem for world ThirdPersonExampleMap
[2016.11.18-09.09.42:405][380]LogWorld: Bringing World /Game/ThirdPersonBP/Maps/UEDPIE_2_ThirdPersonExampleMap.ThirdPersonExampleMap up for play (max tick rate 0) at 2016.11.18-18.09.42
[2016.11.18-09.09.42:405][380]LogWorld: Bringing up level for play took: 0.002808
[2016.11.18-09.09.42:405][380]LogLoad: Took 0.059537 seconds to LoadMap(/Game/ThirdPersonBP/Maps/UEDPIE_1_ThirdPersonExampleMap)
[2016.11.18-09.09.42:429][381]LogNet: Client netspeed is 10000
[2016.11.18-09.09.42:429][381]LogNet: Join request: /Game/ThirdPersonBP/Maps/ThirdPersonExampleMap?SplitscreenCount=1
[2016.11.18-09.09.42:432][381]LogNet: Join succeeded: 259
[2016.11.18-09.11.02:974][409]LogBlueprintUserMessages: Early EndPlayMap Detection: Level '/Game/ThirdPersonBP/Maps/ThirdPersonExampleMap.ThirdPersonExampleMap:PersistentLevel' has LevelScriptBlueprint '/Game/ThirdPersonBP/Maps/ThirdPersonExampleMap.ThirdPersonExampleMap:PersistentLevel.ThirdPersonExampleMap' with GeneratedClass '/Game/ThirdPersonBP/Maps/ThirdPersonExampleMap.ThirdPersonExampleMap_C' with ClassGeneratedBy '/Game/ThirdPersonBP/Maps/ThirdPersonExampleMap.ThirdPersonExampleMap:PersistentLevel.ThirdPersonExampleMap'
[2016.11.18-09.11.03:069][409]LogBlueprintUserMessages: Late EndPlayMap Detection: Level '/Game/ThirdPersonBP/Maps/ThirdPersonExampleMap.ThirdPersonExampleMap:PersistentLevel' has LevelScriptBlueprint '/Game/ThirdPersonBP/Maps/ThirdPersonExampleMap.ThirdPersonExampleMap:PersistentLevel.ThirdPersonExampleMap' with GeneratedClass '/Game/ThirdPersonBP/Maps/ThirdPersonExampleMap.ThirdPersonExampleMap_C' with ClassGeneratedBy '/Game/ThirdPersonBP/Maps/ThirdPersonExampleMap.ThirdPersonExampleMap:PersistentLevel.ThirdPersonExampleMap'
[2016.11.18-09.11.03:081][409]LogNet: UChannel::CleanUp: ChIndex == 0. Closing connection. [UChannel] ChIndex: 0, Closing: 0 [UNetConnection] RemoteAddr: 127.0.0.1:64868, Name: IpConnection_1, Driver: GameNetDriver None, IsServer: YES, PC: PlayerController_1, Owner: PlayerController_1
[2016.11.18-09.11.03:081][409]LogNet: UNetConnection::Close: [UNetConnection] RemoteAddr: 127.0.0.1:64868, Name: IpConnection_1, Driver: GameNetDriver None, IsServer: YES, PC: PlayerController_1, Owner: PlayerController_1, Channels: 11, Time: 2016.11.18-09.11.03
[2016.11.18-09.11.03:081][409]LogNet: UChannel::Close: Sending CloseBunch. ChIndex == 0. Name: [UChannel] ChIndex: 0, Closing: 0 [UNetConnection] RemoteAddr: 127.0.0.1:64868, Name: IpConnection_1, Driver: GameNetDriver None, IsServer: YES, PC: PlayerController_1, Owner: PlayerController_1
[2016.11.18-09.11.03:081][409]LogNet: UChannel::CleanUp: ChIndex == 0. Closing connection. [UChannel] ChIndex: 0, Closing: 0 [UNetConnection] RemoteAddr: 127.0.0.1:7777, Name: IpConnection_0, Driver: GameNetDriver IpNetDriver_1, IsServer: NO, PC: PlayerController_1, Owner: PlayerController_1
[2016.11.18-09.11.03:081][409]LogNet: UNetConnection::Close: [UNetConnection] RemoteAddr: 127.0.0.1:7777, Name: IpConnection_0, Driver: GameNetDriver IpNetDriver_1, IsServer: NO, PC: PlayerController_1, Owner: PlayerController_1, Channels: 11, Time: 2016.11.18-09.11.03
[2016.11.18-09.11.03:081][409]LogNet: UChannel::Close: Sending CloseBunch. ChIndex == 0. Name: [UChannel] ChIndex: 0, Closing: 0 [UNetConnection] RemoteAddr: 127.0.0.1:7777, Name: IpConnection_0, Driver: GameNetDriver IpNetDriver_1, IsServer: NO, PC: PlayerController_1, Owner: PlayerController_1
[2016.11.18-09.11.03:082][409]LogExit: GameNetDriver None shut down
[2016.11.18-09.11.03:082][409]LogExit: GameNetDriver None shut down
[2016.11.18-09.11.26:938][777]LogSavePackage: Save=57.67ms
[2016.11.18-09.11.26:938][777]LogSavePackage: Moving 'D:/Wifun_작업문서 이정상/MyOwnUnrealProjects/TPSBuild_LJS/Saved/SK_Mannequin8B23CEB047E360D6588547ABC6219FD7.tmp' to 'D:/Wifun_작업문서 이정상/MyOwnUnrealProjects/TPSBuild_LJS/Content/AnimStarterPack/UE4_Mannequin/Mesh/SK_Mannequin.uasset'
[2016.11.18-09.11.26:959][777]LogSavePackage:Display: Finished SavePackage D:/Wifun_작업문서 이정상/MyOwnUnrealProjects/TPSBuild_LJS/Content/AnimStarterPack/UE4_Mannequin/Mesh/SK_Mannequin.uasset
[2016.11.18-09.11.26:973][777]LogSavePackage: Save=3.41ms
[2016.11.18-09.11.26:973][777]LogSavePackage: Moving 'D:/Wifun_작업문서 이정상/MyOwnUnrealProjects/TPSBuild_LJS/Saved/UE4_Mannequin_SkeletonF7A9E7D040BB27F2FACBC7A8398A946F.tmp' to 'D:/Wifun_작업문서 이정상/MyOwnUnrealProjects/TPSBuild_LJS/Content/AnimStarterPack/UE4_Mannequin/Mesh/UE4_Mannequin_Skeleton.uasset'
[2016.11.18-09.11.26:976][777]LogSavePackage:Display: Finished SavePackage D:/Wifun_작업문서 이정상/MyOwnUnrealProjects/TPSBuild_LJS/Content/AnimStarterPack/UE4_Mannequin/Mesh/UE4_Mannequin_Skeleton.uasset
[2016.11.18-09.11.26:980][777]Cmd: OBJ SAVEPACKAGE PACKAGE="/Game/Idle_Rifle_Ironsights" FILE="D:/Wifun_작업문서 이정상/MyOwnUnrealProjects/TPSBuild_LJS/Content/Idle_Rifle_Ironsights.uasset" SILENT=true
[2016.11.18-09.11.26:984][777]LogSavePackage: Save=1.53ms
[2016.11.18-09.11.26:984][777]LogSavePackage: Moving 'D:/Wifun_작업문서 이정상/MyOwnUnrealProjects/TPSBuild_LJS/Saved/Idle_Rifle_Ironsights45E347924523EEF0D24A19A573FA3410.tmp' to 'D:/Wifun_작업문서 이정상/MyOwnUnrealProjects/TPSBuild_LJS/Content/Idle_Rifle_Ironsights.uasset'
[2016.11.18-09.11.26:987][777]LogSavePackage:Display: Finished SavePackage D:/Wifun_작업문서 이정상/MyOwnUnrealProjects/TPSBuild_LJS/Content/Idle_Rifle_Ironsights.uasset
[2016.11.18-09.11.27:011][777]Cmd: OBJ SAVEPACKAGE PACKAGE="/Game/Mannequin/Animations/ThirdPerson_AnimBP" FILE="D:/Wifun_작업문서 이정상/MyOwnUnrealProjects/TPSBuild_LJS/Content/Mannequin/Animations/ThirdPerson_AnimBP.uasset" SILENT=true
[2016.11.18-09.11.27:057][777]LogSavePackage: Save=41.50ms
[2016.11.18-09.11.27:057][777]LogSavePackage: Moving 'D:/Wifun_작업문서 이정상/MyOwnUnrealProjects/TPSBuild_LJS/Saved/ThirdPerson_AnimBP4B639B414A4EC2D3B93CCD8685F3C7F7.tmp' to 'D:/Wifun_작업문서 이정상/MyOwnUnrealProjects/TPSBuild_LJS/Content/Mannequin/Animations/ThirdPerson_AnimBP.uasset'
[2016.11.18-09.11.27:061][777]LogSavePackage:Display: Finished SavePackage D:/Wifun_작업문서 이정상/MyOwnUnrealProjects/TPSBuild_LJS/Content/Mannequin/Animations/ThirdPerson_AnimBP.uasset
[2016.11.18-09.11.27:089][777]Cmd: OBJ SAVEPACKAGE PACKAGE="/Game/Mannequin/Character/Mesh/SK_Mannequin" FILE="D:/Wifun_작업문서 이정상/MyOwnUnrealProjects/TPSBuild_LJS/Content/Mannequin/Character/Mesh/SK_Mannequin.uasset" SILENT=true
[2016.11.18-09.11.27:139][777]LogSavePackage: Save=47.14ms
[2016.11.18-09.11.27:139][777]LogSavePackage: Moving 'D:/Wifun_작업문서 이정상/MyOwnUnrealProjects/TPSBuild_LJS/Saved/SK_Mannequin38036C134E9917CADBA36A8082C24568.tmp' to 'D:/Wifun_작업문서 이정상/MyOwnUnrealProjects/TPSBuild_LJS/Content/Mannequin/Character/Mesh/SK_Mannequin.uasset'
[2016.11.18-09.11.27:143][777]LogSavePackage:Display: Finished SavePackage D:/Wifun_작업문서 이정상/MyOwnUnrealProjects/TPSBuild_LJS/Content/Mannequin/Character/Mesh/SK_Mannequin.uasset
[2016.11.18-09.11.27:154][777]LogSavePackage: Save=3.22ms
[2016.11.18-09.11.27:154][777]LogSavePackage: Moving 'D:/Wifun_작업문서 이정상/MyOwnUnrealProjects/TPSBuild_LJS/Saved/UE4_Mannequin_SkeletonB2B1ADD04E5FE56822352AA92AF1650C.tmp' to 'D:/Wifun_작업문서 이정상/MyOwnUnrealProjects/TPSBuild_LJS/Content/Mannequin/Character/Mesh/UE4_Mannequin_Skeleton.uasset'
[2016.11.18-09.11.27:158][777]LogSavePackage:Display: Finished SavePackage D:/Wifun_작업문서 이정상/MyOwnUnrealProjects/TPSBuild_LJS/Content/Mannequin/Character/Mesh/UE4_Mannequin_Skeleton.uasset
[2016.11.18-09.11.27:524][778]Cmd: QUIT_EDITOR
[2016.11.18-09.11.28:100][778]LogExit: Preparing to exit.
[2016.11.18-09.11.29:293][778]LogExit: Editor shut down
[2016.11.18-09.11.29:293][778]LogExit: Transaction tracking system shut down
[2016.11.18-09.11.29:429][778]LogObj: Freed 0b from 0 cluster array pools.
[2016.11.18-09.11.29:429][778]LogExit: Object subsystem successfully closed.
[2016.11.18-09.11.29:446][778]LogD3D11RHI: Shutdown
[2016.11.18-09.11.29:446][778]LogD3D11RHI: CleanupD3DDevice
[2016.11.18-09.11.29:550][778]LogD3D11RHI: ~FD3D11DynamicRHI
[2016.11.18-09.11.29:569][778]LogModuleManager: Shutting down and abandoning module MovieSceneCapture (236)
[2016.11.18-09.11.29:569][778]LogModuleManager: Shutting down and abandoning module BlueprintGraph (235)
[2016.11.18-09.11.29:569][778]LogModuleManager: Shutting down and abandoning module BlueprintProfiler (234)
[2016.11.18-09.11.29:569][778]LogModuleManager: Shutting down and abandoning module HierarchicalLODOutliner (233)
[2016.11.18-09.11.29:569][778]LogModuleManager: Shutting down and abandoning module CrashTracker (232)
[2016.11.18-09.11.29:569][778]LogModuleManager: Shutting down and abandoning module SceneOutliner (231)
[2016.11.18-09.11.29:569][778]LogModuleManager: Shutting down and abandoning module WidgetCarousel (230)
[2016.11.18-09.11.29:569][778]LogModuleManager: Shutting down and abandoning module AddContentDialog (229)
[2016.11.18-09.11.29:569][778]LogDirectoryWatcher: A directory notification for 'C:/Program Files/Epic Games/4.13/FeaturePacks/' was aborted.
[2016.11.18-09.11.29:569][778]LogModuleManager: Shutting down and abandoning module GameplayTags (228)
[2016.11.18-09.11.29:569][778]LogModuleManager: Shutting down and abandoning module EditorWidgets (227)
[2016.11.18-09.11.29:569][778]LogModuleManager: Shutting down and abandoning module CollectionManager (226)
[2016.11.18-09.11.29:569][778]LogDirectoryWatcher: A directory notification for 'D:/Wifun_작업문서 이정상/MyOwnUnrealProjects/TPSBuild_LJS/Content/Collections/' was aborted.
[2016.11.18-09.11.29:569][778]LogDirectoryWatcher: A directory notification for 'D:/Wifun_작업문서 이정상/MyOwnUnrealProjects/TPSBuild_LJS/Content/Developers/emprise/Collections/' was aborted.
[2016.11.18-09.11.29:569][778]LogDirectoryWatcher: A directory notification for 'D:/Wifun_작업문서 이정상/MyOwnUnrealProjects/TPSBuild_LJS/Saved/Collections/' was aborted.
[2016.11.18-09.11.29:570][778]LogModuleManager: Shutting down and abandoning module StatsViewer (225)
[2016.11.18-09.11.29:570][778]LogModuleManager: Shutting down and abandoning module FoliageEdit (224)
[2016.11.18-09.11.29:570][778]LogModuleManager: Shutting down and abandoning module LandscapeEditor (223)
[2016.11.18-09.11.29:570][778]LogModuleManager: Shutting down and abandoning module SceneDepthPickerMode (222)
[2016.11.18-09.11.29:570][778]LogModuleManager: Shutting down and abandoning module ActorPickerMode (221)
[2016.11.18-09.11.29:570][778]LogModuleManager: Shutting down and abandoning module GeometryMode (220)
[2016.11.18-09.11.29:570][778]LogModuleManager: Shutting down and abandoning module TextureAlignMode (219)
[2016.11.18-09.11.29:570][778]LogModuleManager: Shutting down and abandoning module BspMode (218)
[2016.11.18-09.11.29:570][778]LogModuleManager: Shutting down and abandoning module HardwareSurvey (217)
[2016.11.18-09.11.29:570][778]LogModuleManager: Shutting down and abandoning module SequenceRecorderSections (216)
[2016.11.18-09.11.29:570][778]LogModuleManager: Shutting down and abandoning module SequenceRecorder (215)
[2016.11.18-09.11.29:570][778]LogModuleManager: Shutting down and abandoning module AutomationWorker (214)
[2016.11.18-09.11.29:570][778]LogModuleManager: Shutting down and abandoning module MatineeToLevelSequence (213)
[2016.11.18-09.11.29:570][778]LogModuleManager: Shutting down and abandoning module PlacementMode (212)
[2016.11.18-09.11.29:570][778]LogModuleManager: Shutting down and abandoning module LevelSequenceEditor (211)
[2016.11.18-09.11.29:570][778]LogModuleManager: Shutting down and abandoning module WmfMediaFactory (210)
[2016.11.18-09.11.29:570][778]LogModuleManager: Shutting down and abandoning module WmfMediaEditor (209)
[2016.11.18-09.11.29:570][778]LogModuleManager: Shutting down and abandoning module AvfMediaFactory (208)
[2016.11.18-09.11.29:570][778]LogModuleManager: Shutting down and abandoning module AvfMediaEditor (207)
[2016.11.18-09.11.29:570][778]LogModuleManager: Shutting down and abandoning module Media (206)
[2016.11.18-09.11.29:570][778]LogModuleManager: Shutting down and abandoning module AndroidMediaFactory (205)
[2016.11.18-09.11.29:570][778]LogModuleManager: Shutting down and abandoning module AndroidMediaEditor (204)
[2016.11.18-09.11.29:570][778]LogModuleManager: Shutting down and abandoning module CharacterAI (203)
[2016.11.18-09.11.29:570][778]LogModuleManager: Shutting down and abandoning module SmartSnapping (202)
[2016.11.18-09.11.29:570][778]LogModuleManager: Shutting down and abandoning module SessionServices (201)
[2016.11.18-09.11.29:570][778]LogModuleManager: Shutting down and abandoning module ViewportSnapping (200)
[2016.11.18-09.11.29:570][778]LogModuleManager: Shutting down and abandoning module ViewportInteraction (199)
[2016.11.18-09.11.29:570][778]LogModuleManager: Shutting down and abandoning module LogVisualizer (198)
[2016.11.18-09.11.29:570][778]LogModuleManager: Shutting down and abandoning module GameProjectGeneration (197)
[2016.11.18-09.11.29:570][778]LogModuleManager: Shutting down and abandoning module IntroTutorials (196)
[2016.11.18-09.11.29:570][778]LogModuleManager: Shutting down and abandoning module EditorLiveStreaming (195)
[2016.11.18-09.11.29:570][778]LogModuleManager: Shutting down and abandoning module IOSPlatformEditor (194)
[2016.11.18-09.11.29:570][778]LogModuleManager: Shutting down and abandoning module HTML5PlatformEditor (193)
[2016.11.18-09.11.29:570][778]LogModuleManager: Shutting down and abandoning module AndroidDeviceDetection (192)
[2016.11.18-09.11.30:144][778]LogModuleManager: Shutting down and abandoning module AndroidPlatformEditor (191)
[2016.11.18-09.11.30:144][778]LogModuleManager: Shutting down and abandoning module IOSRuntimeSettings (190)
[2016.11.18-09.11.30:144][778]LogModuleManager: Shutting down and abandoning module AndroidRuntimeSettings (189)
[2016.11.18-09.11.30:144][778]LogModuleManager: Shutting down and abandoning module NiagaraEditor (188)
[2016.11.18-09.11.30:144][778]LogModuleManager: Shutting down and abandoning module MergeActors (187)
[2016.11.18-09.11.30:144][778]LogModuleManager: Shutting down and abandoning module SizeMap (186)
[2016.11.18-09.11.30:144][778]LogModuleManager: Shutting down and abandoning module TreeMap (185)
[2016.11.18-09.11.30:144][778]LogModuleManager: Shutting down and abandoning module ReferenceViewer (184)
[2016.11.18-09.11.30:144][778]LogModuleManager: Shutting down and abandoning module LocalizationService (183)
[2016.11.18-09.11.30:144][778]LogModuleManager: Shutting down and abandoning module LocalizationDashboard (182)
[2016.11.18-09.11.30:144][778]LogModuleManager: Shutting down and abandoning module HardwareTargeting (181)
[2016.11.18-09.11.30:144][778]LogModuleManager: Shutting down and abandoning module DeviceProfileEditor (180)
[2016.11.18-09.11.30:144][778]LogModuleManager: Shutting down and abandoning module UndoHistory (179)
[2016.11.18-09.11.30:144][778]LogModuleManager: Shutting down and abandoning module UserFeedback (178)
[2016.11.18-09.11.30:144][778]LogModuleManager: Shutting down and abandoning module XmlParser (177)
[2016.11.18-09.11.30:144][778]LogModuleManager: Shutting down and abandoning module Blutility (176)
[2016.11.18-09.11.30:144][778]LogModuleManager: Shutting down and abandoning module ProjectTargetPlatformEditor (175)
[2016.11.18-09.11.30:144][778]LogModuleManager: Shutting down and abandoning module ProjectSettingsViewer (174)
[2016.11.18-09.11.30:144][778]LogModuleManager: Shutting down and abandoning module InputBindingEditor (173)
[2016.11.18-09.11.30:145][778]LogModuleManager: Shutting down and abandoning module EditorSettingsViewer (172)
[2016.11.18-09.11.30:145][778]LogModuleManager: Shutting down and abandoning module SettingsEditor (171)
[2016.11.18-09.11.30:145][778]LogModuleManager: Shutting down and abandoning module ProjectLauncher (170)
[2016.11.18-09.11.30:145][778]LogModuleManager: Shutting down and abandoning module SessionFrontend (169)
[2016.11.18-09.11.30:145][778]LogModuleManager: Shutting down and abandoning module ProfilerClient (168)
[2016.11.18-09.11.30:145][778]LogModuleManager: Shutting down and abandoning module TargetDeviceServices (167)
[2016.11.18-09.11.30:145][778]LogModuleManager: Shutting down and abandoning module DeviceManager (166)
[2016.11.18-09.11.30:195][778]LogModuleManager: Shutting down and abandoning module AutomationController (165)
[2016.11.18-09.11.30:195][778]LogModuleManager: Shutting down and abandoning module AutomationWindow (164)
[2016.11.18-09.11.30:195][778]LogModuleManager: Shutting down and abandoning module Layers (163)
[2016.11.18-09.11.30:195][778]LogModuleManager: Shutting down and abandoning module ComponentVisualizers (162)
[2016.11.18-09.11.30:195][778]LogModuleManager: Shutting down and abandoning module DetailCustomizations (161)
[2016.11.18-09.11.30:195][778]LogModuleManager: Shutting down and abandoning module PackagesDialog (160)
[2016.11.18-09.11.30:195][778]LogModuleManager: Shutting down and abandoning module AnimGraph (159)
[2016.11.18-09.11.30:195][778]LogModuleManager: Shutting down and abandoning module Persona (158)
[2016.11.18-09.11.30:195][778]LogModuleManager: Shutting down and abandoning module Kismet (157)
[2016.11.18-09.11.30:201][778]LogModuleManager: Shutting down and abandoning module GraphEditor (156)
[2016.11.18-09.11.30:202][778]LogModuleManager: Shutting down and abandoning module ClassViewer (155)
[2016.11.18-09.11.30:202][778]LogModuleManager: Shutting down and abandoning module Toolbox (154)
[2016.11.18-09.11.30:202][778]LogModuleManager: Shutting down and abandoning module ModuleUI (153)
[2016.11.18-09.11.30:202][778]LogModuleManager: Shutting down and abandoning module MovieSceneTools (152)
[2016.11.18-09.11.30:202][778]LogModuleManager: Shutting down and abandoning module OutputLog (151)
[2016.11.18-09.11.30:202][778]LogModuleManager: Shutting down and abandoning module GammaUI (150)
[2016.11.18-09.11.30:202][778]LogModuleManager: Shutting down and abandoning module Documentation (149)
[2016.11.18-09.11.30:202][778]LogModuleManager: Shutting down and abandoning module Niagara (148)
[2016.11.18-09.11.30:202][778]LogModuleManager: Shutting down and abandoning module StreamingPauseRendering (147)
[2016.11.18-09.11.30:202][778]LogModuleManager: Shutting down and abandoning module AnalyticsET (146)
[2016.11.18-09.11.30:202][778]LogModuleManager: Shutting down and abandoning module PortalServices (145)
[2016.11.18-09.11.30:202][778]LogModuleManager: Shutting down and abandoning module PortalRpc (144)
[2016.11.18-09.11.30:202][778]LogModuleManager: Shutting down and abandoning module MessagingRpc (143)
[2016.11.18-09.11.30:202][778]LogModuleManager: Shutting down and abandoning module GameplayDebugger (142)
[2016.11.18-09.11.30:202][778]LogModuleManager: Shutting down and abandoning module AITestSuite (141)
[2016.11.18-09.11.30:202][778]LogModuleManager: Shutting down and abandoning module AIModule (140)
[2016.11.18-09.11.30:202][778]LogModuleManager: Shutting down and abandoning module ProfilerService (139)
[2016.11.18-09.11.30:302][778]LogModuleManager: Shutting down and abandoning module TaskGraph (138)
[2016.11.18-09.11.30:302][778]LogModuleManager: Shutting down and abandoning module SlateRemote (137)
[2016.11.18-09.11.30:302][778]LogModuleManager: Shutting down and abandoning module SteamVRController (136)
[2016.11.18-09.11.30:302][778]LogModuleManager: Shutting down and abandoning module SteamVR (135)
[2016.11.18-09.11.30:302][778]LogModuleManager: Shutting down and abandoning module ProceduralMeshComponentEditor (134)
[2016.11.18-09.11.30:302][778]LogModuleManager: Shutting down and abandoning module ProceduralMeshComponent (133)
[2016.11.18-09.11.30:302][778]LogModuleManager: Shutting down and abandoning module OculusLibrary (132)
[2016.11.18-09.11.30:302][778]LogModuleManager: Shutting down and abandoning module OculusInput (131)
[2016.11.18-09.11.30:302][778]LogModuleManager: Shutting down and abandoning module CustomMeshComponent (130)
[2016.11.18-09.11.30:302][778]LogModuleManager: Shutting down and abandoning module CableComponent (129)
[2016.11.18-09.11.30:302][778]LogModuleManager: Shutting down and abandoning module ArchVisCharacter (128)
[2016.11.18-09.11.30:302][778]LogModuleManager: Shutting down and abandoning module MediaPlayerEditor (126)
[2016.11.18-09.11.30:302][778]LogModuleManager: Shutting down and abandoning module HTML5Networking (125)
[2016.11.18-09.11.30:302][778]LogModuleManager: Shutting down and abandoning module GeometryCacheEd (124)
[2016.11.18-09.11.30:302][778]LogModuleManager: Shutting down and abandoning module GeometryCache (123)
[2016.11.18-09.11.30:302][778]LogModuleManager: Shutting down and abandoning module AlembicLibrary (122)
[2016.11.18-09.11.30:302][778]LogModuleManager: Shutting down and abandoning module AlembicImporter (121)
[2016.11.18-09.11.30:302][778]LogModuleManager: Shutting down and abandoning module SuperSearch (120)
[2016.11.18-09.11.30:302][778]LogModuleManager: Shutting down and abandoning module SuperSearchEditor (119)
[2016.11.18-09.11.30:302][778]LogModuleManager: Shutting down and abandoning module SpeedTreeImporter (118)
[2016.11.18-09.11.30:302][778]LogModuleManager: Shutting down and abandoning module PluginBrowser (117)
[2016.11.18-09.11.30:302][778]LogModuleManager: Shutting down and abandoning module MobileLauncherProfileWizard (116)
[2016.11.18-09.11.30:302][778]LogModuleManager: Shutting down and abandoning module EpicSurvey (115)
[2016.11.18-09.11.30:302][778]LogModuleManager: Shutting down and abandoning module DesktopPlatform (114)
[2016.11.18-09.11.30:302][778]LogModuleManager: Shutting down and abandoning module VisualStudioSourceCodeAccess (113)
[2016.11.18-09.11.30:302][778]LogModuleManager: Shutting down and abandoning module UObjectPlugin (112)
[2016.11.18-09.11.30:302][778]LogModuleManager: Shutting down and abandoning module SubversionSourceControl (111)
[2016.11.18-09.11.30:302][778]LogModuleManager: Shutting down and abandoning module PerforceSourceControl (110)
[2016.11.18-09.11.30:302][778]LogModuleManager: Shutting down and abandoning module SourceControl (109)
[2016.11.18-09.11.30:302][778]LogModuleManager: Shutting down and abandoning module GitSourceControl (108)
[2016.11.18-09.11.30:302][778]LogModuleManager: Shutting down and abandoning module LightPropagationVolumeEditor (107)
[2016.11.18-09.11.30:302][778]LogModuleManager: Shutting down and abandoning module PaperTiledImporter (106)
[2016.11.18-09.11.30:302][778]LogModuleManager: Shutting down and abandoning module PaperSpriteSheetImporter (105)
[2016.11.18-09.11.30:302][778]LogModuleManager: Shutting down and abandoning module MeshPaint (104)
[2016.11.18-09.11.30:303][778]LogModuleManager: Shutting down and abandoning module FbxAutomationBuilderModule (103)
[2016.11.18-09.11.30:303][778]LogModuleManager: Shutting down and abandoning module PixelInspectorModule (102)
[2016.11.18-09.11.30:303][778]LogModuleManager: Shutting down and abandoning module HotReload (101)
[2016.11.18-09.11.30:303][778]LogModuleManager: Shutting down and abandoning module MainFrame (100)
[2016.11.18-09.11.30:303][778]LogModuleManager: Shutting down and abandoning module LevelEditor (99)
[2016.11.18-09.11.30:304][778]LogModuleManager: Shutting down and abandoning module ContentBrowser (98)
[2016.11.18-09.11.30:305][778]LogModuleManager: Shutting down and abandoning module Paper2DEditor (97)
[2016.11.18-09.11.30:305][778]LogModuleManager: Shutting down and abandoning module UdpMessaging (96)
[2016.11.18-09.11.30:405][778]LogModuleManager: Shutting down and abandoning module TcpMessaging (95)
[2016.11.18-09.11.30:505][778]LogModuleManager: Shutting down and abandoning module LightPropagationVolumeRuntime (94)
[2016.11.18-09.11.30:505][778]LogModuleManager: Shutting down and abandoning module Paper2D (93)
[2016.11.18-09.11.30:505][778]LogModuleManager: Shutting down and abandoning module WindowsMoviePlayer (92)
[2016.11.18-09.11.30:505][778]LogModuleManager: Shutting down and abandoning module WmfMedia (91)
[2016.11.18-09.11.30:505][778]LogModuleManager: Shutting down and abandoning module MediaAssets (90)
[2016.11.18-09.11.30:505][778]LogModuleManager: Shutting down and abandoning module GameLiveStreaming (89)
[2016.11.18-09.11.30:505][778]LogModuleManager: Shutting down and abandoning module GameplayTagsEditor (88)
[2016.11.18-09.11.30:505][778]LogModuleManager: Shutting down and abandoning module VREditor (87)
[2016.11.18-09.11.30:505][778]LogModuleManager: Shutting down and abandoning module GameplayTasksEditor (86)
[2016.11.18-09.11.30:505][778]LogModuleManager: Shutting down and abandoning module PropertyEditor (85)
[2016.11.18-09.11.30:506][778]LogModuleManager: Shutting down and abandoning module BehaviorTreeEditor (84)
[2016.11.18-09.11.30:506][778]LogModuleManager: Shutting down and abandoning module FunctionalTesting (83)
[2016.11.18-09.11.30:506][778]LogModuleManager: Shutting down and abandoning module CollisionAnalyzer (82)
[2016.11.18-09.11.30:507][778]LogModuleManager: Shutting down and abandoning module Sequencer (81)
[2016.11.18-09.11.30:507][778]LogModuleManager: Shutting down and abandoning module WorkspaceMenuStructure (80)
[2016.11.18-09.11.30:507][778]LogModuleManager: Shutting down and abandoning module MessageLog (79)
[2016.11.18-09.11.30:507][778]LogModuleManager: Shutting down and abandoning module AssetTools (78)
[2016.11.18-09.11.30:507][778]LogModuleManager: Shutting down and abandoning module UMGEditor (77)
[2016.11.18-09.11.30:507][778]LogModuleManager: Shutting down and abandoning module UMG (76)
[2016.11.18-09.11.30:507][778]LogModuleManager: Shutting down and abandoning module SlateReflector (75)
[2016.11.18-09.11.30:507][778]LogModuleManager: Shutting down and abandoning module Slate (74)
[2016.11.18-09.11.30:507][778]LogModuleManager: Shutting down and abandoning module EditorStyle (73)
[2016.11.18-09.11.30:509][778]LogModuleManager: Shutting down and abandoning module SourceCodeAccess (72)
[2016.11.18-09.11.30:509][778]LogModuleManager: Shutting down and abandoning module HeadMountedDisplay (71)
[2016.11.18-09.11.30:509][778]LogModuleManager: Shutting down and abandoning module XAudio2 (70)
[2016.11.18-09.11.30:509][778]LogModuleManager: Shutting down and abandoning module Networking (68)
[2016.11.18-09.11.30:509][778]LogModuleManager: Shutting down and abandoning module Core (67)
[2016.11.18-09.11.30:509][778]LogModuleManager: Shutting down and abandoning module DirectoryWatcher (66)
[2016.11.18-09.11.30:509][778]LogDirectoryWatcher: A directory notification for '../../../Engine/Content/' was aborted.
[2016.11.18-09.11.30:509][778]LogDirectoryWatcher: A directory notification for 'D:/Wifun_작업문서 이정상/MyOwnUnrealProjects/TPSBuild_LJS/Content/' was aborted.
[2016.11.18-09.11.30:509][778]LogDirectoryWatcher: A directory notification for '../../../Engine/Plugins/2D/Paper2D/Content/' was aborted.
[2016.11.18-09.11.30:509][778]LogModuleManager: Shutting down and abandoning module AssetRegistry (65)
[2016.11.18-09.11.30:596][778]LogModuleManager: Shutting down and abandoning module KismetCompiler (64)
[2016.11.18-09.11.30:596][778]LogModuleManager: Shutting down and abandoning module PhysXFormats (63)
[2016.11.18-09.11.30:596][778]LogModuleManager: Shutting down and abandoning module MeshUtilities (62)
[2016.11.18-09.11.30:596][778]LogModuleManager: Shutting down and abandoning module DerivedDataCache (61)
[2016.11.18-09.11.30:637][778]LogDerivedDataCache: Shutdown
[2016.11.18-09.11.30:637][778]LogModuleManager: Shutting down and abandoning module VulkanShaderFormat (60)
[2016.11.18-09.11.30:637][778]LogModuleManager: Shutting down and abandoning module ShaderFormatOpenGL (59)
[2016.11.18-09.11.30:637][778]LogModuleManager: Shutting down and abandoning module ShaderFormatD3D (58)
[2016.11.18-09.11.30:637][778]LogModuleManager: Shutting down and abandoning module MetalShaderFormat (57)
[2016.11.18-09.11.30:637][778]LogModuleManager: Shutting down and abandoning module TextureFormatUncompressed (56)
[2016.11.18-09.11.30:637][778]LogModuleManager: Shutting down and abandoning module TextureFormatPVR (55)
[2016.11.18-09.11.30:637][778]LogModuleManager: Shutting down and abandoning module TextureFormatDXT (54)
[2016.11.18-09.11.30:637][778]LogModuleManager: Shutting down and abandoning module TextureFormatIntelISPCTexComp (53)
[2016.11.18-09.11.30:637][778]LogModuleManager: Shutting down and abandoning module ImageWrapper (52)
[2016.11.18-09.11.30:637][778]LogModuleManager: Shutting down and abandoning module TextureFormatASTC (51)
[2016.11.18-09.11.30:637][778]LogModuleManager: Shutting down and abandoning module TextureFormatAndroid (50)
[2016.11.18-09.11.30:637][778]LogModuleManager: Shutting down and abandoning module AudioFormatOpus (49)
[2016.11.18-09.11.30:637][778]LogModuleManager: Shutting down and abandoning module AudioFormatOgg (48)
[2016.11.18-09.11.30:637][778]LogModuleManager: Shutting down and abandoning module AudioFormatADPCM (47)
[2016.11.18-09.11.30:637][778]LogModuleManager: Shutting down and abandoning module LinuxTargetPlatform (46)
[2016.11.18-09.11.30:637][778]LogModuleManager: Shutting down and abandoning module LinuxServerTargetPlatform (45)
[2016.11.18-09.11.30:637][778]LogModuleManager: Shutting down and abandoning module LinuxNoEditorTargetPlatform (44)
[2016.11.18-09.11.30:637][778]LogModuleManager: Shutting down and abandoning module LinuxClientTargetPlatform (43)
[2016.11.18-09.11.30:637][778]LogModuleManager: Shutting down and abandoning module TVOSTargetPlatform (42)
[2016.11.18-09.11.30:637][778]LogModuleManager: Shutting down and abandoning module Messaging (41)
[2016.11.18-09.11.30:637][778]LogModuleManager: Shutting down and abandoning module IOSTargetPlatform (40)
[2016.11.18-09.11.30:637][778]LogModuleManager: Shutting down and abandoning module HTML5TargetPlatform (39)
[2016.11.18-09.11.30:637][778]LogModuleManager: Shutting down and abandoning module Android_PVRTCTargetPlatform (38)
[2016.11.18-09.11.30:637][778]LogModuleManager: Shutting down and abandoning module Android_MultiTargetPlatform (37)
[2016.11.18-09.11.30:637][778]LogModuleManager: Shutting down and abandoning module Android_ETC2TargetPlatform (36)
[2016.11.18-09.11.30:637][778]LogModuleManager: Shutting down and abandoning module Android_ETC1TargetPlatform (35)
[2016.11.18-09.11.30:637][778]LogModuleManager: Shutting down and abandoning module Android_DXTTargetPlatform (34)
[2016.11.18-09.11.30:637][778]LogModuleManager: Shutting down and abandoning module Android_ATCTargetPlatform (33)
[2016.11.18-09.11.30:637][778]LogModuleManager: Shutting down and abandoning module Android_ASTCTargetPlatform (32)
[2016.11.18-09.11.30:637][778]LogModuleManager: Shutting down and abandoning module AndroidTargetPlatform (31)
[2016.11.18-09.11.30:637][778]LogModuleManager: Shutting down and abandoning module WindowsTargetPlatform (30)
[2016.11.18-09.11.30:637][778]LogModuleManager: Shutting down and abandoning module WindowsServerTargetPlatform (29)
[2016.11.18-09.11.30:637][778]LogModuleManager: Shutting down and abandoning module WindowsNoEditorTargetPlatform (28)
[2016.11.18-09.11.30:637][778]LogModuleManager: Shutting down and abandoning module WindowsClientTargetPlatform (27)
[2016.11.18-09.11.30:637][778]LogModuleManager: Shutting down and abandoning module AllDesktopTargetPlatform (26)
[2016.11.18-09.11.30:637][778]LogModuleManager: Shutting down and abandoning module TargetPlatform (25)
[2016.11.18-09.11.30:637][778]LogModuleManager: Shutting down and abandoning module InputCore (24)
[2016.11.18-09.11.30:637][778]LogModuleManager: Shutting down and abandoning module Settings (23)
[2016.11.18-09.11.30:638][778]LogModuleManager: Shutting down and abandoning module OculusRift (22)
[2016.11.18-09.11.30:638][778]LogModuleManager: Shutting down and abandoning module GearVR (21)
[2016.11.18-09.11.30:638][778]LogModuleManager: Shutting down and abandoning module ExampleDeviceProfileSelector (20)
[2016.11.18-09.11.30:638][778]LogModuleManager: Shutting down and abandoning module OnlineBlueprintSupport (19)
[2016.11.18-09.11.30:638][778]LogModuleManager: Shutting down and abandoning module OnlineSubsystem (17)
[2016.11.18-09.11.30:638][778]LogOnline:Display: Unloading online subsystem: NULL
[2016.11.18-09.11.30:638][778]LogModuleManager: Shutting down and abandoning module HTTP (16)
[2016.11.18-09.11.30:638][778]LogHttp:Display: Http module shutting down, but needs to wait on 2 outstanding Http requests:
[2016.11.18-09.11.30:638][778]LogHttp:Display: 	verb=[POST] url=[https://datarouter.ol.epicgames.com/datarouter/api/v1/public/data?SessionID=%7B602714B8-43AE-A43D-C626-F78754AA4DDC%7D&AppID=UEEditor.Rocket.Release&AppVersion=4.13.2-3172292%2B%2B%2BUE4%2BRelease-4.13&UserID=56451cfd4fd9a27398ebd49db26bedc3%7C7735729cfacd45018d8e5ad7a2086512%7C64060e57-f965-405a-be8e-4b31e72bcb7e&AppEnvironment=datacollector-binary&UploadType=eteventstream] status=Processing
[2016.11.18-09.11.30:638][778]LogHttp:Display: 	verb=[POST] url=[https://datarouter.ol.epicgames.com/datarouter/api/v1/public/data?SessionID=%7B602714B8-43AE-A43D-C626-F78754AA4DDC%7D&AppID=UEEditor.Rocket.Release&AppVersion=4.13.2-3172292%2B%2B%2BUE4%2BRelease-4.13&UserID=56451cfd4fd9a27398ebd49db26bedc3%7C7735729cfacd45018d8e5ad7a2086512%7C64060e57-f965-405a-be8e-4b31e72bcb7e&AppEnvironment=datacollector-binary&UploadType=eteventstream] status=Processing
[2016.11.18-09.11.30:650][778]LogModuleManager: Shutting down and abandoning module XMPP (15)
[2016.11.18-09.11.30:650][778]LogModuleManager: Shutting down and abandoning module TextureCompressor (14)
[2016.11.18-09.11.30:650][778]LogModuleManager: Shutting down and abandoning module ShaderCore (13)
[2016.11.18-09.11.30:650][778]LogModuleManager: Shutting down and abandoning module Landscape (12)
[2016.11.18-09.11.30:650][778]LogModuleManager: Shutting down and abandoning module SlateRHIRenderer (11)
[2016.11.18-09.11.30:651][778]LogModuleManager: Shutting down and abandoning module OpenGLDrv (10)
[2016.11.18-09.11.30:651][778]LogModuleManager: Shutting down and abandoning module D3D11RHI (9)
[2016.11.18-09.11.30:651][778]LogModuleManager: Shutting down and abandoning module AnimGraphRuntime (8)
[2016.11.18-09.11.30:651][778]LogModuleManager: Shutting down and abandoning module Renderer (7)
[2016.11.18-09.11.30:651][778]LogModuleManager: Shutting down and abandoning module Engine (6)
[2016.11.18-09.11.30:652][778]LogModuleManager: Shutting down and abandoning module CoreUObject (5)
[2016.11.18-09.11.30:652][778]LogModuleManager: Shutting down and abandoning module NetworkFile (4)
[2016.11.18-09.11.30:652][778]LogModuleManager: Shutting down and abandoning module StreamingFile (3)
[2016.11.18-09.11.30:652][778]LogModuleManager: Shutting down and abandoning module SandboxFile (2)
[2016.11.18-09.11.30:652][778]LogModuleManager: Shutting down and abandoning module PakFile (1)
[2016.11.18-09.11.30:653][778]LogExit: Exiting.
[2016.11.18-09.11.30:659][778]Log file closed, 11/18/16 18:11:30
