Log file open, 11/21/16 09:44:35
LogInit:Display: Running engine for game: TPSBuild_LJS
LogPlatformFile: Not using cached read wrapper
LogInit:Display: RandInit(1671451538) SRandInit(1671451538).
LogTaskGraph: Started task graph with 5 named threads and 8 total threads with 1 sets of task threads.
LogStats: Stats thread started at 0.109445
LogPluginManager: Loaded Plugin Paper2D, From C:/Program Files/Epic Games/4.13/Engine/Plugins/2D/Paper2D/Paper2D.uplugin
LogPluginManager: Loaded Plugin LightPropagationVolume, From C:/Program Files/Epic Games/4.13/Engine/Plugins/Blendables/LightPropagationVolume/LightPropagationVolume.uplugin
LogPluginManager: Loaded Plugin BlankPlugin, From C:/Program Files/Epic Games/4.13/Engine/Plugins/Developer/BlankPlugin/BlankPlugin.uplugin
LogPluginManager: Loaded Plugin CodeLiteSourceCodeAccess, From C:/Program Files/Epic Games/4.13/Engine/Plugins/Developer/CodeLiteSourceCodeAccess/CodeLiteSourceCodeAccess.uplugin
LogPluginManager: Loaded Plugin GitSourceControl, From C:/Program Files/Epic Games/4.13/Engine/Plugins/Developer/GitSourceControl/GitSourceControl.uplugin
LogPluginManager: Loaded Plugin KDevelopSourceCodeAccess, From C:/Program Files/Epic Games/4.13/Engine/Plugins/Developer/KDevelopSourceCodeAccess/KDevelopSourceCodeAccess.uplugin
LogPluginManager: Loaded Plugin NullSourceCodeAccess, From C:/Program Files/Epic Games/4.13/Engine/Plugins/Developer/NullSourceCodeAccess/NullSourceCodeAccess.uplugin
LogPluginManager: Loaded Plugin OneSkyLocalizationService, From C:/Program Files/Epic Games/4.13/Engine/Plugins/Developer/OneSkyLocalizationService/OneSkyLocalizationService.uplugin
LogPluginManager: Loaded Plugin PerforceSourceControl, From C:/Program Files/Epic Games/4.13/Engine/Plugins/Developer/PerforceSourceControl/PerforceSourceControl.uplugin
LogPluginManager: Loaded Plugin SubversionSourceControl, From C:/Program Files/Epic Games/4.13/Engine/Plugins/Developer/SubversionSourceControl/SubversionSourceControl.uplugin
LogPluginManager: Loaded Plugin UObjectPlugin, From C:/Program Files/Epic Games/4.13/Engine/Plugins/Developer/UObjectPlugin/UObjectPlugin.uplugin
LogPluginManager: Loaded Plugin VisualStudioSourceCodeAccess, From C:/Program Files/Epic Games/4.13/Engine/Plugins/Developer/VisualStudioSourceCodeAccess/VisualStudioSourceCodeAccess.uplugin
LogPluginManager: Loaded Plugin XCodeSourceCodeAccess, From C:/Program Files/Epic Games/4.13/Engine/Plugins/Developer/XCodeSourceCodeAccess/XCodeSourceCodeAccess.uplugin
LogPluginManager: Loaded Plugin EpicSurvey, From C:/Program Files/Epic Games/4.13/Engine/Plugins/Editor/EpicSurvey/EpicSurvey.uplugin
LogPluginManager: Loaded Plugin MacGraphicsSwitching, From C:/Program Files/Epic Games/4.13/Engine/Plugins/Editor/MacGraphicsSwitching/MacGraphicsSwitching.uplugin
LogPluginManager: Loaded Plugin MobileLauncherProfileWizard, From C:/Program Files/Epic Games/4.13/Engine/Plugins/Editor/MobileLauncherProfileWizard/MobileLauncherProfileWizard.uplugin
LogPluginManager: Loaded Plugin PluginBrowser, From C:/Program Files/Epic Games/4.13/Engine/Plugins/Editor/PluginBrowser/PluginBrowser.uplugin
LogPluginManager: Loaded Plugin SpeedTreeImporter, From C:/Program Files/Epic Games/4.13/Engine/Plugins/Editor/SpeedTreeImporter/SpeedTreeImporter.uplugin
LogPluginManager: Loaded Plugin SuperSearchEditor, From C:/Program Files/Epic Games/4.13/Engine/Plugins/Editor/SuperSearchEditor/SuperSearchEditor.uplugin
LogPluginManager: Loaded Plugin AlembicImporter, From C:/Program Files/Epic Games/4.13/Engine/Plugins/Experimental/AlembicImporter/AlembicImporter.uplugin
LogPluginManager: Loaded Plugin BlueprintStats, From C:/Program Files/Epic Games/4.13/Engine/Plugins/Experimental/BlueprintStats/BlueprintStats.uplugin
LogPluginManager: Loaded Plugin CharacterAI, From C:/Program Files/Epic Games/4.13/Engine/Plugins/Experimental/CharacterAI/CharacterAI.uplugin
LogPluginManager: Loaded Plugin CodeEditor, From C:/Program Files/Epic Games/4.13/Engine/Plugins/Experimental/CodeEditor/CodeEditor.uplugin
LogPluginManager: Loaded Plugin CodeView, From C:/Program Files/Epic Games/4.13/Engine/Plugins/Experimental/CodeView/CodeView.uplugin
LogPluginManager: Loaded Plugin HTML5Networking, From C:/Program Files/Epic Games/4.13/Engine/Plugins/Experimental/HTML5Networking/HTML5Networking.uplugin
LogPluginManager: Loaded Plugin LiveEditor, From C:/Program Files/Epic Games/4.13/Engine/Plugins/Experimental/LiveEditor/LiveEditor.uplugin
LogPluginManager: Loaded Plugin OSVR, From C:/Program Files/Epic Games/4.13/Engine/Plugins/Experimental/OSVR/OSVR.uplugin
LogPluginManager: Loaded Plugin Phya, From C:/Program Files/Epic Games/4.13/Engine/Plugins/Experimental/Phya/Phya.uplugin
LogPluginManager: Loaded Plugin SignificanceManager, From C:/Program Files/Epic Games/4.13/Engine/Plugins/Experimental/SignificanceManager/SignificanceManager.uplugin
LogPluginManager: Loaded Plugin SimpleHMD, From C:/Program Files/Epic Games/4.13/Engine/Plugins/Experimental/SimpleHMD/SimpleHMD.uplugin
LogPluginManager: Loaded Plugin StereoPanorama, From C:/Program Files/Epic Games/4.13/Engine/Plugins/Experimental/StereoPanorama/StereoPanorama.uplugin
LogPluginManager: Loaded Plugin StructBox, From C:/Program Files/Epic Games/4.13/Engine/Plugins/Experimental/StructBox/StructBox.uplugin
LogPluginManager: Loaded Plugin AndroidMedia, From C:/Program Files/Epic Games/4.13/Engine/Plugins/Media/AndroidMedia/AndroidMedia.uplugin
LogPluginManager: Loaded Plugin AvfMedia, From C:/Program Files/Epic Games/4.13/Engine/Plugins/Media/AvfMedia/AvfMedia.uplugin
LogPluginManager: Loaded Plugin MediaPlayerEditor, From C:/Program Files/Epic Games/4.13/Engine/Plugins/Media/MediaPlayerEditor/MediaPlayerEditor.uplugin
LogPluginManager: Loaded Plugin WmfMedia, From C:/Program Files/Epic Games/4.13/Engine/Plugins/Media/WmfMedia/WmfMedia.uplugin
LogPluginManager: Loaded Plugin MessagingDebugger, From C:/Program Files/Epic Games/4.13/Engine/Plugins/Messaging/MessagingDebugger/MessagingDebugger.uplugin
LogPluginManager: Loaded Plugin TcpMessaging, From C:/Program Files/Epic Games/4.13/Engine/Plugins/Messaging/TcpMessaging/TcpMessaging.uplugin
LogPluginManager: Loaded Plugin UdpMessaging, From C:/Program Files/Epic Games/4.13/Engine/Plugins/Messaging/UdpMessaging/UdpMessaging.uplugin
LogPluginManager: Loaded Plugin LevelSequenceEditor, From C:/Program Files/Epic Games/4.13/Engine/Plugins/MovieScene/LevelSequenceEditor/LevelSequenceEditor.uplugin
LogPluginManager: Loaded Plugin MatineeToLevelSequence, From C:/Program Files/Epic Games/4.13/Engine/Plugins/MovieScene/MatineeToLevelSequence/MatineeToLevelSequence.uplugin
LogPluginManager: Loaded Plugin NetcodeUnitTest, From C:/Program Files/Epic Games/4.13/Engine/Plugins/NetcodeUnitTest/NetcodeUnitTest/NetcodeUnitTest.uplugin
LogPluginManager: Loaded Plugin NUTUnrealEngine4, From C:/Program Files/Epic Games/4.13/Engine/Plugins/NetcodeUnitTest/NUTUnrealEngine4/NUTUnrealEngine4.uplugin
LogPluginManager: Loaded Plugin OnlineSubsystemGooglePlay, From C:/Program Files/Epic Games/4.13/Engine/Plugins/Online/Android/OnlineSubsystemGooglePlay/OnlineSubsystemGooglePlay.uplugin
LogPluginManager: Loaded Plugin OnlineSubsystemIOS, From C:/Program Files/Epic Games/4.13/Engine/Plugins/Online/IOS/OnlineSubsystemIOS/OnlineSubsystemIOS.uplugin
LogPluginManager: Loaded Plugin OnlineFramework, From C:/Program Files/Epic Games/4.13/Engine/Plugins/Online/OnlineFramework/OnlineFramework.uplugin
LogPluginManager: Loaded Plugin OnlineSubsystem, From C:/Program Files/Epic Games/4.13/Engine/Plugins/Online/OnlineSubsystem/OnlineSubsystem.uplugin
LogPluginManager: Loaded Plugin OnlineSubsystemAmazon, From C:/Program Files/Epic Games/4.13/Engine/Plugins/Online/OnlineSubsystemAmazon/OnlineSubsystemAmazon.uplugin
LogPluginManager: Loaded Plugin OnlineSubsystemFacebook, From C:/Program Files/Epic Games/4.13/Engine/Plugins/Online/OnlineSubsystemFacebook/OnlineSubsystemFacebook.uplugin
LogPluginManager: Loaded Plugin OnlineSubsystemNull, From C:/Program Files/Epic Games/4.13/Engine/Plugins/Online/OnlineSubsystemNull/OnlineSubsystemNull.uplugin
LogPluginManager: Loaded Plugin OnlineSubsystemOculus, From C:/Program Files/Epic Games/4.13/Engine/Plugins/Online/OnlineSubsystemOculus/OnlineSubsystemOculus.uplugin
LogPluginManager: Loaded Plugin OnlineSubsystemSteam, From C:/Program Files/Epic Games/4.13/Engine/Plugins/Online/OnlineSubsystemSteam/OnlineSubsystemSteam.uplugin
LogPluginManager: Loaded Plugin OnlineSubsystemUtils, From C:/Program Files/Epic Games/4.13/Engine/Plugins/Online/OnlineSubsystemUtils/OnlineSubsystemUtils.uplugin
LogPluginManager: Loaded Plugin IOSTapJoy, From C:/Program Files/Epic Games/4.13/Engine/Plugins/Runtime/Advertising/IOSTapJoy/IOSTapJoy.uplugin
LogPluginManager: Loaded Plugin AnalyticsBlueprintLibrary, From C:/Program Files/Epic Games/4.13/Engine/Plugins/Runtime/Analytics/AnalyticsBlueprintLibrary/AnalyticsBlueprintLibrary.uplugin
LogPluginManager: Loaded Plugin AnalyticsMulticast, From C:/Program Files/Epic Games/4.13/Engine/Plugins/Runtime/Analytics/AnalyticsMulticast/AnalyticsMulticast.uplugin
LogPluginManager: Loaded Plugin Apsalar, From C:/Program Files/Epic Games/4.13/Engine/Plugins/Runtime/Analytics/Apsalar/Apsalar.uplugin
LogPluginManager: Loaded Plugin FileLogging, From C:/Program Files/Epic Games/4.13/Engine/Plugins/Runtime/Analytics/FileLogging/FileLogging.uplugin
LogPluginManager: Loaded Plugin Flurry, From C:/Program Files/Epic Games/4.13/Engine/Plugins/Runtime/Analytics/Flurry/Flurry.uplugin
LogPluginManager: Loaded Plugin AndroidDeviceProfileSelector, From C:/Program Files/Epic Games/4.13/Engine/Plugins/Runtime/AndroidDeviceProfileSelector/AndroidDeviceProfileSelector.uplugin
LogPluginManager: Loaded Plugin AndroidMoviePlayer, From C:/Program Files/Epic Games/4.13/Engine/Plugins/Runtime/AndroidMoviePlayer/AndroidMoviePlayer.uplugin
LogPluginManager: Loaded Plugin AppleMoviePlayer, From C:/Program Files/Epic Games/4.13/Engine/Plugins/Runtime/AppleMoviePlayer/AppleMoviePlayer.uplugin
LogPluginManager: Loaded Plugin ArchVisCharacter, From C:/Program Files/Epic Games/4.13/Engine/Plugins/Runtime/ArchVisCharacter/ArchVisCharacter.uplugin
LogPluginManager: Loaded Plugin CableComponent, From C:/Program Files/Epic Games/4.13/Engine/Plugins/Runtime/CableComponent/CableComponent.uplugin
LogPluginManager: Loaded Plugin CustomMeshComponent, From C:/Program Files/Epic Games/4.13/Engine/Plugins/Runtime/CustomMeshComponent/CustomMeshComponent.uplugin
LogPluginManager: Loaded Plugin ExampleDeviceProfileSelector, From C:/Program Files/Epic Games/4.13/Engine/Plugins/Runtime/ExampleDeviceProfileSelector/ExampleDeviceProfileSelector.uplugin
LogPluginManager: Loaded Plugin GearVR, From C:/Program Files/Epic Games/4.13/Engine/Plugins/Runtime/GearVR/GearVR.uplugin
LogPluginManager: Loaded Plugin GoogleVRController, From C:/Program Files/Epic Games/4.13/Engine/Plugins/Runtime/GoogleVR/GoogleVRController/GoogleVRController.uplugin
LogPluginManager: Loaded Plugin GoogleVRHMD, From C:/Program Files/Epic Games/4.13/Engine/Plugins/Runtime/GoogleVR/GoogleVRHMD/GoogleVRHMD.uplugin
LogPluginManager: Loaded Plugin IOSDeviceProfileSelector, From C:/Program Files/Epic Games/4.13/Engine/Plugins/Runtime/IOSDeviceProfileSelector/IOSDeviceProfileSelector.uplugin
LogPluginManager: Loaded Plugin LeapMotion, From C:/Program Files/Epic Games/4.13/Engine/Plugins/Runtime/LeapMotion/LeapMotion.uplugin
LogPluginManager: Loaded Plugin LinuxDeviceProfileSelector, From C:/Program Files/Epic Games/4.13/Engine/Plugins/Runtime/LinuxDeviceProfileSelector/LinuxDeviceProfileSelector.uplugin
LogPluginManager: Loaded Plugin LiveEditorListenServer, From C:/Program Files/Epic Games/4.13/Engine/Plugins/Runtime/LiveEditorListenServer/LiveEditorListenServer.uplugin
LogPluginManager: Loaded Plugin OculusAudio, From C:/Program Files/Epic Games/4.13/Engine/Plugins/Runtime/OculusAudio/OculusAudio.uplugin
LogPluginManager: Loaded Plugin OculusInput, From C:/Program Files/Epic Games/4.13/Engine/Plugins/Runtime/OculusInput/OculusInput.uplugin
LogPluginManager: Loaded Plugin OculusLibrary, From C:/Program Files/Epic Games/4.13/Engine/Plugins/Runtime/OculusLibrary/OculusLibrary.uplugin
LogPluginManager: Loaded Plugin OculusRift, From C:/Program Files/Epic Games/4.13/Engine/Plugins/Runtime/OculusRift/OculusRift.uplugin
LogPluginManager: Loaded Plugin Oodle, From C:/Program Files/Epic Games/4.13/Engine/Plugins/Runtime/PacketHandlers/CompressionComponents/Oodle/Oodle.uplugin
LogPluginManager: Loaded Plugin ProceduralMeshComponent, From C:/Program Files/Epic Games/4.13/Engine/Plugins/Runtime/ProceduralMeshComponent/ProceduralMeshComponent.uplugin
LogPluginManager: Loaded Plugin SoundMod, From C:/Program Files/Epic Games/4.13/Engine/Plugins/Runtime/SoundMod/SoundMod.uplugin
LogPluginManager: Loaded Plugin SoundVisualizations, From C:/Program Files/Epic Games/4.13/Engine/Plugins/Runtime/SoundVisualizations/SoundVisualizations.uplugin
LogPluginManager: Loaded Plugin SteamController, From C:/Program Files/Epic Games/4.13/Engine/Plugins/Runtime/Steam/SteamController/SteamController.uplugin
LogPluginManager: Loaded Plugin SteamVR, From C:/Program Files/Epic Games/4.13/Engine/Plugins/Runtime/Steam/SteamVR/SteamVR.uplugin
LogPluginManager: Loaded Plugin WebBrowserWidget, From C:/Program Files/Epic Games/4.13/Engine/Plugins/Runtime/WebBrowserWidget/WebBrowserWidget.uplugin
LogPluginManager: Loaded Plugin WindowsDeviceProfileSelector, From C:/Program Files/Epic Games/4.13/Engine/Plugins/Runtime/WindowsDeviceProfileSelector/WindowsDeviceProfileSelector.uplugin
LogPluginManager: Loaded Plugin WindowsMoviePlayer, From C:/Program Files/Epic Games/4.13/Engine/Plugins/Runtime/WindowsMoviePlayer/WindowsMoviePlayer.uplugin
LogPluginManager: Loaded Plugin ScriptPlugin, From C:/Program Files/Epic Games/4.13/Engine/Plugins/ScriptPlugin/ScriptPlugin.uplugin
LogPluginManager: Loaded Plugin SlateRemote, From C:/Program Files/Epic Games/4.13/Engine/Plugins/Slate/SlateRemote/SlateRemote.uplugin
LogInit: Using libcurl 7.47.1
LogInit:  - built for x86_64-pc-win32
LogInit:  - supports SSL with WinSSL
LogInit:  - other features:
LogInit:      CURL_VERSION_SSL
LogInit:      CURL_VERSION_IPV6
LogInit:      CURL_VERSION_ASYNCHDNS
LogInit:      CURL_VERSION_LARGEFILE
LogInit:      CURL_VERSION_IDN
LogInit:  CurlRequestOptions (configurable via config and command line):
LogInit:  - bVerifyPeer = false  - Libcurl will NOT verify peer certificate
LogInit:  - bUseHttpProxy = false  - Libcurl will NOT use HTTP proxy
LogInit:  - bDontReuseConnections = false  - Libcurl will reuse connections
LogInit:  - CertBundlePath = nullptr  - Libcurl will use whatever was configured at build time.
LogInit: Build: ++UE4+Release-4.13-CL-3172292
LogInit: Engine Version: 4.13.2-3172292+++UE4+Release-4.13
LogInit: Compatible Engine Version: 4.13.0-3106830+++UE4+Release-4.13
LogInit: Net CL: 3172292
LogDevObjectVersion: Number of dev versions registered: 13
LogDevObjectVersion:   Dev-Blueprints (B0D832E4-1F89-4F0D-ACCF-7EB736FD4AA2): 5
LogDevObjectVersion:   Dev-Build (E1C64328-A22C-4D53-A36C-8E866417BD8C): 0
LogDevObjectVersion:   Dev-Core (375EC13C-06E4-48FB-B500-84F0262A717E): 1
LogDevObjectVersion:   Dev-Editor (E4B068ED-F494-42E9-A231-DA0B2E46BB41): 6
LogDevObjectVersion:   Dev-Framework (CFFC743F-43B0-4480-9391-14DF171D2073): 12
LogDevObjectVersion:   Dev-Mobile (B02B49B5-BB20-44E9-A304-32B752E40360): 0
LogDevObjectVersion:   Dev-Networking (A4E4105C-59A1-49B5-A7C5-40C4547EDFEE): 0
LogDevObjectVersion:   Dev-Online (39C831C9-5AE6-47DC-9A44-9C173E1C8E7C): 0
LogDevObjectVersion:   Dev-Physics (78F01B33-EBEA-4F98-B9B4-84EACCB95AA2): 0
LogDevObjectVersion:   Dev-Platform (6631380F-2D4D-43E0-8009-CF276956A95A): 0
LogDevObjectVersion:   Dev-Rendering (12F88B9F-8875-4AFC-A67C-D90C383ABD29): 4
LogDevObjectVersion:   Dev-Sequencer (7B5AE74C-D270-4C10-A958-57980B212A5A): 0
LogDevObjectVersion:   Dev-VR (D7296918-1DD6-4BDD-9DE2-64A83CC13884): 0
LogInit: Compiled (64-bit): Oct 24 2016 14:29:06
LogInit: Compiled with Visual C++: 19.00.23026.00
LogInit: Build Configuration: Development
LogInit: Branch Name: ++UE4+Release-4.13
LogInit: Command line:  
LogInit: Base directory: C:/Program Files/Epic Games/4.13/Engine/Binaries/Win64/
LogInit: Installed Engine Build: 1
LogInit: Presizing for max 8388607 objects, including 0 objects not considered by GC, pre-allocating 0 bytes for permanent pool.
LogInit: Object subsystem initialized
[2016.11.21-00.44.36:327][  0]LogInit: Selected Device Profile: [Windows]
[2016.11.21-00.44.36:327][  0]LogInit: Applying CVar settings loaded from the selected device profile: [Windows]
[2016.11.21-00.44.36:345][  0]LogInit: Computer: EMPRISE-PC1
[2016.11.21-00.44.36:345][  0]LogInit: User: emprise
[2016.11.21-00.44.36:345][  0]LogInit: CPU Page size=65536, Cores=4
[2016.11.21-00.44.36:345][  0]LogInit: High frequency timer resolution =3.515664 MHz
[2016.11.21-00.44.36:345][  0]LogMemory: Memory total: Physical=16.0GB (16GB approx)
[2016.11.21-00.44.36:345][  0]LogMemory: Platform Memory Stats for Windows
[2016.11.21-00.44.36:345][  0]LogMemory: Process Physical Memory: 258.32 MB used, 258.32 MB peak
[2016.11.21-00.44.36:345][  0]LogMemory: Process Virtual Memory: 262.66 MB used, 262.66 MB peak
[2016.11.21-00.44.36:345][  0]LogMemory: Physical Memory: 5186.45 MB used, 16334.92 MB total
[2016.11.21-00.44.36:345][  0]LogMemory: Virtual Memory: 594.27 MB used, 8388608.00 MB total
[2016.11.21-00.44.36:616][  0]LogInit: Overriding culture en w/ editor configuration.
[2016.11.21-00.44.38:063][  0]LogD3D11RHI: D3D11 adapters:
[2016.11.21-00.44.38:201][  0]LogD3D11RHI:    0. 'NVIDIA GeForce GTX 750' (Feature Level 11_0)
[2016.11.21-00.44.38:201][  0]LogD3D11RHI:       972/0/3072 MB DedicatedVideo/DedicatedSystem/SharedSystem, Outputs:2, VendorId:0x10de
[2016.11.21-00.44.38:201][  0]LogD3D11RHI: Chosen D3D11 Adapter: 0
[2016.11.21-00.44.38:207][  0]LogD3D11RHI: Creating new Direct3DDevice
[2016.11.21-00.44.38:207][  0]LogD3D11RHI:     GPU DeviceId: 0x1381 (for the marketing name, search the web for "GPU Device Id")
[2016.11.21-00.44.38:207][  0]LogWindows: EnumDisplayDevices:
[2016.11.21-00.44.38:208][  0]LogWindows:    0. 'NVIDIA GeForce GTX 750' (P:1 D:1)
[2016.11.21-00.44.38:208][  0]LogWindows:    1. 'NVIDIA GeForce GTX 750' (P:0 D:1)
[2016.11.21-00.44.38:209][  0]LogWindows:    2. 'NVIDIA GeForce GTX 750' (P:0 D:0)
[2016.11.21-00.44.38:209][  0]LogWindows:    3. 'NVIDIA GeForce GTX 750' (P:0 D:0)
[2016.11.21-00.44.38:209][  0]LogWindows:    4. 'RDPDD Chained DD' (P:0 D:0)
[2016.11.21-00.44.38:209][  0]LogWindows:    5. 'RDP Encoder Mirror Driver' (P:0 D:0)
[2016.11.21-00.44.38:210][  0]LogWindows:    6. 'RDP Reflector Display Driver' (P:0 D:0)
[2016.11.21-00.44.38:210][  0]LogWindows: DebugString: GetVideoDriverDetailsInvalid PrimaryIsNotTheChoosenAdapter GetVideoDriverDetailsInvalid PrimaryIsNotTheChoosenAdapter GetVideoDriverDetailsInvalid PrimaryIsNotTheChoosenAdapter FoundDriverCount:4 
[2016.11.21-00.44.38:210][  0]LogD3D11RHI:     Adapter Name: NVIDIA GeForce GTX 750
[2016.11.21-00.44.38:210][  0]LogD3D11RHI:   Driver Version: 368.81 (internal:10.18.13.6881, unified:368.81)
[2016.11.21-00.44.38:210][  0]LogD3D11RHI:      Driver Date: 7-10-2016
[2016.11.21-00.44.38:210][  0]LogRHI: Texture pool is 680 MB (70% of 972 MB)
[2016.11.21-00.44.38:343][  0]LogD3D11RHI: Async texture creation enabled
[2016.11.21-00.44.38:356][  0]LogD3D11RHI: GPU Timing Frequency: 1000.000000 (Debug: 2 2)
[2016.11.21-00.44.38:356][  0]LogShaderCompilers: Guid format shader working directory is -3 characters bigger than the processId version (D:/Wifun_작업문서 이정상/MyOwnUnrealProjects/TPSBuild_LJS/Intermediate/Shaders/WorkingDirectory/10964/).
[2016.11.21-00.44.38:357][  0]LogShaderCompilers: Cleaned the shader compiler working directory 'C:/Users/EMPRISE/AppData/Local/Temp/UnrealShaderWorkingDir/3417B77647AD053A915719B3BD4F76E5/'.
[2016.11.21-00.44.38:357][  0]LogShaderCompilers:Display: Using Local Shader Compiler.
[2016.11.21-00.44.40:659][  0]LogTemp:Display: Loaded TP AllDesktopTargetPlatform
[2016.11.21-00.44.40:671][  0]LogTemp:Display: Loaded TP WindowsClientTargetPlatform
[2016.11.21-00.44.40:683][  0]LogTemp:Display: Loaded TP WindowsNoEditorTargetPlatform
[2016.11.21-00.44.40:695][  0]LogTemp:Display: Loaded TP WindowsServerTargetPlatform
[2016.11.21-00.44.40:707][  0]LogTemp:Display: Loaded TP WindowsTargetPlatform
[2016.11.21-00.44.40:719][  0]LogTemp:Display: Loaded TP AndroidTargetPlatform
[2016.11.21-00.44.40:729][  0]LogTemp:Display: Loaded TP Android_ASTCTargetPlatform
[2016.11.21-00.44.40:741][  0]LogTemp:Display: Loaded TP Android_ATCTargetPlatform
[2016.11.21-00.44.40:752][  0]LogTemp:Display: Loaded TP Android_DXTTargetPlatform
[2016.11.21-00.44.40:763][  0]LogTemp:Display: Loaded TP Android_ETC1TargetPlatform
[2016.11.21-00.44.40:776][  0]LogTemp:Display: Loaded TP Android_ETC2TargetPlatform
[2016.11.21-00.44.40:805][  0]LogTemp:Display: Loaded TP Android_MultiTargetPlatform
[2016.11.21-00.44.40:805][  0]LogTemp:Display: Loaded TP Android_PVRTCTargetPlatform
[2016.11.21-00.44.40:810][  0]LogTemp:Display: Loaded TP HTML5TargetPlatform
[2016.11.21-00.44.40:852][  0]LogTemp:Display: Loaded TP IOSTargetPlatform
[2016.11.21-00.44.40:868][  0]LogTemp:Display: Loaded TP TVOSTargetPlatform
[2016.11.21-00.44.40:884][  0]LogTemp:Display: Loaded TP LinuxClientTargetPlatform
[2016.11.21-00.44.40:901][  0]LogTemp:Display: Loaded TP LinuxNoEditorTargetPlatform
[2016.11.21-00.44.40:916][  0]LogTemp:Display: Loaded TP LinuxServerTargetPlatform
[2016.11.21-00.44.40:928][  0]LogTemp:Display: Loaded TP LinuxTargetPlatform
[2016.11.21-00.44.40:928][  0]LogTargetPlatformManager:Display: Building Assets For Windows
[2016.11.21-00.44.41:280][  0]LogDerivedDataCache:Display: Max Cache Size: 512 MB
[2016.11.21-00.44.41:455][  0]LogDerivedDataCache: Loaded boot cache 0.17s 62MB C:/Users/EMPRISE/AppData/Local/UnrealEngine/4.13/DerivedDataCache/Boot.ddc.
[2016.11.21-00.44.41:455][  0]LogDerivedDataCache:Display: Loaded Boot cache: C:/Users/EMPRISE/AppData/Local/UnrealEngine/4.13/DerivedDataCache/Boot.ddc
[2016.11.21-00.44.41:455][  0]LogDerivedDataCache: FDerivedDataBackendGraph:  Pak pak cache file D:/Wifun_작업문서 이정상/MyOwnUnrealProjects/TPSBuild_LJS/DerivedDataCache/DDC.ddp not found, will not use a pak cache.
[2016.11.21-00.44.41:455][  0]LogDerivedDataCache: Unable to find inner node Pak for hierarchical cache Hierarchy.
[2016.11.21-00.44.41:455][  0]LogDerivedDataCache: FDerivedDataBackendGraph:  CompressedPak pak cache file D:/Wifun_작업문서 이정상/MyOwnUnrealProjects/TPSBuild_LJS/DerivedDataCache/Compressed.ddp not found, will not use a pak cache.
[2016.11.21-00.44.41:455][  0]LogDerivedDataCache: Unable to find inner node CompressedPak for hierarchical cache Hierarchy.
[2016.11.21-00.44.41:475][  0]LogDerivedDataCache:Display: Pak cache opened for reading ../../../Engine/DerivedDataCache/Compressed.ddp.
[2016.11.21-00.44.41:488][  0]LogDerivedDataCache: Using Local data cache path C:/Users/EMPRISE/AppData/Local/UnrealEngine/Common/DerivedDataCache: Writable
[2016.11.21-00.44.42:188][  0]LogInit: Selected Device Profile: [Windows]
[2016.11.21-00.44.42:189][  0]LogMaterial: Uniform references updated for custom material expression Custom.
[2016.11.21-00.44.42:194][  0]LogContentStreaming: Texture pool size is 0.00 MB
[2016.11.21-00.44.42:451][  0]LogMeshUtilities: No automatic mesh reduction module available
[2016.11.21-00.44.42:451][  0]LogMeshUtilities: No automatic mesh merging module available
[2016.11.21-00.44.42:451][  0]LogMeshUtilities: No distributed automatic mesh merging module available
[2016.11.21-00.44.42:886][  0]LogNetVersion: GetLocalNetworkVersion: CL: 3106830, ProjectName: tpsbuild_ljs, ProjectVersion: , EngineNetworkVersion: 1, GameNetworkVersion: 0, NetworkChecksum: 624537039
[2016.11.21-00.44.42:933][  0]LogAssetRegistry: FAssetRegistry took 0.0205 seconds to start up
[2016.11.21-00.44.42:995][  0]LogPackageLocalizationCache: Processed 3 localized package path(s) for 1 prioritized culture(s) in 0.055669 seconds
[2016.11.21-00.44.43:001][  0]LogUObjectArray: 29778 objects as part of root set at end of initial load.
[2016.11.21-00.44.43:001][  0]LogUObjectAllocator: 6125456 out of 0 bytes used by permanent object pool.
[2016.11.21-00.44.43:001][  0]LogUObjectArray: CloseDisregardForGC: 0/0 objects in disregard for GC pool
[2016.11.21-00.44.43:072][  0]LogInit: WinSock: version 1.1 (2.2), MaxSocks=32767, MaxUdp=65467
[2016.11.21-00.44.44:177][  0]LogSlate: SlateFontCache - WITH_FREETYPE: 1, WITH_HARFBUZZ: 1
[2016.11.21-00.44.44:177][  0]LogSlate: SlateFontCache - WITH_FREETYPE: 1, WITH_HARFBUZZ: 1
[2016.11.21-00.44.46:156][  0]LogTcpMessaging: Initializing TcpMessaging bridge
[2016.11.21-00.44.46:190][  0]LogUdpMessaging: Initializing bridge on interface 0.0.0.0:0 to multicast group 230.0.0.1:6666.
[2016.11.21-00.44.46:722][  0]SourceControl: Info Source control is disabled
[2016.11.21-00.44.47:243][  0]SourceControl: Info Source control is disabled
[2016.11.21-00.44.47:291][  0]SourceControl: Info Source control is disabled
[2016.11.21-00.44.47:318][  0]SourceControl: Info Source control is disabled
[2016.11.21-00.44.48:070][  0]LogEngine: Initializing Engine...
[2016.11.21-00.44.48:072][  0]LogHMD: Failed to initialize OpenVR with code 110
[2016.11.21-00.44.48:262][  0]LogAIModule: Creating AISystem for world Untitled
[2016.11.21-00.44.48:305][  0]LogInit: XAudio2 using '스피커(2- Realtek High Definition Audio)' : 2 channels at 48 kHz using 32 bits per sample (channel mask 0x3)
[2016.11.21-00.44.48:366][  0]LogInit: FAudioDevice initialized.
[2016.11.21-00.44.48:395][  0]LogDerivedDataCache: Saved boot cache 0.03s 62MB C:/Users/EMPRISE/AppData/Local/UnrealEngine/4.13/DerivedDataCache/Boot.ddc.
[2016.11.21-00.44.48:400][  0]LogInit: Texture streaming: Enabled
[2016.11.21-00.44.48:457][  0]LogInit: Transaction tracking system initialized
[2016.11.21-00.44.48:661][  0]BlueprintLog: New page: Editor Load
[2016.11.21-00.44.49:119][  0]LocalizationService: Info Localization service is disabled
[2016.11.21-00.44.49:368][  0]LogConsoleResponse:Display: 
[2016.11.21-00.44.49:538][  0]LogCook:Display: Max memory allowance for cook 16384mb min free memory 0mb
[2016.11.21-00.44.49:538][  0]LogCook:Display: Mobile HDR setting 1
[2016.11.21-00.44.50:073][  0]LogFileCache: Scanning file cache for directory 'D:/Wifun_작업문서 이정상/MyOwnUnrealProjects/TPSBuild_LJS/Content/' took 0.02s
[2016.11.21-00.44.50:073][  0]SourceControl: Info Source control is disabled
[2016.11.21-00.44.50:073][  0]Cmd: MAP LOAD FILE="D:/Wifun_작업문서 이정상/MyOwnUnrealProjects/TPSBuild_LJS/Content/ThirdPersonBP/Maps/ThirdPersonExampleMap.umap" TEMPLATE=0 SHOWPROGRESS=1 FEATURELEVEL=3
[2016.11.21-00.44.50:093][  0]LightingResults: New page: Lighting Build
[2016.11.21-00.44.50:104][  0]MapCheck: New page: Map Check
[2016.11.21-00.44.50:104][  0]LightingResults: New page: Lighting Build
[2016.11.21-00.44.52:007][  0]LogAIModule: Creating AISystem for world ThirdPersonExampleMap
[2016.11.21-00.44.52:035][  0]LogEditorServer: Finished looking for orphan Actors (0.000 secs)
[2016.11.21-00.44.52:036][  0]Cmd: MAP CHECKDEP NOCLEARLOG
[2016.11.21-00.44.52:132][  0]MapCheck: Info Map check complete: 0 Error(s), 0 Warning(s), took 95.775ms to complete.
[2016.11.21-00.44.52:132][  0]LogFileHelpers: Loading map 'ThirdPersonExampleMap' took 2.062
[2016.11.21-00.44.52:288][  0]LogCollectionManager: Loaded 0 collections in 0.001703 seconds
[2016.11.21-00.44.52:337][  0]LogFileCache: Scanning file cache for directory 'D:/Wifun_작업문서 이정상/MyOwnUnrealProjects/TPSBuild_LJS/Saved/Collections/' took 0.01s
[2016.11.21-00.44.52:337][  0]LogFileCache: Scanning file cache for directory 'D:/Wifun_작업문서 이정상/MyOwnUnrealProjects/TPSBuild_LJS/Content/Developers/emprise/Collections/' took 0.01s
[2016.11.21-00.44.52:337][  0]LogFileCache: Scanning file cache for directory 'D:/Wifun_작업문서 이정상/MyOwnUnrealProjects/TPSBuild_LJS/Content/Collections/' took 0.01s
[2016.11.21-00.44.52:337][  0]LogCollectionManager: Rebuilt the GUID cache for 0 collections in 0.000005 seconds
[2016.11.21-00.44.52:346][  0]LogContentBrowser: Native class hierarchy populated in 0.0081 seconds. Added 2141 classes and 415 folders.
[2016.11.21-00.44.52:356][  0]LogStats: UGameplayTagsManager::ConstructGameplayTagTree: Construct from data asset -  0.000 s
[2016.11.21-00.44.52:356][  0]LogStats: UGameplayTagsManager::ConstructGameplayTagTree: GameplayTagTreeChangedEvent.Broadcast -  0.000 s
[2016.11.21-00.44.52:357][  0]LogContentBrowser: Native class hierarchy updated for 'GameplayTags' in 0.0007 seconds. Added 12 classes and 0 folders.
[2016.11.21-00.44.52:373][  0]LogContentBrowser: Native class hierarchy updated for 'WidgetCarousel' in 0.0007 seconds. Added 0 classes and 0 folders.
[2016.11.21-00.44.52:529][  0]LogContentBrowser: Native class hierarchy updated for 'AddContentDialog' in 0.0007 seconds. Added 0 classes and 0 folders.
[2016.11.21-00.44.52:551][  0]LogContentBrowser: Native class hierarchy updated for 'SceneOutliner' in 0.0007 seconds. Added 1 classes and 2 folders.
[2016.11.21-00.44.52:633][  0]LogCrashTracker: Crashtracker disabled due to settings.
[2016.11.21-00.44.52:638][  0]LogUObjectGlobals:Warning: Failed to find object 'Class None.'
[2016.11.21-00.44.52:674][  0]LogContentBrowser: Native class hierarchy updated for 'HierarchicalLODOutliner' in 0.0009 seconds. Added 1 classes and 2 folders.
[2016.11.21-00.44.52:674][  0]LogLoad: (Engine Initialization) Total time: 18.92 seconds
[2016.11.21-00.44.52:674][  0]LogLoad: (Engine Initialization) Total Blueprint compile time: 0.21 seconds
[2016.11.21-00.44.52:674][  0]LogExternalProfiler: Found external profiler: VSPerf
[2016.11.21-00.44.52:674][  0]LogExternalProfiler: Using external profiler: VSPerf
[2016.11.21-00.44.53:016][  0]LogOcInput: OculusInput pre-init called
[2016.11.21-00.44.53:048][  0]LogContentStreaming: Texture pool size now 1000 MB
[2016.11.21-00.44.53:306][  0]LogRenderer: Reallocating scene render targets to support 1196x652 (Frame:2).
[2016.11.21-00.44.53:380][  1]LogAssetRegistry: Asset discovery search completed in 10.4814 seconds
[2016.11.21-00.44.53:380][  1]LogCollectionManager: Rebuilt the object cache for 0 collections in 0.000001 seconds (found 0 objects)
[2016.11.21-00.44.53:380][  1]LogCollectionManager: Fixed up redirectors for 0 collections in 0.000025 seconds (updated 0 objects)
[2016.11.21-00.46.06:290][280]LogEditorViewport: Clicking on Actor (LMB): ThirdPersonCharacter_C (ThirdPersonCharacter)
[2016.11.21-00.46.13:260][879]LogContentBrowser: Native class hierarchy updated for 'BlueprintGraph' in 0.0011 seconds. Added 112 classes and 0 folders.
[2016.11.21-00.47.02:533][220]LogRenderer: Reallocating scene render targets to support 1544x1020 (Frame:6327).
[2016.11.21-00.47.09:606][619]LogSkeletalMesh: InitArticulated: Bodies already created (/Engine/Transient.DebugSkelMeshComponent_0) - call TermArticulated first.
[2016.11.21-00.54.52:823][862]LogFileHelpers: Editor autosave (incl. sublevels) for '/Game/ThirdPersonBP/Maps/ThirdPersonExampleMap' took 0.033
[2016.11.21-00.54.52:825][862]OBJ SavePackage: Generating thumbnails for [1] asset(s) in package [/Game/Mannequin/Animations/ThirdPerson_AnimBP] ([1] browsable assets)...
[2016.11.21-00.54.52:939][862]OBJ SavePackage:     Rendered thumbnail for [AnimBlueprint /Game/Mannequin/Animations/ThirdPerson_AnimBP.ThirdPerson_AnimBP]
[2016.11.21-00.54.52:939][862]OBJ SavePackage: Finished generating thumbnails for package [/Game/Mannequin/Animations/ThirdPerson_AnimBP]
[2016.11.21-00.54.53:008][862]LogSavePackage: Save=58.26ms
[2016.11.21-00.54.53:008][862]LogSavePackage: Moving 'D:/Wifun_작업문서 이정상/MyOwnUnrealProjects/TPSBuild_LJS/Saved/ThirdPerson_AnimBP_Auto101D4AFB94F3F65C259C3A79BE7426FFE.tmp' to 'D:/Wifun_작업문서 이정상/MyOwnUnrealProjects/TPSBuild_LJS/Saved/Autosaves/Game/Mannequin/Animations/ThirdPerson_AnimBP_Auto1.uasset'
[2016.11.21-00.54.53:010][862]LogSavePackage:Display: Finished SavePackage D:/Wifun_작업문서 이정상/MyOwnUnrealProjects/TPSBuild_LJS/Saved/Autosaves/Game/Mannequin/Animations/ThirdPerson_AnimBP_Auto1.uasset
[2016.11.21-00.54.53:010][862]LogFileHelpers: Auto-saving content packages took 0.187
[2016.11.21-00.57.08:538][810]LogUObjectArray:Warning: Invalid object index -572662307
[2016.11.21-00.57.08:558][810]LogStats: FPlatformStackWalk::StackWalkAndDump -  0.020 s
[2016.11.21-00.57.08:558][810]LogOutputDevice:Error: === Handled ensure: ===
[2016.11.21-00.57.08:558][810]LogOutputDevice:Error: 
[2016.11.21-00.57.08:558][810]LogOutputDevice:Error: Ensure condition failed: false [File:D:\Build\++UE4+Release-4.13+Compile\Sync\Engine\Source\Editor\UnrealEd\Private\Kismet2\KismetDebugUtilities.cpp] [Line: 1018]
[2016.11.21-00.57.08:558][810]LogOutputDevice:Error: Error: Invalid (but non-null) property associated with pin; cannot get variable value
[2016.11.21-00.57.08:558][810]LogOutputDevice:Error: Stack: 
[2016.11.21-00.57.08:558][810]LogOutputDevice:Error: UE4Editor-Core.dll
[2016.11.21-00.57.08:558][810]LogOutputDevice:Error: UE4Editor-Core.dll
[2016.11.21-00.57.08:558][810]LogOutputDevice:Error: UE4Editor-Core.dll
[2016.11.21-00.57.08:558][810]LogOutputDevice:Error: UE4Editor-UnrealEd.dll
[2016.11.21-00.57.08:558][810]LogOutputDevice:Error: UE4Editor-BlueprintGraph.dll
[2016.11.21-00.57.08:558][810]LogOutputDevice:Error: UE4Editor-GraphEditor.dll
[2016.11.21-00.57.08:558][810]LogOutputDevice:Error: UE4Editor-GraphEditor.dll
[2016.11.21-00.57.08:558][810]LogOutputDevice:Error: UE4Editor-GraphEditor.dll
[2016.11.21-00.57.08:558][810]LogOutputDevice:Error: UE4Editor-GraphEditor.dll
[2016.11.21-00.57.08:558][810]LogOutputDevice:Error: UE4Editor-Slate.dll
[2016.11.21-00.57.08:558][810]LogOutputDevice:Error: UE4Editor-Slate.dll
[2016.11.21-00.57.08:558][810]LogOutputDevice:Error: UE4Editor-Slate.dll
[2016.11.21-00.57.08:558][810]LogOutputDevice:Error: UE4Editor-Slate.dll
[2016.11.21-00.57.08:558][810]LogOutputDevice:Error: UE4Editor-Slate.dll
[2016.11.21-00.57.08:558][810]LogOutputDevice:Error: UE4Editor-Slate.dll
[2016.11.21-00.57.08:558][810]LogOutputDevice:Error: UE4Editor-Core.dll
[2016.11.21-00.57.08:558][810]LogOutputDevice:Error: UE4Editor-Core.dll
[2016.11.21-00.57.08:558][810]LogOutputDevice:Error: UE4Editor-Core.dll
[2016.11.21-00.57.08:558][810]LogOutputDevice:Error: UE4Editor-Core.dll
[2016.11.21-00.57.08:558][810]LogOutputDevice:Error: USER32.dll
[2016.11.21-00.57.08:558][810]LogOutputDevice:Error: USER32.dll
[2016.11.21-00.57.08:558][810]LogOutputDevice:Error: UE4Editor-Core.dll
[2016.11.21-00.57.08:558][810]LogOutputDevice:Error: UE4Editor.exe
[2016.11.21-00.57.08:558][810]LogOutputDevice:Error: UE4Editor.exe
[2016.11.21-00.57.08:558][810]LogOutputDevice:Error: UE4Editor.exe
[2016.11.21-00.57.08:558][810]LogOutputDevice:Error: UE4Editor.exe
[2016.11.21-00.57.08:558][810]LogOutputDevice:Error: UE4Editor.exe
[2016.11.21-00.57.08:558][810]LogOutputDevice:Error: kernel32.dll
[2016.11.21-00.57.08:558][810]LogOutputDevice:Error: ntdll.dll
[2016.11.21-00.57.08:558][810]LogOutputDevice:Error: ntdll.dll
[2016.11.21-00.57.08:558][810]LogOutputDevice:Error: 
[2016.11.21-00.57.08:558][810]LogStats:                SubmitErrorReport -  0.000 s
[2016.11.21-00.57.09:368][810]LogStats:                    SendNewReport -  0.810 s
[2016.11.21-00.57.09:368][810]LogStats:             FDebug::EnsureFailed -  0.831 s
[2016.11.21-00.57.09:369][810]LogUObjectArray:Warning: Invalid object index -572662307
[2016.11.21-00.57.13:276][225]LogUObjectArray:Warning: Invalid object index -572662307
[2016.11.21-00.57.13:276][225]LogUObjectArray:Warning: Invalid object index -572662307
[2016.11.21-00.57.13:277][225]LogUObjectArray:Warning: Invalid object index -572662307
[2016.11.21-00.57.13:278][225]LogUObjectArray:Warning: Invalid object index -572662307
[2016.11.21-00.57.13:280][225]LogUObjectArray:Warning: Invalid object index -572662307
[2016.11.21-00.57.13:284][226]LogUObjectArray:Warning: Invalid object index -572662307
[2016.11.21-00.57.13:285][226]LogUObjectArray:Warning: Invalid object index -572662307
[2016.11.21-00.57.13:289][226]LogUObjectArray:Warning: Invalid object index -572662307
[2016.11.21-00.57.13:294][227]LogUObjectArray:Warning: Invalid object index -572662307
[2016.11.21-00.57.13:295][227]LogUObjectArray:Warning: Invalid object index -572662307
[2016.11.21-00.57.13:297][227]LogUObjectArray:Warning: Invalid object index -572662307
[2016.11.21-00.57.15:409][458]LogUObjectArray:Warning: Invalid object index -572662307
[2016.11.21-00.57.15:409][458]LogUObjectArray:Warning: Invalid object index -572662307
[2016.11.21-00.57.15:411][458]LogUObjectArray:Warning: Invalid object index -572662307
[2016.11.21-00.57.15:413][458]LogUObjectArray:Warning: Invalid object index -572662307
[2016.11.21-00.57.15:418][459]LogUObjectArray:Warning: Invalid object index -572662307
[2016.11.21-00.57.15:419][459]LogUObjectArray:Warning: Invalid object index -572662307
[2016.11.21-00.57.15:423][459]LogUObjectArray:Warning: Invalid object index -572662307
[2016.11.21-00.57.15:427][460]LogUObjectArray:Warning: Invalid object index -572662307
[2016.11.21-00.57.15:428][460]LogUObjectArray:Warning: Invalid object index -572662307
[2016.11.21-00.57.15:431][460]LogUObjectArray:Warning: Invalid object index -572662307
[2016.11.21-00.57.15:437][461]LogUObjectArray:Warning: Invalid object index -572662307
[2016.11.21-00.57.15:439][461]LogUObjectArray:Warning: Invalid object index -572662307
[2016.11.21-00.57.15:442][461]LogUObjectArray:Warning: Invalid object index -572662307
[2016.11.21-00.57.15:446][462]LogUObjectArray:Warning: Invalid object index -572662307
[2016.11.21-00.57.15:447][462]LogUObjectArray:Warning: Invalid object index -572662307
[2016.11.21-00.57.15:450][462]LogUObjectArray:Warning: Invalid object index -572662307
[2016.11.21-00.57.15:456][463]LogUObjectArray:Warning: Invalid object index -572662307
[2016.11.21-00.57.15:457][463]LogUObjectArray:Warning: Invalid object index -572662307
[2016.11.21-00.57.15:459][463]LogUObjectArray:Warning: Invalid object index -572662307
[2016.11.21-00.57.15:464][464]LogUObjectArray:Warning: Invalid object index -572662307
[2016.11.21-00.57.15:465][464]LogUObjectArray:Warning: Invalid object index -572662307
[2016.11.21-00.57.15:467][464]LogUObjectArray:Warning: Invalid object index -572662307
[2016.11.21-00.57.15:474][465]LogUObjectArray:Warning: Invalid object index -572662307
[2016.11.21-00.57.15:476][465]LogUObjectArray:Warning: Invalid object index -572662307
[2016.11.21-00.57.15:482][466]LogUObjectArray:Warning: Invalid object index -572662307
[2016.11.21-00.57.15:483][466]LogUObjectArray:Warning: Invalid object index -572662307
[2016.11.21-00.57.15:485][466]LogUObjectArray:Warning: Invalid object index -572662307
[2016.11.21-00.57.15:492][467]LogUObjectArray:Warning: Invalid object index -572662307
[2016.11.21-00.57.15:494][467]LogUObjectArray:Warning: Invalid object index -572662307
[2016.11.21-00.57.15:500][468]LogUObjectArray:Warning: Invalid object index -572662307
[2016.11.21-00.57.15:503][468]LogUObjectArray:Warning: Invalid object index -572662307
[2016.11.21-00.57.15:509][469]LogUObjectArray:Warning: Invalid object index -572662307
[2016.11.21-00.57.15:512][469]LogUObjectArray:Warning: Invalid object index -572662307
[2016.11.21-00.57.15:519][470]LogUObjectArray:Warning: Invalid object index -572662307
[2016.11.21-00.57.15:522][470]LogUObjectArray:Warning: Invalid object index -572662307
[2016.11.21-00.57.15:529][471]LogUObjectArray:Warning: Invalid object index -572662307
[2016.11.21-00.57.15:531][471]LogUObjectArray:Warning: Invalid object index -572662307
[2016.11.21-00.57.15:539][472]LogUObjectArray:Warning: Invalid object index -572662307
[2016.11.21-00.57.15:541][472]LogUObjectArray:Warning: Invalid object index -572662307
[2016.11.21-00.57.15:548][473]LogUObjectArray:Warning: Invalid object index -572662307
[2016.11.21-00.57.15:550][473]LogUObjectArray:Warning: Invalid object index -572662307
[2016.11.21-00.57.15:557][474]LogUObjectArray:Warning: Invalid object index -572662307
[2016.11.21-00.57.15:559][474]LogUObjectArray:Warning: Invalid object index -572662307
[2016.11.21-00.57.15:565][475]LogUObjectArray:Warning: Invalid object index -572662307
[2016.11.21-00.57.15:568][475]LogUObjectArray:Warning: Invalid object index -572662307
[2016.11.21-00.57.15:574][476]LogUObjectArray:Warning: Invalid object index -572662307
[2016.11.21-00.57.15:576][476]LogUObjectArray:Warning: Invalid object index -572662307
[2016.11.21-00.57.15:583][477]LogUObjectArray:Warning: Invalid object index -572662307
[2016.11.21-00.57.15:586][477]LogUObjectArray:Warning: Invalid object index -572662307
[2016.11.21-00.57.15:593][478]LogUObjectArray:Warning: Invalid object index -572662307
[2016.11.21-00.57.15:595][478]LogUObjectArray:Warning: Invalid object index -572662307
[2016.11.21-00.57.15:602][479]LogUObjectArray:Warning: Invalid object index -572662307
[2016.11.21-00.57.15:605][479]LogUObjectArray:Warning: Invalid object index -572662307
[2016.11.21-00.57.15:612][480]LogUObjectArray:Warning: Invalid object index -572662307
[2016.11.21-00.57.15:614][480]LogUObjectArray:Warning: Invalid object index -572662307
[2016.11.21-00.57.15:621][481]LogUObjectArray:Warning: Invalid object index -572662307
[2016.11.21-00.57.15:624][481]LogUObjectArray:Warning: Invalid object index -572662307
[2016.11.21-00.57.15:630][482]LogUObjectArray:Warning: Invalid object index -572662307
[2016.11.21-00.57.15:632][482]LogUObjectArray:Warning: Invalid object index -572662307
[2016.11.21-00.57.15:639][483]LogUObjectArray:Warning: Invalid object index -572662307
[2016.11.21-00.57.15:642][483]LogUObjectArray:Warning: Invalid object index -572662307
[2016.11.21-00.57.15:648][484]LogUObjectArray:Warning: Invalid object index -572662307
[2016.11.21-00.57.15:650][484]LogUObjectArray:Warning: Invalid object index -572662307
[2016.11.21-00.57.15:658][485]LogUObjectArray:Warning: Invalid object index -572662307
[2016.11.21-00.57.15:660][485]LogUObjectArray:Warning: Invalid object index -572662307
[2016.11.21-00.57.15:666][486]LogUObjectArray:Warning: Invalid object index -572662307
[2016.11.21-00.57.15:668][486]LogUObjectArray:Warning: Invalid object index -572662307
[2016.11.21-00.57.15:677][487]LogUObjectArray:Warning: Invalid object index -572662307
[2016.11.21-00.57.15:679][487]LogUObjectArray:Warning: Invalid object index -572662307
[2016.11.21-00.57.15:685][488]LogUObjectArray:Warning: Invalid object index -572662307
[2016.11.21-00.57.15:688][488]LogUObjectArray:Warning: Invalid object index -572662307
[2016.11.21-00.57.15:694][489]LogUObjectArray:Warning: Invalid object index -572662307
[2016.11.21-00.57.15:696][489]LogUObjectArray:Warning: Invalid object index -572662307
[2016.11.21-00.57.15:705][490]LogUObjectArray:Warning: Invalid object index -572662307
[2016.11.21-00.57.15:707][490]LogUObjectArray:Warning: Invalid object index -572662307
[2016.11.21-00.57.15:713][491]LogUObjectArray:Warning: Invalid object index -572662307
[2016.11.21-00.57.15:715][491]LogUObjectArray:Warning: Invalid object index -572662307
[2016.11.21-00.57.15:722][492]LogUObjectArray:Warning: Invalid object index -572662307
[2016.11.21-00.57.15:725][492]LogUObjectArray:Warning: Invalid object index -572662307
[2016.11.21-00.57.15:732][493]LogUObjectArray:Warning: Invalid object index -572662307
[2016.11.21-00.57.15:734][493]LogUObjectArray:Warning: Invalid object index -572662307
[2016.11.21-00.57.15:742][494]LogUObjectArray:Warning: Invalid object index -572662307
[2016.11.21-00.57.15:744][494]LogUObjectArray:Warning: Invalid object index -572662307
[2016.11.21-00.57.15:750][495]LogUObjectArray:Warning: Invalid object index -572662307
[2016.11.21-00.57.15:752][495]LogUObjectArray:Warning: Invalid object index -572662307
[2016.11.21-00.57.15:759][496]LogUObjectArray:Warning: Invalid object index -572662307
[2016.11.21-00.57.15:761][496]LogUObjectArray:Warning: Invalid object index -572662307
[2016.11.21-00.57.15:768][497]LogUObjectArray:Warning: Invalid object index -572662307
[2016.11.21-00.57.15:771][497]LogUObjectArray:Warning: Invalid object index -572662307
[2016.11.21-00.57.15:778][498]LogUObjectArray:Warning: Invalid object index -572662307
[2016.11.21-00.57.15:780][498]LogUObjectArray:Warning: Invalid object index -572662307
[2016.11.21-00.57.15:786][499]LogUObjectArray:Warning: Invalid object index -572662307
[2016.11.21-00.57.15:789][499]LogUObjectArray:Warning: Invalid object index -572662307
[2016.11.21-00.57.15:795][500]LogUObjectArray:Warning: Invalid object index -572662307
[2016.11.21-00.57.15:797][500]LogUObjectArray:Warning: Invalid object index -572662307
[2016.11.21-00.57.15:805][501]LogUObjectArray:Warning: Invalid object index -572662307
[2016.11.21-00.57.15:808][501]LogUObjectArray:Warning: Invalid object index -572662307
[2016.11.21-00.57.15:813][502]LogUObjectArray:Warning: Invalid object index -572662307
[2016.11.21-00.57.15:816][502]LogUObjectArray:Warning: Invalid object index -572662307
[2016.11.21-00.57.15:823][503]LogUObjectArray:Warning: Invalid object index -572662307
[2016.11.21-00.57.15:825][503]LogUObjectArray:Warning: Invalid object index -572662307
[2016.11.21-00.57.15:832][504]LogUObjectArray:Warning: Invalid object index -572662307
[2016.11.21-00.57.15:834][504]LogUObjectArray:Warning: Invalid object index -572662307
[2016.11.21-00.57.15:842][505]LogUObjectArray:Warning: Invalid object index -572662307
[2016.11.21-00.57.15:844][505]LogUObjectArray:Warning: Invalid object index -572662307
[2016.11.21-00.57.15:850][506]LogUObjectArray:Warning: Invalid object index -572662307
[2016.11.21-00.57.15:852][506]LogUObjectArray:Warning: Invalid object index -572662307
[2016.11.21-00.57.15:860][507]LogUObjectArray:Warning: Invalid object index -572662307
[2016.11.21-00.57.15:862][507]LogUObjectArray:Warning: Invalid object index -572662307
[2016.11.21-00.57.15:868][508]LogUObjectArray:Warning: Invalid object index -572662307
[2016.11.21-00.57.15:871][508]LogUObjectArray:Warning: Invalid object index -572662307
[2016.11.21-00.57.15:878][509]LogUObjectArray:Warning: Invalid object index -572662307
[2016.11.21-00.57.15:880][509]LogUObjectArray:Warning: Invalid object index -572662307
[2016.11.21-00.57.15:886][510]LogUObjectArray:Warning: Invalid object index -572662307
[2016.11.21-00.57.15:889][510]LogUObjectArray:Warning: Invalid object index -572662307
[2016.11.21-00.57.15:897][511]LogUObjectArray:Warning: Invalid object index -572662307
[2016.11.21-00.57.15:899][511]LogUObjectArray:Warning: Invalid object index -572662307
[2016.11.21-00.57.15:906][512]LogUObjectArray:Warning: Invalid object index -572662307
[2016.11.21-00.57.15:909][512]LogUObjectArray:Warning: Invalid object index -572662307
[2016.11.21-00.57.15:914][513]LogUObjectArray:Warning: Invalid object index -572662307
[2016.11.21-00.57.15:916][513]LogUObjectArray:Warning: Invalid object index -572662307
[2016.11.21-00.57.15:924][514]LogUObjectArray:Warning: Invalid object index -572662307
[2016.11.21-00.57.15:926][514]LogUObjectArray:Warning: Invalid object index -572662307
[2016.11.21-00.57.15:931][515]LogUObjectArray:Warning: Invalid object index -572662307
[2016.11.21-00.57.15:933][515]LogUObjectArray:Warning: Invalid object index -572662307
[2016.11.21-00.57.15:942][516]LogUObjectArray:Warning: Invalid object index -572662307
[2016.11.21-00.57.15:944][516]LogUObjectArray:Warning: Invalid object index -572662307
[2016.11.21-00.57.15:950][517]LogUObjectArray:Warning: Invalid object index -572662307
[2016.11.21-00.57.15:953][517]LogUObjectArray:Warning: Invalid object index -572662307
[2016.11.21-00.57.15:961][518]LogUObjectArray:Warning: Invalid object index -572662307
[2016.11.21-00.57.15:963][518]LogUObjectArray:Warning: Invalid object index -572662307
[2016.11.21-00.57.15:969][519]LogUObjectArray:Warning: Invalid object index -572662307
[2016.11.21-00.57.15:972][519]LogUObjectArray:Warning: Invalid object index -572662307
[2016.11.21-00.57.15:978][520]LogUObjectArray:Warning: Invalid object index -572662307
[2016.11.21-00.57.15:980][520]LogUObjectArray:Warning: Invalid object index -572662307
[2016.11.21-00.57.15:987][521]LogUObjectArray:Warning: Invalid object index -572662307
[2016.11.21-00.57.15:990][521]LogUObjectArray:Warning: Invalid object index -572662307
[2016.11.21-00.57.15:997][522]LogUObjectArray:Warning: Invalid object index -572662307
[2016.11.21-00.57.15:999][522]LogUObjectArray:Warning: Invalid object index -572662307
[2016.11.21-00.57.16:006][523]LogUObjectArray:Warning: Invalid object index -572662307
[2016.11.21-00.57.16:009][523]LogUObjectArray:Warning: Invalid object index -572662307
[2016.11.21-00.57.16:014][524]LogUObjectArray:Warning: Invalid object index -572662307
[2016.11.21-00.57.16:016][524]LogUObjectArray:Warning: Invalid object index -572662307
[2016.11.21-00.57.16:025][525]LogUObjectArray:Warning: Invalid object index -572662307
[2016.11.21-00.57.16:028][525]LogUObjectArray:Warning: Invalid object index -572662307
[2016.11.21-00.57.16:033][526]LogUObjectArray:Warning: Invalid object index -572662307
[2016.11.21-00.57.16:036][526]LogUObjectArray:Warning: Invalid object index -572662307
[2016.11.21-00.57.16:043][527]LogUObjectArray:Warning: Invalid object index -572662307
[2016.11.21-00.57.16:045][527]LogUObjectArray:Warning: Invalid object index -572662307
[2016.11.21-00.57.16:050][528]LogUObjectArray:Warning: Invalid object index -572662307
[2016.11.21-00.57.16:051][528]LogUObjectArray:Warning: Invalid object index -572662307
[2016.11.21-00.57.16:054][528]LogUObjectArray:Warning: Invalid object index -572662307
[2016.11.21-00.57.16:060][529]LogUObjectArray:Warning: Invalid object index -572662307
[2016.11.21-00.57.16:062][529]LogUObjectArray:Warning: Invalid object index -572662307
[2016.11.21-00.58.16:645][140]LogEditorTransaction: Undo Delete current selection
[2016.11.21-00.58.32:010][779]BlueprintLog: New page: Compile ThirdPerson_AnimBP
[2016.11.21-00.58.32:540][816]Cmd: OBJ SAVEPACKAGE PACKAGE="/Game/Mannequin/Animations/ThirdPerson_AnimBP" FILE="D:/Wifun_작업문서 이정상/MyOwnUnrealProjects/TPSBuild_LJS/Content/Mannequin/Animations/ThirdPerson_AnimBP.uasset" SILENT=true
[2016.11.21-00.58.32:591][816]LogSavePackage: Save=47.59ms
[2016.11.21-00.58.32:591][816]LogSavePackage: Moving 'D:/Wifun_작업문서 이정상/MyOwnUnrealProjects/TPSBuild_LJS/Saved/ThirdPerson_AnimBP91866BDD48FDF88871E851A13E1A837E.tmp' to 'D:/Wifun_작업문서 이정상/MyOwnUnrealProjects/TPSBuild_LJS/Content/Mannequin/Animations/ThirdPerson_AnimBP.uasset'
[2016.11.21-00.58.32:599][816]LogSavePackage:Display: Finished SavePackage D:/Wifun_작업문서 이정상/MyOwnUnrealProjects/TPSBuild_LJS/Content/Mannequin/Animations/ThirdPerson_AnimBP.uasset
[2016.11.21-00.58.41:010][691]LogRenderer: Reallocating scene render targets to support 1544x1036 (Frame:69990).
[2016.11.21-00.58.41:010][691]LogContentBrowser:Verbose: The majority of assets in the view are of type: AnimSequence
[2016.11.21-01.01.36:718][851]BlueprintLog: New page: Compile ThirdPerson_AnimBP
[2016.11.21-01.01.36:926][851]BlueprintEditorCompileResults: Info  BasePose  was visible but ignored
[2016.11.21-01.01.57:391][741]BlueprintLog: New page: Compile ThirdPerson_AnimBP
[2016.11.21-01.01.57:506][741]BlueprintEditorCompileResults: Info  BlendPoses_0  was visible but ignored
[2016.11.21-01.01.57:930][775]Cmd: OBJ SAVEPACKAGE PACKAGE="/Game/Mannequin/Animations/ThirdPerson_AnimBP" FILE="D:/Wifun_작업문서 이정상/MyOwnUnrealProjects/TPSBuild_LJS/Content/Mannequin/Animations/ThirdPerson_AnimBP.uasset" SILENT=true
[2016.11.21-01.01.57:977][775]LogSavePackage: Save=41.52ms
[2016.11.21-01.01.57:977][775]LogSavePackage: Moving 'D:/Wifun_작업문서 이정상/MyOwnUnrealProjects/TPSBuild_LJS/Saved/ThirdPerson_AnimBPA4E6E528479D91AB67F7A7B2F75AC503.tmp' to 'D:/Wifun_작업문서 이정상/MyOwnUnrealProjects/TPSBuild_LJS/Content/Mannequin/Animations/ThirdPerson_AnimBP.uasset'
[2016.11.21-01.01.57:981][775]LogSavePackage:Display: Finished SavePackage D:/Wifun_작업문서 이정상/MyOwnUnrealProjects/TPSBuild_LJS/Content/Mannequin/Animations/ThirdPerson_AnimBP.uasset
[2016.11.21-01.02.16:387][490]BlueprintLog: New page: Compile ThirdPerson_AnimBP
[2016.11.21-01.02.17:132][543]Cmd: OBJ SAVEPACKAGE PACKAGE="/Game/Mannequin/Animations/ThirdPerson_AnimBP" FILE="D:/Wifun_작업문서 이정상/MyOwnUnrealProjects/TPSBuild_LJS/Content/Mannequin/Animations/ThirdPerson_AnimBP.uasset" SILENT=true
[2016.11.21-01.02.17:177][543]LogSavePackage: Save=41.46ms
[2016.11.21-01.02.17:177][543]LogSavePackage: Moving 'D:/Wifun_작업문서 이정상/MyOwnUnrealProjects/TPSBuild_LJS/Saved/ThirdPerson_AnimBP2CB44F614C554BDCEDEA1DA75A45EDF9.tmp' to 'D:/Wifun_작업문서 이정상/MyOwnUnrealProjects/TPSBuild_LJS/Content/Mannequin/Animations/ThirdPerson_AnimBP.uasset'
[2016.11.21-01.02.17:180][543]LogSavePackage:Display: Finished SavePackage D:/Wifun_작업문서 이정상/MyOwnUnrealProjects/TPSBuild_LJS/Content/Mannequin/Animations/ThirdPerson_AnimBP.uasset
[2016.11.21-01.04.45:682][468]BlueprintLog: New page: Compile ThirdPerson_AnimBP
[2016.11.21-01.04.46:851][565]BlueprintLog: New page: Compile ThirdPerson_AnimBP
[2016.11.21-01.04.47:492][610]Cmd: OBJ SAVEPACKAGE PACKAGE="/Game/Mannequin/Animations/ThirdPerson_AnimBP" FILE="D:/Wifun_작업문서 이정상/MyOwnUnrealProjects/TPSBuild_LJS/Content/Mannequin/Animations/ThirdPerson_AnimBP.uasset" SILENT=true
[2016.11.21-01.04.47:538][610]LogSavePackage: Save=43.13ms
[2016.11.21-01.04.47:538][610]LogSavePackage: Moving 'D:/Wifun_작업문서 이정상/MyOwnUnrealProjects/TPSBuild_LJS/Saved/ThirdPerson_AnimBP0E7B02F140B741393ED43D94FDD80C0E.tmp' to 'D:/Wifun_작업문서 이정상/MyOwnUnrealProjects/TPSBuild_LJS/Content/Mannequin/Animations/ThirdPerson_AnimBP.uasset'
[2016.11.21-01.04.47:543][610]LogSavePackage:Display: Finished SavePackage D:/Wifun_작업문서 이정상/MyOwnUnrealProjects/TPSBuild_LJS/Content/Mannequin/Animations/ThirdPerson_AnimBP.uasset
[2016.11.21-01.09.07:854][736]Cmd: OBJ SAVEPACKAGE PACKAGE="/Game/Mannequin/Animations/ThirdPerson_AnimBP" FILE="D:/Wifun_작업문서 이정상/MyOwnUnrealProjects/TPSBuild_LJS/Content/Mannequin/Animations/ThirdPerson_AnimBP.uasset" SILENT=true
[2016.11.21-01.09.07:896][736]LogSavePackage: Save=37.62ms
[2016.11.21-01.09.07:896][736]LogSavePackage: Moving 'D:/Wifun_작업문서 이정상/MyOwnUnrealProjects/TPSBuild_LJS/Saved/ThirdPerson_AnimBP6893DD2E4123C3278708359F8B5AE3AC.tmp' to 'D:/Wifun_작업문서 이정상/MyOwnUnrealProjects/TPSBuild_LJS/Content/Mannequin/Animations/ThirdPerson_AnimBP.uasset'
[2016.11.21-01.09.07:900][736]LogSavePackage:Display: Finished SavePackage D:/Wifun_작업문서 이정상/MyOwnUnrealProjects/TPSBuild_LJS/Content/Mannequin/Animations/ThirdPerson_AnimBP.uasset
[2016.11.21-01.09.11:014][964]LogBlueprintUserMessages: Early PlayInEditor Detection: Level '/Game/ThirdPersonBP/Maps/ThirdPersonExampleMap.ThirdPersonExampleMap:PersistentLevel' has LevelScriptBlueprint '/Game/ThirdPersonBP/Maps/ThirdPersonExampleMap.ThirdPersonExampleMap:PersistentLevel.ThirdPersonExampleMap' with GeneratedClass '/Game/ThirdPersonBP/Maps/ThirdPersonExampleMap.ThirdPersonExampleMap_C' with ClassGeneratedBy '/Game/ThirdPersonBP/Maps/ThirdPersonExampleMap.ThirdPersonExampleMap:PersistentLevel.ThirdPersonExampleMap'
[2016.11.21-01.09.11:014][964]LogPlayLevel: PlayLevel: No blueprints needed recompiling
[2016.11.21-01.09.11:026][964]PIE: New page: PIE session: ThirdPersonExampleMap (Nov 21, 2016, 7:09:11 PM)
[2016.11.21-01.09.11:026][964]LogPlayLevel: Creating play world package: /Game/ThirdPersonBP/Maps/UEDPIE_1_ThirdPersonExampleMap
[2016.11.21-01.09.11:043][964]LogPlayLevel: PIE: StaticDuplicateObject took: (0.016960s)
[2016.11.21-01.09.11:044][964]LogAIModule: Creating AISystem for world ThirdPersonExampleMap
[2016.11.21-01.09.11:044][964]LogPlayLevel: PIE: World Init took: (0.000826s)
[2016.11.21-01.09.11:044][964]LogPlayLevel: PIE: Created PIE world by copying editor world from /Game/ThirdPersonBP/Maps/ThirdPersonExampleMap.ThirdPersonExampleMap to /Game/ThirdPersonBP/Maps/UEDPIE_1_ThirdPersonExampleMap.ThirdPersonExampleMap (0.018030s)
[2016.11.21-01.09.11:092][964]LogInit: XAudio2 using '스피커(2- Realtek High Definition Audio)' : 2 channels at 48 kHz using 32 bits per sample (channel mask 0x3)
[2016.11.21-01.09.11:103][964]LogInit: FAudioDevice initialized.
[2016.11.21-01.09.11:200][964]LogWorld: Game class is 'ThirdPersonGameMode_C'
[2016.11.21-01.09.11:203][964]LogWorld: Bringing World /Game/ThirdPersonBP/Maps/UEDPIE_1_ThirdPersonExampleMap.ThirdPersonExampleMap up for play (max tick rate 0) at 2016.11.21-10.09.11
[2016.11.21-01.09.11:204][964]LogWorld: Bringing up level for play took: 0.002609
[2016.11.21-01.09.11:226][964]LogContentBrowser: Native class hierarchy updated for 'MovieSceneCapture' in 0.0009 seconds. Added 11 classes and 0 folders.
[2016.11.21-01.09.11:226][964]LogInit: WinSock: Socket queue 131072 / 131072
[2016.11.21-01.09.11:235][964]LogInit: WinSock: I am emprise-PC1 (10.10.64.6:0)
[2016.11.21-01.09.11:235][964]PacketHandlerLog: Loaded PacketHandler component: Engine.EngineHandlerComponentFactory (StatelessConnectHandlerComponent)
[2016.11.21-01.09.11:235][964]LogNet: GameNetDriver IpNetDriver_0 IpNetDriver listening on port 7777
[2016.11.21-01.09.11:235][964]LogGameMode:Display: Match State Changed from EnteringMap to WaitingToStart
[2016.11.21-01.09.11:235][964]LogGameState: Match State Changed from EnteringMap to WaitingToStart
[2016.11.21-01.09.11:235][964]LogGameMode:Display: Match State Changed from WaitingToStart to InProgress
[2016.11.21-01.09.11:236][964]LogGameState: Match State Changed from WaitingToStart to InProgress
[2016.11.21-01.09.11:241][964]PIE: Info Play in editor start time for /Game/ThirdPersonBP/Maps/UEDPIE_1_ThirdPersonExampleMap -0.671
[2016.11.21-01.09.11:247][964]PIE: New page: PIE session: ThirdPersonExampleMap (Nov 21, 2016, 7:09:11 PM)
[2016.11.21-01.09.11:304][964]LogNet: Browse: 127.0.0.1//Game/ThirdPersonBP/Maps/ThirdPersonExampleMap
[2016.11.21-01.09.11:304][964]LogInit: WinSock: Socket queue 32768 / 32768
[2016.11.21-01.09.11:306][964]PacketHandlerLog: Loaded PacketHandler component: Engine.EngineHandlerComponentFactory (StatelessConnectHandlerComponent)
[2016.11.21-01.09.11:306][964]LogNet: Game client on port 7777, rate 10000
[2016.11.21-01.09.11:306][964]LogNetVersion: GetLocalNetworkVersion: CL: 3106830, ProjectName: tpsbuild_ljs, ProjectVersion: 1.0.0.0, EngineNetworkVersion: 1, GameNetworkVersion: 0, NetworkChecksum: 1681198476
[2016.11.21-01.09.11:306][964]LogNet: UPendingNetGame::InitNetDriver: Sending hello. [UNetConnection] RemoteAddr: 127.0.0.1:7777, Name: IpConnection_0, Driver: PendingNetDriver IpNetDriver_1, IsServer: NO, PC: NULL, Owner: NULL
[2016.11.21-01.09.11:310][964]PIE: Info Play in editor start time for /Game/ThirdPersonBP/Maps/ThirdPersonExampleMap -0.601
[2016.11.21-01.09.11:322][964]LogBlueprintUserMessages: Late PlayInEditor Detection: Level '/Game/ThirdPersonBP/Maps/ThirdPersonExampleMap.ThirdPersonExampleMap:PersistentLevel' has LevelScriptBlueprint '/Game/ThirdPersonBP/Maps/ThirdPersonExampleMap.ThirdPersonExampleMap:PersistentLevel.ThirdPersonExampleMap' with GeneratedClass '/Game/ThirdPersonBP/Maps/ThirdPersonExampleMap.ThirdPersonExampleMap_C' with ClassGeneratedBy '/Game/ThirdPersonBP/Maps/ThirdPersonExampleMap.ThirdPersonExampleMap:PersistentLevel.ThirdPersonExampleMap'
[2016.11.21-01.09.11:322][964]LogHandshake: SendConnectChallenge. Timestamp: 0.017052, Cookie: 217088255005187252005125240081098080188076079101255151221223
[2016.11.21-01.09.11:334][964]LogHandshake: SendChallengeResponse. Timestamp: 0.017052, Cookie: 217088255005187252005125240081098080188076079101255151221223
[2016.11.21-01.09.11:429][965]LogNet: Server accepting post-challenge connection from: 127.0.0.1:61056
[2016.11.21-01.09.11:429][965]PacketHandlerLog: Loaded PacketHandler component: Engine.EngineHandlerComponentFactory (StatelessConnectHandlerComponent)
[2016.11.21-01.09.11:429][965]LogNet: NotifyAcceptedConnection: Name: ThirdPersonExampleMap, TimeStamp: 11/21/16 10:09:11, [UNetConnection] RemoteAddr: 127.0.0.1:61056, Name: IpConnection_1, Driver: GameNetDriver IpNetDriver_0, IsServer: YES, PC: NULL, Owner: NULL
[2016.11.21-01.09.11:429][965]LogNet: AddClientConnection: Added client connection: [UNetConnection] RemoteAddr: 127.0.0.1:61056, Name: IpConnection_1, Driver: GameNetDriver IpNetDriver_0, IsServer: YES, PC: NULL, Owner: NULL
[2016.11.21-01.09.11:483][967]LogNet: NotifyAcceptingChannel Control 0 server World /Game/ThirdPersonBP/Maps/UEDPIE_1_ThirdPersonExampleMap.ThirdPersonExampleMap: Accepted
[2016.11.21-01.09.11:483][967]LogNet: Remote platform little endian=1
[2016.11.21-01.09.11:483][967]LogNet: This platform little endian=1
[2016.11.21-01.09.11:541][968]LogNet: Login request: /Game/ThirdPersonBP/Maps/ThirdPersonExampleMap userId: Invalid
[2016.11.21-01.09.11:542][968]LogNet: Welcomed by server (Level: /Game/ThirdPersonBP/Maps/UEDPIE_1_ThirdPersonExampleMap, Game: /Game/ThirdPersonBP/Blueprints/ThirdPersonGameMode.ThirdPersonGameMode_C)
[2016.11.21-01.09.11:542][968]LogLoad: LoadMap: 127.0.0.1//Game/ThirdPersonBP/Maps/UEDPIE_1_ThirdPersonExampleMap?game=/Game/ThirdPersonBP/Blueprints/ThirdPersonGameMode.ThirdPersonGameMode_C
[2016.11.21-01.09.11:570][968]Cmd: MEM
[2016.11.21-01.09.11:582][968]LogMemory: Platform Memory Stats for Windows
[2016.11.21-01.09.11:582][968]LogMemory: Process Physical Memory: 1854.09 MB used, 1939.62 MB peak
[2016.11.21-01.09.11:582][968]LogMemory: Process Virtual Memory: 2404.49 MB used, 2678.29 MB peak
[2016.11.21-01.09.11:582][968]LogMemory: Physical Memory: 7401.71 MB used, 16334.92 MB total
[2016.11.21-01.09.11:582][968]LogMemory: Virtual Memory: 3119.96 MB used, 8388608.00 MB total
[2016.11.21-01.09.11:582][968]LogMemory: 
[2016.11.21-01.09.11:582][968]Allocator Stats for TBB: (not implemented)
[2016.11.21-01.09.11:601][968]LogWorld: PIE: Copying PIE streaming level from /Game/ThirdPersonBP/Maps/ThirdPersonExampleMap.ThirdPersonExampleMap to /Game/ThirdPersonBP/Maps/UEDPIE_2_ThirdPersonExampleMap.ThirdPersonExampleMap. OwningWorld: <null>
[2016.11.21-01.09.11:602][968]LogAIModule: Creating AISystem for world ThirdPersonExampleMap
[2016.11.21-01.09.11:605][968]LogWorld: Bringing World /Game/ThirdPersonBP/Maps/UEDPIE_2_ThirdPersonExampleMap.ThirdPersonExampleMap up for play (max tick rate 0) at 2016.11.21-10.09.11
[2016.11.21-01.09.11:605][968]LogWorld: Bringing up level for play took: 0.002471
[2016.11.21-01.09.11:605][968]LogLoad: Took 0.063205 seconds to LoadMap(/Game/ThirdPersonBP/Maps/UEDPIE_1_ThirdPersonExampleMap)
[2016.11.21-01.09.11:622][969]LogNet: Client netspeed is 10000
[2016.11.21-01.09.11:622][969]LogNet: Join request: /Game/ThirdPersonBP/Maps/ThirdPersonExampleMap?SplitscreenCount=1
[2016.11.21-01.09.11:625][969]LogNet: Join succeeded: 257
[2016.11.21-01.09.59:723][718]LogBlueprintUserMessages: Early EndPlayMap Detection: Level '/Game/ThirdPersonBP/Maps/ThirdPersonExampleMap.ThirdPersonExampleMap:PersistentLevel' has LevelScriptBlueprint '/Game/ThirdPersonBP/Maps/ThirdPersonExampleMap.ThirdPersonExampleMap:PersistentLevel.ThirdPersonExampleMap' with GeneratedClass '/Game/ThirdPersonBP/Maps/ThirdPersonExampleMap.ThirdPersonExampleMap_C' with ClassGeneratedBy '/Game/ThirdPersonBP/Maps/ThirdPersonExampleMap.ThirdPersonExampleMap:PersistentLevel.ThirdPersonExampleMap'
[2016.11.21-01.09.59:890][718]LogBlueprintUserMessages: Late EndPlayMap Detection: Level '/Game/ThirdPersonBP/Maps/ThirdPersonExampleMap.ThirdPersonExampleMap:PersistentLevel' has LevelScriptBlueprint '/Game/ThirdPersonBP/Maps/ThirdPersonExampleMap.ThirdPersonExampleMap:PersistentLevel.ThirdPersonExampleMap' with GeneratedClass '/Game/ThirdPersonBP/Maps/ThirdPersonExampleMap.ThirdPersonExampleMap_C' with ClassGeneratedBy '/Game/ThirdPersonBP/Maps/ThirdPersonExampleMap.ThirdPersonExampleMap:PersistentLevel.ThirdPersonExampleMap'
[2016.11.21-01.09.59:901][718]LogNet: UChannel::CleanUp: ChIndex == 0. Closing connection. [UChannel] ChIndex: 0, Closing: 0 [UNetConnection] RemoteAddr: 127.0.0.1:61056, Name: IpConnection_1, Driver: GameNetDriver IpNetDriver_0, IsServer: YES, PC: None, Owner: None
[2016.11.21-01.09.59:901][718]LogNet: UNetConnection::Close: [UNetConnection] RemoteAddr: 127.0.0.1:61056, Name: IpConnection_1, Driver: GameNetDriver IpNetDriver_0, IsServer: YES, PC: None, Owner: None, Channels: 2, Time: 2016.11.21-01.09.59
[2016.11.21-01.09.59:901][718]LogNet: UChannel::Close: Sending CloseBunch. ChIndex == 0. Name: [UChannel] ChIndex: 0, Closing: 0 [UNetConnection] RemoteAddr: 127.0.0.1:61056, Name: IpConnection_1, Driver: GameNetDriver IpNetDriver_0, IsServer: YES, PC: None, Owner: None
[2016.11.21-01.09.59:901][718]LogNet: UChannel::CleanUp: ChIndex == 0. Closing connection. [UChannel] ChIndex: 0, Closing: 0 [UNetConnection] RemoteAddr: 127.0.0.1:7777, Name: IpConnection_0, Driver: GameNetDriver IpNetDriver_1, IsServer: NO, PC: None, Owner: None
[2016.11.21-01.09.59:901][718]LogNet: UNetConnection::Close: [UNetConnection] RemoteAddr: 127.0.0.1:7777, Name: IpConnection_0, Driver: GameNetDriver IpNetDriver_1, IsServer: NO, PC: None, Owner: None, Channels: 2, Time: 2016.11.21-01.09.59
[2016.11.21-01.09.59:901][718]LogNet: UChannel::Close: Sending CloseBunch. ChIndex == 0. Name: [UChannel] ChIndex: 0, Closing: 0 [UNetConnection] RemoteAddr: 127.0.0.1:7777, Name: IpConnection_0, Driver: GameNetDriver IpNetDriver_1, IsServer: NO, PC: None, Owner: None
[2016.11.21-01.09.59:903][718]LogExit: GameNetDriver None shut down
[2016.11.21-01.09.59:903][718]LogExit: GameNetDriver None shut down
[2016.11.21-01.24.53:603][855]LogLinker:Warning: Asset 'D:/Wifun_작업문서 이정상/MyOwnUnrealProjects/TPSBuild_LJS/Content/Character/MODEL/WEAPON/PC_Weapon/M4A1/Mesh/W_C_M4A1.uasset' has been saved with empty engine version. The asset will be loaded but may be incompatible.
[2016.11.21-01.24.53:603][855]LogLinker:Warning: Asset 'D:/Wifun_작업문서 이정상/MyOwnUnrealProjects/TPSBuild_LJS/Content/Character/MODEL/WEAPON/PC_Weapon/M4A1/Mat/Weapon_Parent_Inst.uasset' has been saved with empty engine version. The asset will be loaded but may be incompatible.
[2016.11.21-01.24.53:604][855]LogLinker:Warning: Asset 'D:/Wifun_작업문서 이정상/MyOwnUnrealProjects/TPSBuild_LJS/Content/Character/Common/Material/Weapon_Parent.uasset' has been saved with empty engine version. The asset will be loaded but may be incompatible.
[2016.11.21-01.24.53:608][855]LogLinker:Warning: Asset 'D:/Wifun_작업문서 이정상/MyOwnUnrealProjects/TPSBuild_LJS/Content/Materials/CustomizedUVOfFakeDirectionalLight.uasset' has been saved with empty engine version. The asset will be loaded but may be incompatible.
[2016.11.21-01.24.53:609][855]LogLinker:Warning: Asset 'D:/Wifun_작업문서 이정상/MyOwnUnrealProjects/TPSBuild_LJS/Content/Materials/FakeDirectionalLight.uasset' has been saved with empty engine version. The asset will be loaded but may be incompatible.
[2016.11.21-01.24.53:611][855]LogLinker:Warning: Asset 'D:/Wifun_작업문서 이정상/MyOwnUnrealProjects/TPSBuild_LJS/Content/Materials/GlobalMaterialParameterCollection.uasset' has been saved with empty engine version. The asset will be loaded but may be incompatible.
[2016.11.21-01.24.53:612][855]LogLinker:Warning: Asset 'D:/Wifun_작업문서 이정상/MyOwnUnrealProjects/TPSBuild_LJS/Content/Character/Common/Material/Check_D.uasset' has been saved with empty engine version. The asset will be loaded but may be incompatible.
[2016.11.21-01.24.53:612][855]LogLinker:Warning: Asset 'D:/Wifun_작업문서 이정상/MyOwnUnrealProjects/TPSBuild_LJS/Content/Character/Common/Material/Check_N.uasset' has been saved with empty engine version. The asset will be loaded but may be incompatible.
[2016.11.21-01.24.53:612][855]LogLinker:Warning: Asset 'D:/Wifun_작업문서 이정상/MyOwnUnrealProjects/TPSBuild_LJS/Content/Character/Common/Material/CubemapFace1.uasset' has been saved with empty engine version. The asset will be loaded but may be incompatible.
[2016.11.21-01.24.53:614][855]LogLinker:Warning: Asset 'D:/Wifun_작업문서 이정상/MyOwnUnrealProjects/TPSBuild_LJS/Content/Character/MODEL/WEAPON/PC_Weapon/M4A1/Texture/M4_D.uasset' has been saved with empty engine version. The asset will be loaded but may be incompatible.
[2016.11.21-01.24.53:615][855]LogLinker:Warning: Asset 'D:/Wifun_작업문서 이정상/MyOwnUnrealProjects/TPSBuild_LJS/Content/Character/MODEL/WEAPON/PC_Weapon/M4A1/Texture/M4_N_RE.uasset' has been saved with empty engine version. The asset will be loaded but may be incompatible.
[2016.11.21-01.24.53:615][855]LogLinker:Warning: Asset 'D:/Wifun_작업문서 이정상/MyOwnUnrealProjects/TPSBuild_LJS/Content/Character/MODEL/WEAPON/PC_Weapon/M4A1/Texture/M4_S.uasset' has been saved with empty engine version. The asset will be loaded but may be incompatible.
[2016.11.21-01.24.53:618][855]LogWindows: Windows GetLastError: 작업을 완료했습니다. (0)
[2016.11.21-01.24.54:703][855]LogCrashTracker: 


[2016.11.21-01.24.54:703][855]LogCrashTracker: 


[2016.11.21-01.24.54:703][855]LogWindows:Error: === Critical error: ===
[2016.11.21-01.24.54:703][855]LogWindows:Error: 
[2016.11.21-01.24.54:703][855]LogWindows:Error: Fatal error: [File:D:\Build\++UE4+Release-4.13+Compile\Sync\Engine\Source\Runtime\CoreUObject\Private\UObject\LinkerLoad.cpp] [Line: 3472] 
[2016.11.21-01.24.54:703][855]LogWindows:Error: StaticMesh /Game/Character/MODEL/WEAPON/PC_Weapon/M4A1/Mesh/W_C_M4A1.W_C_M4A1: Serial size mismatch: Got 6525, Expected 6541
[2016.11.21-01.24.54:703][855]LogWindows:Error: 
[2016.11.21-01.24.54:703][855]LogWindows:Error: 
[2016.11.21-01.24.54:703][855]LogWindows:Error: KERNELBASE.dll
[2016.11.21-01.24.54:703][855]LogWindows:Error: UE4Editor-Core.dll
[2016.11.21-01.24.54:703][855]LogWindows:Error: UE4Editor-Core.dll
[2016.11.21-01.24.54:703][855]LogWindows:Error: UE4Editor-Core.dll
[2016.11.21-01.24.54:703][855]LogWindows:Error: UE4Editor-CoreUObject.dll
[2016.11.21-01.24.54:703][855]LogWindows:Error: UE4Editor-CoreUObject.dll
[2016.11.21-01.24.54:703][855]LogWindows:Error: UE4Editor-CoreUObject.dll
[2016.11.21-01.24.54:703][855]LogWindows:Error: UE4Editor-CoreUObject.dll
[2016.11.21-01.24.54:703][855]LogWindows:Error: UE4Editor-CoreUObject.dll
[2016.11.21-01.24.54:703][855]LogWindows:Error: UE4Editor-CoreUObject.dll
[2016.11.21-01.24.54:703][855]LogWindows:Error: UE4Editor-CoreUObject.dll
[2016.11.21-01.24.54:703][855]LogWindows:Error: UE4Editor-ContentBrowser.dll
[2016.11.21-01.24.54:703][855]LogWindows:Error: UE4Editor-ContentBrowser.dll
[2016.11.21-01.24.54:703][855]LogWindows:Error: UE4Editor-ContentBrowser.dll
[2016.11.21-01.24.54:703][855]LogWindows:Error: UE4Editor-ContentBrowser.dll
[2016.11.21-01.24.54:703][855]LogWindows:Error: UE4Editor-ContentBrowser.dll
[2016.11.21-01.24.54:703][855]LogWindows:Error: UE4Editor-ContentBrowser.dll
[2016.11.21-01.24.54:703][855]LogWindows:Error: UE4Editor-ContentBrowser.dll
[2016.11.21-01.24.54:703][855]LogWindows:Error: UE4Editor-ContentBrowser.dll
[2016.11.21-01.24.54:703][855]LogWindows:Error: UE4Editor-ContentBrowser.dll
[2016.11.21-01.24.54:703][855]LogWindows:Error: UE4Editor-ContentBrowser.dll
[2016.11.21-01.24.54:703][855]LogWindows:Error: UE4Editor-ContentBrowser.dll
[2016.11.21-01.24.54:703][855]LogWindows:Error: UE4Editor-Slate.dll
[2016.11.21-01.24.54:703][855]LogWindows:Error: UE4Editor-Slate.dll
[2016.11.21-01.24.54:703][855]LogWindows:Error: UE4Editor-Slate.dll
[2016.11.21-01.24.54:703][855]LogWindows:Error: UE4Editor-Slate.dll
[2016.11.21-01.24.54:703][855]LogWindows:Error: UE4Editor-Slate.dll
[2016.11.21-01.24.54:703][855]LogWindows:Error: UE4Editor-Core.dll
[2016.11.21-01.24.54:703][855]LogWindows:Error: UE4Editor-Core.dll
[2016.11.21-01.24.54:703][855]LogWindows:Error: UE4Editor-Core.dll
[2016.11.21-01.24.54:703][855]LogWindows:Error: UE4Editor-Core.dll
[2016.11.21-01.24.54:703][855]LogWindows:Error: USER32.dll
[2016.11.21-01.24.54:703][855]LogWindows:Error: USER32.dll
[2016.11.21-01.24.54:703][855]LogWindows:Error: UE4Editor-Core.dll
[2016.11.21-01.24.54:703][855]LogWindows:Error: UE4Editor.exe
[2016.11.21-01.24.54:703][855]LogWindows:Error: UE4Editor.exe
[2016.11.21-01.24.54:703][855]LogWindows:Error: UE4Editor.exe
[2016.11.21-01.24.54:703][855]LogWindows:Error: UE4Editor.exe
[2016.11.21-01.24.54:703][855]LogWindows:Error: UE4Editor.exe
[2016.11.21-01.24.54:703][855]LogWindows:Error: kernel32.dll
[2016.11.21-01.24.54:703][855]LogWindows:Error: ntdll.dll
[2016.11.21-01.24.54:703][855]LogWindows:Error: ntdll.dll
[2016.11.21-01.24.54:703][855]LogWindows:Error: 
[2016.11.21-01.24.54:720][855]LogExit: Executing StaticShutdownAfterError
[2016.11.21-01.24.54:733][855]LogWindows: FPlatformMisc::RequestExit(1)
[2016.11.21-01.24.54:734][855]Log file closed, 11/21/16 10:24:54
